[0.007s] Invoking command in '/home/sebastianchu/code/ros2_tutorial/ros2_ws_tutorial/build/cpp_parameters': CMAKE_PREFIX_PATH=${CMAKE_PREFIX_PATH}:/home/sebastianchu/ros2_ws/install/serial_comm:/home/sebastianchu/ros2_ws/install/send_target_joint_degrees:/home/sebastianchu/ros2_ws/install/karura_arm_description:/opt/ros/humble /usr/bin/cmake /home/sebastianchu/code/ros2_tutorial/ros2_ws_tutorial/src/cpp_parameters -DCMAKE_INSTALL_PREFIX=/home/sebastianchu/code/ros2_tutorial/ros2_ws_tutorial/install/cpp_parameters
[0.014s] -- Found ament_cmake: 1.3.11 (/opt/ros/humble/share/ament_cmake/cmake)
[0.101s] -- Found rclcpp: 16.0.11 (/opt/ros/humble/share/rclcpp/cmake)
[0.120s] -- Found rosidl_generator_c: 3.1.6 (/opt/ros/humble/share/rosidl_generator_c/cmake)
[0.122s] -- Found rosidl_adapter: 3.1.6 (/opt/ros/humble/share/rosidl_adapter/cmake)
[0.126s] -- Found rosidl_generator_cpp: 3.1.6 (/opt/ros/humble/share/rosidl_generator_cpp/cmake)
[0.132s] -- Using all available rosidl_typesupport_c: rosidl_typesupport_fastrtps_c;rosidl_typesupport_introspection_c
[0.141s] -- Using all available rosidl_typesupport_cpp: rosidl_typesupport_fastrtps_cpp;rosidl_typesupport_introspection_cpp
[0.162s] -- Found rmw_implementation_cmake: 6.1.2 (/opt/ros/humble/share/rmw_implementation_cmake/cmake)
[0.164s] -- Found rmw_fastrtps_cpp: 6.2.7 (/opt/ros/humble/share/rmw_fastrtps_cpp/cmake)
[0.234s] -- Using RMW implementation 'rmw_fastrtps_cpp' as default
[0.310s] -- Configuring done
[0.312s] [31mCMake Error at CMakeLists.txt:12 (add_executable):
[0.312s]   Cannot find source file:
[0.312s] 
[0.312s]     src/cpp_paramters_node.cpp
[0.312s] 
[0.312s]   Tried extensions .c .C .c++ .cc .cpp .cxx .cu .mpp .m .M .mm .ixx .cppm .h
[0.312s]   .hh .h++ .hm .hpp .hxx .in .txx .f .F .for .f77 .f90 .f95 .f03 .hip .ispc
[0.312s] 
[0.312s] [0m
[0.312s] [31mCMake Error at CMakeLists.txt:12 (add_executable):
[0.312s]   No SOURCES given to target: minimal_param_node
[0.312s] 
[0.312s] [0m
[0.312s] [0mCMake Generate step failed.  Build files cannot be regenerated correctly.[0m
[0.317s] Invoked command in '/home/sebastianchu/code/ros2_tutorial/ros2_ws_tutorial/build/cpp_parameters' returned '1': CMAKE_PREFIX_PATH=${CMAKE_PREFIX_PATH}:/home/sebastianchu/ros2_ws/install/serial_comm:/home/sebastianchu/ros2_ws/install/send_target_joint_degrees:/home/sebastianchu/ros2_ws/install/karura_arm_description:/opt/ros/humble /usr/bin/cmake /home/sebastianchu/code/ros2_tutorial/ros2_ws_tutorial/src/cpp_parameters -DCMAKE_INSTALL_PREFIX=/home/sebastianchu/code/ros2_tutorial/ros2_ws_tutorial/install/cpp_parameters
