[0.007s] Invoking command in '/home/sebastianchu/code/ros2_tutorial/ros2_ws_tutorials/build/articubot_one': CMAKE_PREFIX_PATH=${CMAKE_PREFIX_PATH}:/home/sebastianchu/ros2_ws/install/serial_comm:/home/sebastianchu/ros2_ws/install/send_target_joint_degrees:/home/sebastianchu/ros2_ws/install/karura_arm_description:/opt/ros/humble /usr/bin/cmake /home/sebastianchu/code/ros2_tutorial/ros2_ws_tutorials/src/articubot_one -DAMENT_CMAKE_SYMLINK_INSTALL=1 -DCMAKE_INSTALL_PREFIX=/home/sebastianchu/code/ros2_tutorial/ros2_ws_tutorials/install/articubot_one
[0.067s] -- The C compiler identification is GNU 11.4.0
[0.116s] -- The CXX compiler identification is GNU 11.4.0
[0.120s] -- Detecting C compiler ABI info
[0.168s] -- Detecting C compiler ABI info - done
[0.173s] -- Check for working C compiler: /usr/bin/cc - skipped
[0.173s] -- Detecting C compile features
[0.173s] -- Detecting C compile features - done
[0.175s] -- Detecting CXX compiler ABI info
[0.230s] -- Detecting CXX compiler ABI info - done
[0.236s] -- Check for working CXX compiler: /usr/bin/c++ - skipped
[0.236s] -- Detecting CXX compile features
[0.236s] -- Detecting CXX compile features - done
[0.238s] -- Found ament_cmake: 1.3.11 (/opt/ros/humble/share/ament_cmake/cmake)
[0.347s] -- Found Python3: /usr/bin/python3 (found version "3.10.12") found components: Interpreter 
[0.390s] -- Override CMake install command with custom implementation using symlinks instead of copying resources
[0.413s] -- Found ament_lint_auto: 0.12.11 (/opt/ros/humble/share/ament_lint_auto/cmake)
[0.481s] -- Added test 'copyright' to check source files copyright and LICENSE
[0.482s] -- Added test 'flake8' to check Python code syntax and style conventions
[0.483s] -- Added test 'lint_cmake' to check CMake code style
[0.483s] -- Added test 'pep257' to check Python code against some of the docstring style conventions in PEP 257
[0.484s] -- Added test 'xmllint' to check XML markup files
[0.486s] -- Configuring done
[0.488s] -- Generating done
[0.489s] -- Build files have been written to: /home/sebastianchu/code/ros2_tutorial/ros2_ws_tutorials/build/articubot_one
[0.494s] Invoked command in '/home/sebastianchu/code/ros2_tutorial/ros2_ws_tutorials/build/articubot_one' returned '0': CMAKE_PREFIX_PATH=${CMAKE_PREFIX_PATH}:/home/sebastianchu/ros2_ws/install/serial_comm:/home/sebastianchu/ros2_ws/install/send_target_joint_degrees:/home/sebastianchu/ros2_ws/install/karura_arm_description:/opt/ros/humble /usr/bin/cmake /home/sebastianchu/code/ros2_tutorial/ros2_ws_tutorials/src/articubot_one -DAMENT_CMAKE_SYMLINK_INSTALL=1 -DCMAKE_INSTALL_PREFIX=/home/sebastianchu/code/ros2_tutorial/ros2_ws_tutorials/install/articubot_one
[0.495s] Invoking command in '/home/sebastianchu/code/ros2_tutorial/ros2_ws_tutorials/build/articubot_one': CMAKE_PREFIX_PATH=${CMAKE_PREFIX_PATH}:/home/sebastianchu/ros2_ws/install/serial_comm:/home/sebastianchu/ros2_ws/install/send_target_joint_degrees:/home/sebastianchu/ros2_ws/install/karura_arm_description:/opt/ros/humble /usr/bin/cmake --build /home/sebastianchu/code/ros2_tutorial/ros2_ws_tutorials/build/articubot_one -- -j8 -l8
[0.524s] Invoked command in '/home/sebastianchu/code/ros2_tutorial/ros2_ws_tutorials/build/articubot_one' returned '0': CMAKE_PREFIX_PATH=${CMAKE_PREFIX_PATH}:/home/sebastianchu/ros2_ws/install/serial_comm:/home/sebastianchu/ros2_ws/install/send_target_joint_degrees:/home/sebastianchu/ros2_ws/install/karura_arm_description:/opt/ros/humble /usr/bin/cmake --build /home/sebastianchu/code/ros2_tutorial/ros2_ws_tutorials/build/articubot_one -- -j8 -l8
[0.532s] Invoking command in '/home/sebastianchu/code/ros2_tutorial/ros2_ws_tutorials/build/articubot_one': CMAKE_PREFIX_PATH=${CMAKE_PREFIX_PATH}:/home/sebastianchu/ros2_ws/install/serial_comm:/home/sebastianchu/ros2_ws/install/send_target_joint_degrees:/home/sebastianchu/ros2_ws/install/karura_arm_description:/opt/ros/humble /usr/bin/cmake --install /home/sebastianchu/code/ros2_tutorial/ros2_ws_tutorials/build/articubot_one
[0.538s] -- Install configuration: ""
[0.538s] -- Execute custom install script
[0.538s] -- Symlinking: /home/sebastianchu/code/ros2_tutorial/ros2_ws_tutorials/install/articubot_one/share/articubot_one/config/empty.yaml
[0.546s] -- Symlinking: /home/sebastianchu/code/ros2_tutorial/ros2_ws_tutorials/install/articubot_one/share/articubot_one/config/view_bot.rviz
[0.554s] -- Symlinking: /home/sebastianchu/code/ros2_tutorial/ros2_ws_tutorials/install/articubot_one/share/articubot_one/description/inertial_macros.xacro
[0.561s] -- Symlinking: /home/sebastianchu/code/ros2_tutorial/ros2_ws_tutorials/install/articubot_one/share/articubot_one/description/robot.urdf.xacro
[0.569s] -- Symlinking: /home/sebastianchu/code/ros2_tutorial/ros2_ws_tutorials/install/articubot_one/share/articubot_one/description/robot_core.xacro
[0.576s] -- Symlinking: /home/sebastianchu/code/ros2_tutorial/ros2_ws_tutorials/install/articubot_one/share/articubot_one/launch/rsp.launch.py
[0.582s] -- Symlinking: /home/sebastianchu/code/ros2_tutorial/ros2_ws_tutorials/install/articubot_one/share/articubot_one/worlds/empty.world
[0.588s] -- Symlinking: /home/sebastianchu/code/ros2_tutorial/ros2_ws_tutorials/install/articubot_one/share/ament_index/resource_index/package_run_dependencies/articubot_one
[0.594s] -- Symlinking: /home/sebastianchu/code/ros2_tutorial/ros2_ws_tutorials/install/articubot_one/share/ament_index/resource_index/parent_prefix_path/articubot_one
[0.599s] -- Symlinking: /home/sebastianchu/code/ros2_tutorial/ros2_ws_tutorials/install/articubot_one/share/articubot_one/environment/ament_prefix_path.sh
[0.605s] -- Symlinking: /home/sebastianchu/code/ros2_tutorial/ros2_ws_tutorials/install/articubot_one/share/articubot_one/environment/ament_prefix_path.dsv
[0.612s] -- Symlinking: /home/sebastianchu/code/ros2_tutorial/ros2_ws_tutorials/install/articubot_one/share/articubot_one/environment/path.sh
[0.618s] -- Symlinking: /home/sebastianchu/code/ros2_tutorial/ros2_ws_tutorials/install/articubot_one/share/articubot_one/environment/path.dsv
[0.623s] -- Symlinking: /home/sebastianchu/code/ros2_tutorial/ros2_ws_tutorials/install/articubot_one/share/articubot_one/local_setup.bash
[0.629s] -- Symlinking: /home/sebastianchu/code/ros2_tutorial/ros2_ws_tutorials/install/articubot_one/share/articubot_one/local_setup.sh
[0.635s] -- Symlinking: /home/sebastianchu/code/ros2_tutorial/ros2_ws_tutorials/install/articubot_one/share/articubot_one/local_setup.zsh
[0.641s] -- Symlinking: /home/sebastianchu/code/ros2_tutorial/ros2_ws_tutorials/install/articubot_one/share/articubot_one/local_setup.dsv
[0.648s] -- Symlinking: /home/sebastianchu/code/ros2_tutorial/ros2_ws_tutorials/install/articubot_one/share/articubot_one/package.dsv
[0.655s] -- Symlinking: /home/sebastianchu/code/ros2_tutorial/ros2_ws_tutorials/install/articubot_one/share/ament_index/resource_index/packages/articubot_one
[0.661s] -- Symlinking: /home/sebastianchu/code/ros2_tutorial/ros2_ws_tutorials/install/articubot_one/share/articubot_one/cmake/articubot_oneConfig.cmake
[0.667s] -- Symlinking: /home/sebastianchu/code/ros2_tutorial/ros2_ws_tutorials/install/articubot_one/share/articubot_one/cmake/articubot_oneConfig-version.cmake
[0.673s] -- Symlinking: /home/sebastianchu/code/ros2_tutorial/ros2_ws_tutorials/install/articubot_one/share/articubot_one/package.xml
[0.680s] Invoked command in '/home/sebastianchu/code/ros2_tutorial/ros2_ws_tutorials/build/articubot_one' returned '0': CMAKE_PREFIX_PATH=${CMAKE_PREFIX_PATH}:/home/sebastianchu/ros2_ws/install/serial_comm:/home/sebastianchu/ros2_ws/install/send_target_joint_degrees:/home/sebastianchu/ros2_ws/install/karura_arm_description:/opt/ros/humble /usr/bin/cmake --install /home/sebastianchu/code/ros2_tutorial/ros2_ws_tutorials/build/articubot_one
