[0.009s] Invoking command in '/home/sebastianchu/code/ros2_tutorial/ros2_ws_tutorial/build/articubot_one': CMAKE_PREFIX_PATH=${CMAKE_PREFIX_PATH}:/home/sebastianchu/ros2_ws/install/serial_comm:/home/sebastianchu/ros2_ws/install/send_target_joint_degrees:/home/sebastianchu/ros2_ws/install/karura_arm_description:/opt/ros/humble /usr/bin/cmake /home/sebastianchu/code/ros2_tutorial/ros2_ws_tutorial/src/articubot_one -DAMENT_CMAKE_SYMLINK_INSTALL=1 -DCMAKE_INSTALL_PREFIX=/home/sebastianchu/code/ros2_tutorial/ros2_ws_tutorial/install/articubot_one
[0.073s] -- The C compiler identification is GNU 11.4.0
[0.117s] -- The CXX compiler identification is GNU 11.4.0
[0.123s] -- Detecting C compiler ABI info
[0.182s] -- Detecting C compiler ABI info - done
[0.187s] -- Check for working C compiler: /usr/bin/cc - skipped
[0.187s] -- Detecting C compile features
[0.188s] -- Detecting C compile features - done
[0.190s] -- Detecting CXX compiler ABI info
[0.256s] -- Detecting CXX compiler ABI info - done
[0.262s] -- Check for working CXX compiler: /usr/bin/c++ - skipped
[0.262s] -- Detecting CXX compile features
[0.262s] -- Detecting CXX compile features - done
[0.264s] -- Found ament_cmake: 1.3.11 (/opt/ros/humble/share/ament_cmake/cmake)
[0.385s] -- Found Python3: /usr/bin/python3 (found version "3.10.12") found components: Interpreter 
[0.431s] -- Override CMake install command with custom implementation using symlinks instead of copying resources
[0.453s] -- Found ament_lint_auto: 0.12.11 (/opt/ros/humble/share/ament_lint_auto/cmake)
[0.524s] -- Added test 'copyright' to check source files copyright and LICENSE
[0.524s] -- Added test 'flake8' to check Python code syntax and style conventions
[0.525s] -- Added test 'lint_cmake' to check CMake code style
[0.525s] -- Added test 'pep257' to check Python code against some of the docstring style conventions in PEP 257
[0.526s] -- Added test 'xmllint' to check XML markup files
[0.527s] -- Configuring done
[0.529s] -- Generating done
[0.531s] -- Build files have been written to: /home/sebastianchu/code/ros2_tutorial/ros2_ws_tutorial/build/articubot_one
[0.537s] Invoked command in '/home/sebastianchu/code/ros2_tutorial/ros2_ws_tutorial/build/articubot_one' returned '0': CMAKE_PREFIX_PATH=${CMAKE_PREFIX_PATH}:/home/sebastianchu/ros2_ws/install/serial_comm:/home/sebastianchu/ros2_ws/install/send_target_joint_degrees:/home/sebastianchu/ros2_ws/install/karura_arm_description:/opt/ros/humble /usr/bin/cmake /home/sebastianchu/code/ros2_tutorial/ros2_ws_tutorial/src/articubot_one -DAMENT_CMAKE_SYMLINK_INSTALL=1 -DCMAKE_INSTALL_PREFIX=/home/sebastianchu/code/ros2_tutorial/ros2_ws_tutorial/install/articubot_one
[0.537s] Invoking command in '/home/sebastianchu/code/ros2_tutorial/ros2_ws_tutorial/build/articubot_one': CMAKE_PREFIX_PATH=${CMAKE_PREFIX_PATH}:/home/sebastianchu/ros2_ws/install/serial_comm:/home/sebastianchu/ros2_ws/install/send_target_joint_degrees:/home/sebastianchu/ros2_ws/install/karura_arm_description:/opt/ros/humble /usr/bin/cmake --build /home/sebastianchu/code/ros2_tutorial/ros2_ws_tutorial/build/articubot_one -- -j8 -l8
[0.566s] Invoked command in '/home/sebastianchu/code/ros2_tutorial/ros2_ws_tutorial/build/articubot_one' returned '0': CMAKE_PREFIX_PATH=${CMAKE_PREFIX_PATH}:/home/sebastianchu/ros2_ws/install/serial_comm:/home/sebastianchu/ros2_ws/install/send_target_joint_degrees:/home/sebastianchu/ros2_ws/install/karura_arm_description:/opt/ros/humble /usr/bin/cmake --build /home/sebastianchu/code/ros2_tutorial/ros2_ws_tutorial/build/articubot_one -- -j8 -l8
[0.574s] Invoking command in '/home/sebastianchu/code/ros2_tutorial/ros2_ws_tutorial/build/articubot_one': CMAKE_PREFIX_PATH=${CMAKE_PREFIX_PATH}:/home/sebastianchu/ros2_ws/install/serial_comm:/home/sebastianchu/ros2_ws/install/send_target_joint_degrees:/home/sebastianchu/ros2_ws/install/karura_arm_description:/opt/ros/humble /usr/bin/cmake --install /home/sebastianchu/code/ros2_tutorial/ros2_ws_tutorial/build/articubot_one
[0.579s] -- Install configuration: ""
[0.579s] -- Execute custom install script
[0.580s] -- Symlinking: /home/sebastianchu/code/ros2_tutorial/ros2_ws_tutorial/install/articubot_one/share/articubot_one/config/empty.yaml
[0.587s] -- Symlinking: /home/sebastianchu/code/ros2_tutorial/ros2_ws_tutorial/install/articubot_one/share/articubot_one/config/view_bot.rviz
[0.595s] -- Symlinking: /home/sebastianchu/code/ros2_tutorial/ros2_ws_tutorial/install/articubot_one/share/articubot_one/description/inertial_macros.xacro
[0.601s] -- Symlinking: /home/sebastianchu/code/ros2_tutorial/ros2_ws_tutorial/install/articubot_one/share/articubot_one/description/robot.urdf.xacro
[0.606s] -- Symlinking: /home/sebastianchu/code/ros2_tutorial/ros2_ws_tutorial/install/articubot_one/share/articubot_one/description/robot_core.xacro
[0.613s] -- Symlinking: /home/sebastianchu/code/ros2_tutorial/ros2_ws_tutorial/install/articubot_one/share/articubot_one/launch/rsp.launch.py
[0.621s] -- Symlinking: /home/sebastianchu/code/ros2_tutorial/ros2_ws_tutorial/install/articubot_one/share/articubot_one/worlds/empty.world
[0.629s] -- Symlinking: /home/sebastianchu/code/ros2_tutorial/ros2_ws_tutorial/install/articubot_one/share/ament_index/resource_index/package_run_dependencies/articubot_one
[0.636s] -- Symlinking: /home/sebastianchu/code/ros2_tutorial/ros2_ws_tutorial/install/articubot_one/share/ament_index/resource_index/parent_prefix_path/articubot_one
[0.644s] -- Symlinking: /home/sebastianchu/code/ros2_tutorial/ros2_ws_tutorial/install/articubot_one/share/articubot_one/environment/ament_prefix_path.sh
[0.653s] -- Symlinking: /home/sebastianchu/code/ros2_tutorial/ros2_ws_tutorial/install/articubot_one/share/articubot_one/environment/ament_prefix_path.dsv
[0.661s] -- Symlinking: /home/sebastianchu/code/ros2_tutorial/ros2_ws_tutorial/install/articubot_one/share/articubot_one/environment/path.sh
[0.668s] -- Symlinking: /home/sebastianchu/code/ros2_tutorial/ros2_ws_tutorial/install/articubot_one/share/articubot_one/environment/path.dsv
[0.675s] -- Symlinking: /home/sebastianchu/code/ros2_tutorial/ros2_ws_tutorial/install/articubot_one/share/articubot_one/local_setup.bash
[0.683s] -- Symlinking: /home/sebastianchu/code/ros2_tutorial/ros2_ws_tutorial/install/articubot_one/share/articubot_one/local_setup.sh
[0.690s] -- Symlinking: /home/sebastianchu/code/ros2_tutorial/ros2_ws_tutorial/install/articubot_one/share/articubot_one/local_setup.zsh
[0.697s] -- Symlinking: /home/sebastianchu/code/ros2_tutorial/ros2_ws_tutorial/install/articubot_one/share/articubot_one/local_setup.dsv
[0.705s] -- Symlinking: /home/sebastianchu/code/ros2_tutorial/ros2_ws_tutorial/install/articubot_one/share/articubot_one/package.dsv
[0.711s] -- Symlinking: /home/sebastianchu/code/ros2_tutorial/ros2_ws_tutorial/install/articubot_one/share/ament_index/resource_index/packages/articubot_one
[0.717s] -- Symlinking: /home/sebastianchu/code/ros2_tutorial/ros2_ws_tutorial/install/articubot_one/share/articubot_one/cmake/articubot_oneConfig.cmake
[0.723s] -- Symlinking: /home/sebastianchu/code/ros2_tutorial/ros2_ws_tutorial/install/articubot_one/share/articubot_one/cmake/articubot_oneConfig-version.cmake
[0.730s] -- Symlinking: /home/sebastianchu/code/ros2_tutorial/ros2_ws_tutorial/install/articubot_one/share/articubot_one/package.xml
[0.739s] Invoked command in '/home/sebastianchu/code/ros2_tutorial/ros2_ws_tutorial/build/articubot_one' returned '0': CMAKE_PREFIX_PATH=${CMAKE_PREFIX_PATH}:/home/sebastianchu/ros2_ws/install/serial_comm:/home/sebastianchu/ros2_ws/install/send_target_joint_degrees:/home/sebastianchu/ros2_ws/install/karura_arm_description:/opt/ros/humble /usr/bin/cmake --install /home/sebastianchu/code/ros2_tutorial/ros2_ws_tutorial/build/articubot_one
