[1.040s] Invoking command in '/home/sebastianchu/code/ros2_tutorial/ros2_ws_tutorials/build/py_pubsub': PYTHONPATH=/home/sebastianchu/code/ros2_tutorial/ros2_ws_tutorials/build/py_pubsub/prefix_override:/usr/lib/python3/dist-packages/colcon_core/task/python/colcon_distutils_commands:/home/sebastianchu/code/ros2_tutorial/ros2_ws_tutorials/install/py_pubsub/lib/python3.10/site-packages:${PYTHONPATH} /usr/bin/python3 -W ignore:setup.py install is deprecated -W ignore:easy_install command is deprecated setup.py develop --editable --build-directory /home/sebastianchu/code/ros2_tutorial/ros2_ws_tutorials/build/py_pubsub/build --no-deps symlink_data
[1.296s] running develop
[1.453s] running egg_info
[1.454s] creating py_pubsub.egg-info
[1.454s] writing py_pubsub.egg-info/PKG-INFO
[1.454s] writing dependency_links to py_pubsub.egg-info/dependency_links.txt
[1.454s] writing entry points to py_pubsub.egg-info/entry_points.txt
[1.454s] writing requirements to py_pubsub.egg-info/requires.txt
[1.454s] writing top-level names to py_pubsub.egg-info/top_level.txt
[1.454s] writing manifest file 'py_pubsub.egg-info/SOURCES.txt'
[1.456s] reading manifest file 'py_pubsub.egg-info/SOURCES.txt'
[1.457s] writing manifest file 'py_pubsub.egg-info/SOURCES.txt'
[1.460s] running build_ext
[1.460s] Creating /home/sebastianchu/code/ros2_tutorial/ros2_ws_tutorials/install/py_pubsub/lib/python3.10/site-packages/py-pubsub.egg-link (link to .)
[1.461s] Installing listener script to /home/sebastianchu/code/ros2_tutorial/ros2_ws_tutorials/install/py_pubsub/lib/py_pubsub
[1.461s] Installing talker script to /home/sebastianchu/code/ros2_tutorial/ros2_ws_tutorials/install/py_pubsub/lib/py_pubsub
[1.461s] 
[1.461s] Installed /home/sebastianchu/code/ros2_tutorial/ros2_ws_tutorials/build/py_pubsub
[1.461s] running symlink_data
[1.461s] creating /home/sebastianchu/code/ros2_tutorial/ros2_ws_tutorials/install/py_pubsub/share/ament_index
[1.462s] creating /home/sebastianchu/code/ros2_tutorial/ros2_ws_tutorials/install/py_pubsub/share/ament_index/resource_index
[1.462s] creating /home/sebastianchu/code/ros2_tutorial/ros2_ws_tutorials/install/py_pubsub/share/ament_index/resource_index/packages
[1.462s] symbolically linking /home/sebastianchu/code/ros2_tutorial/ros2_ws_tutorials/build/py_pubsub/resource/py_pubsub -> /home/sebastianchu/code/ros2_tutorial/ros2_ws_tutorials/install/py_pubsub/share/ament_index/resource_index/packages
[1.462s] symbolically linking /home/sebastianchu/code/ros2_tutorial/ros2_ws_tutorials/build/py_pubsub/package.xml -> /home/sebastianchu/code/ros2_tutorial/ros2_ws_tutorials/install/py_pubsub/share/py_pubsub
[1.513s] Invoked command in '/home/sebastianchu/code/ros2_tutorial/ros2_ws_tutorials/build/py_pubsub' returned '0': PYTHONPATH=/home/sebastianchu/code/ros2_tutorial/ros2_ws_tutorials/build/py_pubsub/prefix_override:/usr/lib/python3/dist-packages/colcon_core/task/python/colcon_distutils_commands:/home/sebastianchu/code/ros2_tutorial/ros2_ws_tutorials/install/py_pubsub/lib/python3.10/site-packages:${PYTHONPATH} /usr/bin/python3 -W ignore:setup.py install is deprecated -W ignore:easy_install command is deprecated setup.py develop --editable --build-directory /home/sebastianchu/code/ros2_tutorial/ros2_ws_tutorials/build/py_pubsub/build --no-deps symlink_data
