[0.008s] Invoking command in '/home/sebastianchu/code/ros2_tutorial/ros2_ws_tutorial/build/cpp_parameters': CMAKE_PREFIX_PATH=${CMAKE_PREFIX_PATH}:/home/sebastianchu/ros2_ws/install/serial_comm:/home/sebastianchu/ros2_ws/install/send_target_joint_degrees:/home/sebastianchu/ros2_ws/install/karura_arm_description:/opt/ros/humble /usr/bin/cmake --build /home/sebastianchu/code/ros2_tutorial/ros2_ws_tutorial/build/cpp_parameters -- -j8 -l8
[0.036s] [35m[1mConsolidate compiler generated dependencies of target minimal_param_node[0m
[0.047s] [100%] Built target minimal_param_node
[0.054s] Invoked command in '/home/sebastianchu/code/ros2_tutorial/ros2_ws_tutorial/build/cpp_parameters' returned '0': CMAKE_PREFIX_PATH=${CMAKE_PREFIX_PATH}:/home/sebastianchu/ros2_ws/install/serial_comm:/home/sebastianchu/ros2_ws/install/send_target_joint_degrees:/home/sebastianchu/ros2_ws/install/karura_arm_description:/opt/ros/humble /usr/bin/cmake --build /home/sebastianchu/code/ros2_tutorial/ros2_ws_tutorial/build/cpp_parameters -- -j8 -l8
[0.060s] Invoking command in '/home/sebastianchu/code/ros2_tutorial/ros2_ws_tutorial/build/cpp_parameters': CMAKE_PREFIX_PATH=${CMAKE_PREFIX_PATH}:/home/sebastianchu/ros2_ws/install/serial_comm:/home/sebastianchu/ros2_ws/install/send_target_joint_degrees:/home/sebastianchu/ros2_ws/install/karura_arm_description:/opt/ros/humble /usr/bin/cmake --install /home/sebastianchu/code/ros2_tutorial/ros2_ws_tutorial/build/cpp_parameters
[0.065s] -- Install configuration: ""
[0.065s] -- Up-to-date: /home/sebastianchu/code/ros2_tutorial/ros2_ws_tutorial/install/cpp_parameters/lib/cpp_parameters/minimal_param_node
[0.065s] -- Up-to-date: /home/sebastianchu/code/ros2_tutorial/ros2_ws_tutorial/install/cpp_parameters/share/cpp_parameters/launch
[0.065s] -- Installing: /home/sebastianchu/code/ros2_tutorial/ros2_ws_tutorial/install/cpp_parameters/share/cpp_parameters/launch/cpp_parameters_launch.py
[0.065s] -- Up-to-date: /home/sebastianchu/code/ros2_tutorial/ros2_ws_tutorial/install/cpp_parameters/share/ament_index/resource_index/package_run_dependencies/cpp_parameters
[0.065s] -- Up-to-date: /home/sebastianchu/code/ros2_tutorial/ros2_ws_tutorial/install/cpp_parameters/share/ament_index/resource_index/parent_prefix_path/cpp_parameters
[0.065s] -- Up-to-date: /home/sebastianchu/code/ros2_tutorial/ros2_ws_tutorial/install/cpp_parameters/share/cpp_parameters/environment/ament_prefix_path.sh
[0.065s] -- Up-to-date: /home/sebastianchu/code/ros2_tutorial/ros2_ws_tutorial/install/cpp_parameters/share/cpp_parameters/environment/ament_prefix_path.dsv
[0.065s] -- Up-to-date: /home/sebastianchu/code/ros2_tutorial/ros2_ws_tutorial/install/cpp_parameters/share/cpp_parameters/environment/path.sh
[0.065s] -- Up-to-date: /home/sebastianchu/code/ros2_tutorial/ros2_ws_tutorial/install/cpp_parameters/share/cpp_parameters/environment/path.dsv
[0.066s] -- Up-to-date: /home/sebastianchu/code/ros2_tutorial/ros2_ws_tutorial/install/cpp_parameters/share/cpp_parameters/local_setup.bash
[0.066s] -- Up-to-date: /home/sebastianchu/code/ros2_tutorial/ros2_ws_tutorial/install/cpp_parameters/share/cpp_parameters/local_setup.sh
[0.066s] -- Up-to-date: /home/sebastianchu/code/ros2_tutorial/ros2_ws_tutorial/install/cpp_parameters/share/cpp_parameters/local_setup.zsh
[0.066s] -- Up-to-date: /home/sebastianchu/code/ros2_tutorial/ros2_ws_tutorial/install/cpp_parameters/share/cpp_parameters/local_setup.dsv
[0.066s] -- Installing: /home/sebastianchu/code/ros2_tutorial/ros2_ws_tutorial/install/cpp_parameters/share/cpp_parameters/package.dsv
[0.066s] -- Up-to-date: /home/sebastianchu/code/ros2_tutorial/ros2_ws_tutorial/install/cpp_parameters/share/ament_index/resource_index/packages/cpp_parameters
[0.066s] -- Up-to-date: /home/sebastianchu/code/ros2_tutorial/ros2_ws_tutorial/install/cpp_parameters/share/cpp_parameters/cmake/cpp_parametersConfig.cmake
[0.066s] -- Up-to-date: /home/sebastianchu/code/ros2_tutorial/ros2_ws_tutorial/install/cpp_parameters/share/cpp_parameters/cmake/cpp_parametersConfig-version.cmake
[0.066s] -- Up-to-date: /home/sebastianchu/code/ros2_tutorial/ros2_ws_tutorial/install/cpp_parameters/share/cpp_parameters/package.xml
[0.067s] Invoked command in '/home/sebastianchu/code/ros2_tutorial/ros2_ws_tutorial/build/cpp_parameters' returned '0': CMAKE_PREFIX_PATH=${CMAKE_PREFIX_PATH}:/home/sebastianchu/ros2_ws/install/serial_comm:/home/sebastianchu/ros2_ws/install/send_target_joint_degrees:/home/sebastianchu/ros2_ws/install/karura_arm_description:/opt/ros/humble /usr/bin/cmake --install /home/sebastianchu/code/ros2_tutorial/ros2_ws_tutorial/build/cpp_parameters
