[0.008s] Invoking command in '/home/sebastianchu/code/ros2_tutorial/ros2_ws_tutorials/build/articubot_one': CMAKE_PREFIX_PATH=${CMAKE_PREFIX_PATH}:/home/sebastianchu/ros2_ws/install/serial_comm:/home/sebastianchu/ros2_ws/install/send_target_joint_degrees:/home/sebastianchu/ros2_ws/install/karura_arm_description:/opt/ros/humble /usr/bin/cmake /home/sebastianchu/code/ros2_tutorial/ros2_ws_tutorials/src/articubot_one -DAMENT_CMAKE_SYMLINK_INSTALL=1 -DCMAKE_INSTALL_PREFIX=/home/sebastianchu/code/ros2_tutorial/ros2_ws_tutorials/install/articubot_one
[0.016s] -- Found ament_cmake: 1.3.11 (/opt/ros/humble/share/ament_cmake/cmake)
[0.103s] -- Override CMake install command with custom implementation using symlinks instead of copying resources
[0.108s] -- Found ament_lint_auto: 0.12.11 (/opt/ros/humble/share/ament_lint_auto/cmake)
[0.158s] -- Added test 'copyright' to check source files copyright and LICENSE
[0.160s] -- Added test 'flake8' to check Python code syntax and style conventions
[0.161s] -- Added test 'lint_cmake' to check CMake code style
[0.161s] -- Added test 'pep257' to check Python code against some of the docstring style conventions in PEP 257
[0.162s] -- Added test 'xmllint' to check XML markup files
[0.162s] -- Configuring done
[0.165s] -- Generating done
[0.167s] -- Build files have been written to: /home/sebastianchu/code/ros2_tutorial/ros2_ws_tutorials/build/articubot_one
[0.170s] Invoked command in '/home/sebastianchu/code/ros2_tutorial/ros2_ws_tutorials/build/articubot_one' returned '0': CMAKE_PREFIX_PATH=${CMAKE_PREFIX_PATH}:/home/sebastianchu/ros2_ws/install/serial_comm:/home/sebastianchu/ros2_ws/install/send_target_joint_degrees:/home/sebastianchu/ros2_ws/install/karura_arm_description:/opt/ros/humble /usr/bin/cmake /home/sebastianchu/code/ros2_tutorial/ros2_ws_tutorials/src/articubot_one -DAMENT_CMAKE_SYMLINK_INSTALL=1 -DCMAKE_INSTALL_PREFIX=/home/sebastianchu/code/ros2_tutorial/ros2_ws_tutorials/install/articubot_one
[0.171s] Invoking command in '/home/sebastianchu/code/ros2_tutorial/ros2_ws_tutorials/build/articubot_one': CMAKE_PREFIX_PATH=${CMAKE_PREFIX_PATH}:/home/sebastianchu/ros2_ws/install/serial_comm:/home/sebastianchu/ros2_ws/install/send_target_joint_degrees:/home/sebastianchu/ros2_ws/install/karura_arm_description:/opt/ros/humble /usr/bin/cmake --build /home/sebastianchu/code/ros2_tutorial/ros2_ws_tutorials/build/articubot_one -- -j8 -l8
[0.194s] Invoked command in '/home/sebastianchu/code/ros2_tutorial/ros2_ws_tutorials/build/articubot_one' returned '0': CMAKE_PREFIX_PATH=${CMAKE_PREFIX_PATH}:/home/sebastianchu/ros2_ws/install/serial_comm:/home/sebastianchu/ros2_ws/install/send_target_joint_degrees:/home/sebastianchu/ros2_ws/install/karura_arm_description:/opt/ros/humble /usr/bin/cmake --build /home/sebastianchu/code/ros2_tutorial/ros2_ws_tutorials/build/articubot_one -- -j8 -l8
[0.201s] Invoking command in '/home/sebastianchu/code/ros2_tutorial/ros2_ws_tutorials/build/articubot_one': CMAKE_PREFIX_PATH=${CMAKE_PREFIX_PATH}:/home/sebastianchu/ros2_ws/install/serial_comm:/home/sebastianchu/ros2_ws/install/send_target_joint_degrees:/home/sebastianchu/ros2_ws/install/karura_arm_description:/opt/ros/humble /usr/bin/cmake --install /home/sebastianchu/code/ros2_tutorial/ros2_ws_tutorials/build/articubot_one
[0.205s] -- Install configuration: ""
[0.205s] -- Execute custom install script
[0.205s] -- Up-to-date symlink: /home/sebastianchu/code/ros2_tutorial/ros2_ws_tutorials/install/articubot_one/share/articubot_one/config/drive_bot.rviz
[0.205s] -- Up-to-date symlink: /home/sebastianchu/code/ros2_tutorial/ros2_ws_tutorials/install/articubot_one/share/articubot_one/config/empty.yaml
[0.205s] -- Up-to-date symlink: /home/sebastianchu/code/ros2_tutorial/ros2_ws_tutorials/install/articubot_one/share/articubot_one/config/tutorial_view_bot.rviz
[0.206s] -- Up-to-date symlink: /home/sebastianchu/code/ros2_tutorial/ros2_ws_tutorials/install/articubot_one/share/articubot_one/description/gazebo_control.xacro
[0.206s] -- Up-to-date symlink: /home/sebastianchu/code/ros2_tutorial/ros2_ws_tutorials/install/articubot_one/share/articubot_one/description/inertial_macros.xacro
[0.206s] -- Up-to-date symlink: /home/sebastianchu/code/ros2_tutorial/ros2_ws_tutorials/install/articubot_one/share/articubot_one/description/lidar.xacro
[0.206s] -- Up-to-date symlink: /home/sebastianchu/code/ros2_tutorial/ros2_ws_tutorials/install/articubot_one/share/articubot_one/description/robot.urdf.xacro
[0.206s] -- Up-to-date symlink: /home/sebastianchu/code/ros2_tutorial/ros2_ws_tutorials/install/articubot_one/share/articubot_one/description/robot_core.xacro
[0.206s] -- Up-to-date symlink: /home/sebastianchu/code/ros2_tutorial/ros2_ws_tutorials/install/articubot_one/share/articubot_one/launch/launch_sim.launch.py
[0.206s] -- Up-to-date symlink: /home/sebastianchu/code/ros2_tutorial/ros2_ws_tutorials/install/articubot_one/share/articubot_one/launch/rsp.launch.py
[0.206s] -- Up-to-date symlink: /home/sebastianchu/code/ros2_tutorial/ros2_ws_tutorials/install/articubot_one/share/articubot_one/worlds/empty.world
[0.206s] -- Up-to-date symlink: /home/sebastianchu/code/ros2_tutorial/ros2_ws_tutorials/install/articubot_one/share/articubot_one/worlds/obstacles.world
[0.206s] -- Up-to-date symlink: /home/sebastianchu/code/ros2_tutorial/ros2_ws_tutorials/install/articubot_one/share/ament_index/resource_index/package_run_dependencies/articubot_one
[0.206s] -- Up-to-date symlink: /home/sebastianchu/code/ros2_tutorial/ros2_ws_tutorials/install/articubot_one/share/ament_index/resource_index/parent_prefix_path/articubot_one
[0.207s] -- Up-to-date symlink: /home/sebastianchu/code/ros2_tutorial/ros2_ws_tutorials/install/articubot_one/share/articubot_one/environment/ament_prefix_path.sh
[0.207s] -- Up-to-date symlink: /home/sebastianchu/code/ros2_tutorial/ros2_ws_tutorials/install/articubot_one/share/articubot_one/environment/ament_prefix_path.dsv
[0.207s] -- Up-to-date symlink: /home/sebastianchu/code/ros2_tutorial/ros2_ws_tutorials/install/articubot_one/share/articubot_one/environment/path.sh
[0.207s] -- Up-to-date symlink: /home/sebastianchu/code/ros2_tutorial/ros2_ws_tutorials/install/articubot_one/share/articubot_one/environment/path.dsv
[0.207s] -- Up-to-date symlink: /home/sebastianchu/code/ros2_tutorial/ros2_ws_tutorials/install/articubot_one/share/articubot_one/local_setup.bash
[0.207s] -- Up-to-date symlink: /home/sebastianchu/code/ros2_tutorial/ros2_ws_tutorials/install/articubot_one/share/articubot_one/local_setup.sh
[0.207s] -- Up-to-date symlink: /home/sebastianchu/code/ros2_tutorial/ros2_ws_tutorials/install/articubot_one/share/articubot_one/local_setup.zsh
[0.207s] -- Up-to-date symlink: /home/sebastianchu/code/ros2_tutorial/ros2_ws_tutorials/install/articubot_one/share/articubot_one/local_setup.dsv
[0.207s] -- Symlinking: /home/sebastianchu/code/ros2_tutorial/ros2_ws_tutorials/install/articubot_one/share/articubot_one/package.dsv
[0.213s] -- Up-to-date symlink: /home/sebastianchu/code/ros2_tutorial/ros2_ws_tutorials/install/articubot_one/share/ament_index/resource_index/packages/articubot_one
[0.213s] -- Up-to-date symlink: /home/sebastianchu/code/ros2_tutorial/ros2_ws_tutorials/install/articubot_one/share/articubot_one/cmake/articubot_oneConfig.cmake
[0.213s] -- Up-to-date symlink: /home/sebastianchu/code/ros2_tutorial/ros2_ws_tutorials/install/articubot_one/share/articubot_one/cmake/articubot_oneConfig-version.cmake
[0.213s] -- Up-to-date symlink: /home/sebastianchu/code/ros2_tutorial/ros2_ws_tutorials/install/articubot_one/share/articubot_one/package.xml
[0.215s] Invoked command in '/home/sebastianchu/code/ros2_tutorial/ros2_ws_tutorials/build/articubot_one' returned '0': CMAKE_PREFIX_PATH=${CMAKE_PREFIX_PATH}:/home/sebastianchu/ros2_ws/install/serial_comm:/home/sebastianchu/ros2_ws/install/send_target_joint_degrees:/home/sebastianchu/ros2_ws/install/karura_arm_description:/opt/ros/humble /usr/bin/cmake --install /home/sebastianchu/code/ros2_tutorial/ros2_ws_tutorials/build/articubot_one
