[0.011s] Invoking command in '/home/sebastianchu/code/ros2_tutorial/ros2_ws_tutorials/build/cpp_pubsub': AMENT_PREFIX_PATH=/home/sebastianchu/code/ros2_tutorial/ros2_ws_tutorials/install/tutorial_interfaces:${AMENT_PREFIX_PATH} CMAKE_PREFIX_PATH=/home/sebastianchu/code/ros2_tutorial/ros2_ws_tutorials/install/tutorial_interfaces:/home/sebastianchu/ros2_ws/install/moveit_servo:/home/sebastianchu/ros2_ws/install/karura_arm_moveit_config:/home/sebastianchu/ros2_ws/install/arm_controller:/home/sebastianchu/ros2_ws/install/serial_comm:/home/sebastianchu/ros2_ws/install/send_target_joint_degrees:/home/sebastianchu/ros2_ws/install/karura_arm_description:/opt/ros/humble LD_LIBRARY_PATH=/home/sebastianchu/code/ros2_tutorial/ros2_ws_tutorials/install/tutorial_interfaces/lib:${LD_LIBRARY_PATH} PYTHONPATH=/home/sebastianchu/code/ros2_tutorial/ros2_ws_tutorials/install/tutorial_interfaces/local/lib/python3.10/dist-packages:${PYTHONPATH} /usr/bin/cmake /home/sebastianchu/code/ros2_tutorial/ros2_ws_tutorials/src/cpp_pubsub -DAMENT_CMAKE_SYMLINK_INSTALL=1 -DCMAKE_INSTALL_PREFIX=/home/sebastianchu/code/ros2_tutorial/ros2_ws_tutorials/install/cpp_pubsub
[0.062s] -- The C compiler identification is GNU 11.4.0
[0.113s] -- The CXX compiler identification is GNU 11.4.0
[0.118s] -- Detecting C compiler ABI info
[0.186s] -- Detecting C compiler ABI info - done
[0.192s] -- Check for working C compiler: /usr/bin/cc - skipped
[0.192s] -- Detecting C compile features
[0.192s] -- Detecting C compile features - done
[0.194s] -- Detecting CXX compiler ABI info
[0.254s] -- Detecting CXX compiler ABI info - done
[0.260s] -- Check for working CXX compiler: /usr/bin/c++ - skipped
[0.261s] -- Detecting CXX compile features
[0.261s] -- Detecting CXX compile features - done
[0.263s] -- Found ament_cmake: 1.3.11 (/opt/ros/humble/share/ament_cmake/cmake)
[0.409s] -- Found Python3: /usr/bin/python3 (found version "3.10.12") found components: Interpreter 
[0.462s] -- Override CMake install command with custom implementation using symlinks instead of copying resources
[0.485s] -- Found rclcpp: 16.0.11 (/opt/ros/humble/share/rclcpp/cmake)
[0.522s] -- Found rosidl_generator_c: 3.1.6 (/opt/ros/humble/share/rosidl_generator_c/cmake)
[0.528s] -- Found rosidl_adapter: 3.1.6 (/opt/ros/humble/share/rosidl_adapter/cmake)
[0.536s] -- Found rosidl_generator_cpp: 3.1.6 (/opt/ros/humble/share/rosidl_generator_cpp/cmake)
[0.547s] -- Using all available rosidl_typesupport_c: rosidl_typesupport_fastrtps_c;rosidl_typesupport_introspection_c
[0.563s] -- Using all available rosidl_typesupport_cpp: rosidl_typesupport_fastrtps_cpp;rosidl_typesupport_introspection_cpp
[0.601s] -- Found rmw_implementation_cmake: 6.1.2 (/opt/ros/humble/share/rmw_implementation_cmake/cmake)
[0.604s] -- Found rmw_fastrtps_cpp: 6.2.7 (/opt/ros/humble/share/rmw_fastrtps_cpp/cmake)
[0.672s] -- Found OpenSSL: /usr/lib/x86_64-linux-gnu/libcrypto.so (found version "3.0.2")  
[0.700s] -- Found FastRTPS: /opt/ros/humble/include  
[0.734s] -- Using RMW implementation 'rmw_fastrtps_cpp' as default
[0.741s] -- Looking for pthread.h
[0.805s] -- Looking for pthread.h - found
[0.806s] -- Performing Test CMAKE_HAVE_LIBC_PTHREAD
[0.875s] -- Performing Test CMAKE_HAVE_LIBC_PTHREAD - Success
[0.876s] -- Found Threads: TRUE  
[0.921s] -- Found tutorial_interfaces: 0.0.0 (/home/sebastianchu/code/ros2_tutorial/ros2_ws_tutorials/install/tutorial_interfaces/share/tutorial_interfaces/cmake)
[1.006s] -- Configuring done
[1.016s] -- Generating done
[1.021s] -- Build files have been written to: /home/sebastianchu/code/ros2_tutorial/ros2_ws_tutorials/build/cpp_pubsub
[1.031s] Invoked command in '/home/sebastianchu/code/ros2_tutorial/ros2_ws_tutorials/build/cpp_pubsub' returned '0': AMENT_PREFIX_PATH=/home/sebastianchu/code/ros2_tutorial/ros2_ws_tutorials/install/tutorial_interfaces:${AMENT_PREFIX_PATH} CMAKE_PREFIX_PATH=/home/sebastianchu/code/ros2_tutorial/ros2_ws_tutorials/install/tutorial_interfaces:/home/sebastianchu/ros2_ws/install/moveit_servo:/home/sebastianchu/ros2_ws/install/karura_arm_moveit_config:/home/sebastianchu/ros2_ws/install/arm_controller:/home/sebastianchu/ros2_ws/install/serial_comm:/home/sebastianchu/ros2_ws/install/send_target_joint_degrees:/home/sebastianchu/ros2_ws/install/karura_arm_description:/opt/ros/humble LD_LIBRARY_PATH=/home/sebastianchu/code/ros2_tutorial/ros2_ws_tutorials/install/tutorial_interfaces/lib:${LD_LIBRARY_PATH} PYTHONPATH=/home/sebastianchu/code/ros2_tutorial/ros2_ws_tutorials/install/tutorial_interfaces/local/lib/python3.10/dist-packages:${PYTHONPATH} /usr/bin/cmake /home/sebastianchu/code/ros2_tutorial/ros2_ws_tutorials/src/cpp_pubsub -DAMENT_CMAKE_SYMLINK_INSTALL=1 -DCMAKE_INSTALL_PREFIX=/home/sebastianchu/code/ros2_tutorial/ros2_ws_tutorials/install/cpp_pubsub
[1.032s] Invoking command in '/home/sebastianchu/code/ros2_tutorial/ros2_ws_tutorials/build/cpp_pubsub': AMENT_PREFIX_PATH=/home/sebastianchu/code/ros2_tutorial/ros2_ws_tutorials/install/tutorial_interfaces:${AMENT_PREFIX_PATH} CMAKE_PREFIX_PATH=/home/sebastianchu/code/ros2_tutorial/ros2_ws_tutorials/install/tutorial_interfaces:/home/sebastianchu/ros2_ws/install/moveit_servo:/home/sebastianchu/ros2_ws/install/karura_arm_moveit_config:/home/sebastianchu/ros2_ws/install/arm_controller:/home/sebastianchu/ros2_ws/install/serial_comm:/home/sebastianchu/ros2_ws/install/send_target_joint_degrees:/home/sebastianchu/ros2_ws/install/karura_arm_description:/opt/ros/humble LD_LIBRARY_PATH=/home/sebastianchu/code/ros2_tutorial/ros2_ws_tutorials/install/tutorial_interfaces/lib:${LD_LIBRARY_PATH} PYTHONPATH=/home/sebastianchu/code/ros2_tutorial/ros2_ws_tutorials/install/tutorial_interfaces/local/lib/python3.10/dist-packages:${PYTHONPATH} /usr/bin/cmake --build /home/sebastianchu/code/ros2_tutorial/ros2_ws_tutorials/build/cpp_pubsub -- -j8 -l8
[1.076s] [ 25%] [32mBuilding CXX object CMakeFiles/talker.dir/src/publisher_member_function.cpp.o[0m
[1.076s] [ 50%] [32mBuilding CXX object CMakeFiles/listener.dir/src/subscriber_member_function.cpp.o[0m
[5.852s] [ 75%] [32m[1mLinking CXX executable talker[0m
[6.079s] [ 75%] Built target talker
[10.745s] [100%] [32m[1mLinking CXX executable listener[0m
[11.261s] [100%] Built target listener
[11.274s] Invoked command in '/home/sebastianchu/code/ros2_tutorial/ros2_ws_tutorials/build/cpp_pubsub' returned '0': AMENT_PREFIX_PATH=/home/sebastianchu/code/ros2_tutorial/ros2_ws_tutorials/install/tutorial_interfaces:${AMENT_PREFIX_PATH} CMAKE_PREFIX_PATH=/home/sebastianchu/code/ros2_tutorial/ros2_ws_tutorials/install/tutorial_interfaces:/home/sebastianchu/ros2_ws/install/moveit_servo:/home/sebastianchu/ros2_ws/install/karura_arm_moveit_config:/home/sebastianchu/ros2_ws/install/arm_controller:/home/sebastianchu/ros2_ws/install/serial_comm:/home/sebastianchu/ros2_ws/install/send_target_joint_degrees:/home/sebastianchu/ros2_ws/install/karura_arm_description:/opt/ros/humble LD_LIBRARY_PATH=/home/sebastianchu/code/ros2_tutorial/ros2_ws_tutorials/install/tutorial_interfaces/lib:${LD_LIBRARY_PATH} PYTHONPATH=/home/sebastianchu/code/ros2_tutorial/ros2_ws_tutorials/install/tutorial_interfaces/local/lib/python3.10/dist-packages:${PYTHONPATH} /usr/bin/cmake --build /home/sebastianchu/code/ros2_tutorial/ros2_ws_tutorials/build/cpp_pubsub -- -j8 -l8
[11.277s] Invoking command in '/home/sebastianchu/code/ros2_tutorial/ros2_ws_tutorials/build/cpp_pubsub': AMENT_PREFIX_PATH=/home/sebastianchu/code/ros2_tutorial/ros2_ws_tutorials/install/tutorial_interfaces:${AMENT_PREFIX_PATH} CMAKE_PREFIX_PATH=/home/sebastianchu/code/ros2_tutorial/ros2_ws_tutorials/install/tutorial_interfaces:/home/sebastianchu/ros2_ws/install/moveit_servo:/home/sebastianchu/ros2_ws/install/karura_arm_moveit_config:/home/sebastianchu/ros2_ws/install/arm_controller:/home/sebastianchu/ros2_ws/install/serial_comm:/home/sebastianchu/ros2_ws/install/send_target_joint_degrees:/home/sebastianchu/ros2_ws/install/karura_arm_description:/opt/ros/humble LD_LIBRARY_PATH=/home/sebastianchu/code/ros2_tutorial/ros2_ws_tutorials/install/tutorial_interfaces/lib:${LD_LIBRARY_PATH} PYTHONPATH=/home/sebastianchu/code/ros2_tutorial/ros2_ws_tutorials/install/tutorial_interfaces/local/lib/python3.10/dist-packages:${PYTHONPATH} /usr/bin/cmake --install /home/sebastianchu/code/ros2_tutorial/ros2_ws_tutorials/build/cpp_pubsub
[11.284s] -- Install configuration: ""
[11.285s] -- Execute custom install script
[11.285s] -- Symlinking: /home/sebastianchu/code/ros2_tutorial/ros2_ws_tutorials/install/cpp_pubsub/lib/cpp_pubsub/talker
[11.295s] -- Symlinking: /home/sebastianchu/code/ros2_tutorial/ros2_ws_tutorials/install/cpp_pubsub/lib/cpp_pubsub/listener
[11.304s] -- Symlinking: /home/sebastianchu/code/ros2_tutorial/ros2_ws_tutorials/install/cpp_pubsub/share/ament_index/resource_index/package_run_dependencies/cpp_pubsub
[11.313s] -- Symlinking: /home/sebastianchu/code/ros2_tutorial/ros2_ws_tutorials/install/cpp_pubsub/share/ament_index/resource_index/parent_prefix_path/cpp_pubsub
[11.322s] -- Symlinking: /home/sebastianchu/code/ros2_tutorial/ros2_ws_tutorials/install/cpp_pubsub/share/cpp_pubsub/environment/ament_prefix_path.sh
[11.330s] -- Symlinking: /home/sebastianchu/code/ros2_tutorial/ros2_ws_tutorials/install/cpp_pubsub/share/cpp_pubsub/environment/ament_prefix_path.dsv
[11.339s] -- Symlinking: /home/sebastianchu/code/ros2_tutorial/ros2_ws_tutorials/install/cpp_pubsub/share/cpp_pubsub/environment/path.sh
[11.348s] -- Symlinking: /home/sebastianchu/code/ros2_tutorial/ros2_ws_tutorials/install/cpp_pubsub/share/cpp_pubsub/environment/path.dsv
[11.357s] -- Symlinking: /home/sebastianchu/code/ros2_tutorial/ros2_ws_tutorials/install/cpp_pubsub/share/cpp_pubsub/local_setup.bash
[11.365s] -- Symlinking: /home/sebastianchu/code/ros2_tutorial/ros2_ws_tutorials/install/cpp_pubsub/share/cpp_pubsub/local_setup.sh
[11.374s] -- Symlinking: /home/sebastianchu/code/ros2_tutorial/ros2_ws_tutorials/install/cpp_pubsub/share/cpp_pubsub/local_setup.zsh
[11.384s] -- Symlinking: /home/sebastianchu/code/ros2_tutorial/ros2_ws_tutorials/install/cpp_pubsub/share/cpp_pubsub/local_setup.dsv
[11.394s] -- Symlinking: /home/sebastianchu/code/ros2_tutorial/ros2_ws_tutorials/install/cpp_pubsub/share/cpp_pubsub/package.dsv
[11.404s] -- Symlinking: /home/sebastianchu/code/ros2_tutorial/ros2_ws_tutorials/install/cpp_pubsub/share/ament_index/resource_index/packages/cpp_pubsub
[11.414s] -- Symlinking: /home/sebastianchu/code/ros2_tutorial/ros2_ws_tutorials/install/cpp_pubsub/share/cpp_pubsub/cmake/cpp_pubsubConfig.cmake
[11.423s] -- Symlinking: /home/sebastianchu/code/ros2_tutorial/ros2_ws_tutorials/install/cpp_pubsub/share/cpp_pubsub/cmake/cpp_pubsubConfig-version.cmake
[11.431s] -- Symlinking: /home/sebastianchu/code/ros2_tutorial/ros2_ws_tutorials/install/cpp_pubsub/share/cpp_pubsub/package.xml
[11.442s] Invoked command in '/home/sebastianchu/code/ros2_tutorial/ros2_ws_tutorials/build/cpp_pubsub' returned '0': AMENT_PREFIX_PATH=/home/sebastianchu/code/ros2_tutorial/ros2_ws_tutorials/install/tutorial_interfaces:${AMENT_PREFIX_PATH} CMAKE_PREFIX_PATH=/home/sebastianchu/code/ros2_tutorial/ros2_ws_tutorials/install/tutorial_interfaces:/home/sebastianchu/ros2_ws/install/moveit_servo:/home/sebastianchu/ros2_ws/install/karura_arm_moveit_config:/home/sebastianchu/ros2_ws/install/arm_controller:/home/sebastianchu/ros2_ws/install/serial_comm:/home/sebastianchu/ros2_ws/install/send_target_joint_degrees:/home/sebastianchu/ros2_ws/install/karura_arm_description:/opt/ros/humble LD_LIBRARY_PATH=/home/sebastianchu/code/ros2_tutorial/ros2_ws_tutorials/install/tutorial_interfaces/lib:${LD_LIBRARY_PATH} PYTHONPATH=/home/sebastianchu/code/ros2_tutorial/ros2_ws_tutorials/install/tutorial_interfaces/local/lib/python3.10/dist-packages:${PYTHONPATH} /usr/bin/cmake --install /home/sebastianchu/code/ros2_tutorial/ros2_ws_tutorials/build/cpp_pubsub
