[1.122s] Invoking command in '/home/sebastianchu/code/ros2_tutorial/ros2_ws_tutorials/build/py_srvcli': PYTHONPATH=/home/sebastianchu/code/ros2_tutorial/ros2_ws_tutorials/build/py_srvcli/prefix_override:/usr/lib/python3/dist-packages/colcon_core/task/python/colcon_distutils_commands:/home/sebastianchu/code/ros2_tutorial/ros2_ws_tutorials/install/py_srvcli/lib/python3.10/site-packages:${PYTHONPATH} /usr/bin/python3 -W ignore:setup.py install is deprecated -W ignore:easy_install command is deprecated setup.py develop --editable --build-directory /home/sebastianchu/code/ros2_tutorial/ros2_ws_tutorials/build/py_srvcli/build --no-deps symlink_data
[1.420s] running develop
[1.610s] running egg_info
[1.610s] creating py_srvcli.egg-info
[1.610s] writing py_srvcli.egg-info/PKG-INFO
[1.610s] writing dependency_links to py_srvcli.egg-info/dependency_links.txt
[1.610s] writing entry points to py_srvcli.egg-info/entry_points.txt
[1.610s] writing requirements to py_srvcli.egg-info/requires.txt
[1.610s] writing top-level names to py_srvcli.egg-info/top_level.txt
[1.610s] writing manifest file 'py_srvcli.egg-info/SOURCES.txt'
[1.611s] reading manifest file 'py_srvcli.egg-info/SOURCES.txt'
[1.612s] writing manifest file 'py_srvcli.egg-info/SOURCES.txt'
[1.613s] running build_ext
[1.613s] Creating /home/sebastianchu/code/ros2_tutorial/ros2_ws_tutorials/install/py_srvcli/lib/python3.10/site-packages/py-srvcli.egg-link (link to .)
[1.614s] Installing client script to /home/sebastianchu/code/ros2_tutorial/ros2_ws_tutorials/install/py_srvcli/lib/py_srvcli
[1.615s] Installing service script to /home/sebastianchu/code/ros2_tutorial/ros2_ws_tutorials/install/py_srvcli/lib/py_srvcli
[1.615s] 
[1.615s] Installed /home/sebastianchu/code/ros2_tutorial/ros2_ws_tutorials/build/py_srvcli
[1.615s] running symlink_data
[1.615s] creating /home/sebastianchu/code/ros2_tutorial/ros2_ws_tutorials/install/py_srvcli/share/ament_index
[1.615s] creating /home/sebastianchu/code/ros2_tutorial/ros2_ws_tutorials/install/py_srvcli/share/ament_index/resource_index
[1.615s] creating /home/sebastianchu/code/ros2_tutorial/ros2_ws_tutorials/install/py_srvcli/share/ament_index/resource_index/packages
[1.615s] symbolically linking /home/sebastianchu/code/ros2_tutorial/ros2_ws_tutorials/build/py_srvcli/resource/py_srvcli -> /home/sebastianchu/code/ros2_tutorial/ros2_ws_tutorials/install/py_srvcli/share/ament_index/resource_index/packages
[1.615s] symbolically linking /home/sebastianchu/code/ros2_tutorial/ros2_ws_tutorials/build/py_srvcli/package.xml -> /home/sebastianchu/code/ros2_tutorial/ros2_ws_tutorials/install/py_srvcli/share/py_srvcli
[1.664s] Invoked command in '/home/sebastianchu/code/ros2_tutorial/ros2_ws_tutorials/build/py_srvcli' returned '0': PYTHONPATH=/home/sebastianchu/code/ros2_tutorial/ros2_ws_tutorials/build/py_srvcli/prefix_override:/usr/lib/python3/dist-packages/colcon_core/task/python/colcon_distutils_commands:/home/sebastianchu/code/ros2_tutorial/ros2_ws_tutorials/install/py_srvcli/lib/python3.10/site-packages:${PYTHONPATH} /usr/bin/python3 -W ignore:setup.py install is deprecated -W ignore:easy_install command is deprecated setup.py develop --editable --build-directory /home/sebastianchu/code/ros2_tutorial/ros2_ws_tutorials/build/py_srvcli/build --no-deps symlink_data
