[01m[K/home/sebastianchu/code/ros2_tutorial/ros2_ws_tutorial/src/cpp_parameters/src/cpp_parameters_node.cpp:[m[K In constructor ‘[01m[KMinimalParam::MinimalParam()[m[K’:
[01m[K/home/sebastianchu/code/ros2_tutorial/ros2_ws_tutorial/src/cpp_parameters/src/cpp_parameters_node.cpp:33:40:[m[K [01;31m[Kerror: [m[K‘[01m[Ktimer_callback[m[K’ is not a member of ‘[01m[KMinimalParam[m[K’
   33 |       1000ms, std::bind(&MinimalParam::[01;31m[Ktimer_callback[m[K, this));
      |                                        [01;31m[K^~~~~~~~~~~~~~[m[K
[01m[K/home/sebastianchu/code/ros2_tutorial/ros2_ws_tutorial/src/cpp_parameters/src/cpp_parameters_node.cpp:[m[K In function ‘[01m[Kvoid timer_callback()[m[K’:
[01m[K/home/sebastianchu/code/ros2_tutorial/ros2_ws_tutorial/src/cpp_parameters/src/cpp_parameters_node.cpp:43:28:[m[K [01;31m[Kerror: [m[Kinvalid use of ‘[01m[Kthis[m[K’ in non-member function
   43 |     std::string my_param = [01;31m[Kthis[m[K->get_parameter("my_parameter").as_string(); //gets node param and stores it in my_param
      |                            [01;31m[K^~~~[m[K
In file included from [01m[K/opt/ros/humble/include/rclcpp/rclcpp/client.hpp:40[m[K,
                 from [01m[K/opt/ros/humble/include/rclcpp/rclcpp/callback_group.hpp:24[m[K,
                 from [01m[K/opt/ros/humble/include/rclcpp/rclcpp/any_executable.hpp:20[m[K,
                 from [01m[K/opt/ros/humble/include/rclcpp/rclcpp/memory_strategy.hpp:25[m[K,
                 from [01m[K/opt/ros/humble/include/rclcpp/rclcpp/memory_strategies.hpp:18[m[K,
                 from [01m[K/opt/ros/humble/include/rclcpp/rclcpp/executor_options.hpp:20[m[K,
                 from [01m[K/opt/ros/humble/include/rclcpp/rclcpp/executor.hpp:37[m[K,
                 from [01m[K/opt/ros/humble/include/rclcpp/rclcpp/executors/multi_threaded_executor.hpp:25[m[K,
                 from [01m[K/opt/ros/humble/include/rclcpp/rclcpp/executors.hpp:21[m[K,
                 from [01m[K/opt/ros/humble/include/rclcpp/rclcpp/rclcpp.hpp:155[m[K,
                 from [01m[K/home/sebastianchu/code/ros2_tutorial/ros2_ws_tutorial/src/cpp_parameters/src/cpp_parameters_node.cpp:5[m[K:
[01m[K/home/sebastianchu/code/ros2_tutorial/ros2_ws_tutorial/src/cpp_parameters/src/cpp_parameters_node.cpp:45:17:[m[K [01;31m[Kerror: [m[Kinvalid use of ‘[01m[Kthis[m[K’ in non-member function
   45 |     RCLCPP_INFO([01;31m[Kthis[m[K->get_logger(), "Hello %s!", my_param.c_str()); // confirms logged my_param
      |                 [01;31m[K^~~~[m[K
[01m[K/home/sebastianchu/code/ros2_tutorial/ros2_ws_tutorial/src/cpp_parameters/src/cpp_parameters_node.cpp:45:17:[m[K [01;31m[Kerror: [m[Kinvalid use of ‘[01m[Kthis[m[K’ in non-member function
[01m[K/home/sebastianchu/code/ros2_tutorial/ros2_ws_tutorial/src/cpp_parameters/src/cpp_parameters_node.cpp:45:5:[m[K [01;31m[Kerror: [m[Ktemplate argument 1 is invalid
   45 |     [01;31m[KRCLCPP_INFO[m[K(this->get_logger(), "Hello %s!", my_param.c_str()); // confirms logged my_param
      |     [01;31m[K^~~~~~~~~~~[m[K
[01m[K/home/sebastianchu/code/ros2_tutorial/ros2_ws_tutorial/src/cpp_parameters/src/cpp_parameters_node.cpp:45:5:[m[K [01;31m[Kerror: [m[Ktemplate argument 1 is invalid
   45 |     [01;31m[KRCLCPP_INFO[m[K(this->get_logger(), "Hello %s!", my_param.c_str()); // confirms logged my_param
      |     [01;31m[K^~~~~~~~~~~[m[K
[01m[K/home/sebastianchu/code/ros2_tutorial/ros2_ws_tutorial/src/cpp_parameters/src/cpp_parameters_node.cpp:45:5:[m[K [01;31m[Kerror: [m[Ktemplate argument 1 is invalid
   45 |     [01;31m[KRCLCPP_INFO[m[K(this->get_logger(), "Hello %s!", my_param.c_str()); // confirms logged my_param
      |     [01;31m[K^~~~~~~~~~~[m[K
In file included from [01m[K/opt/ros/humble/include/rclcpp/rclcpp/logging.hpp:24[m[K,
                 from [01m[K/opt/ros/humble/include/rclcpp/rclcpp/client.hpp:40[m[K,
                 from [01m[K/opt/ros/humble/include/rclcpp/rclcpp/callback_group.hpp:24[m[K,
                 from [01m[K/opt/ros/humble/include/rclcpp/rclcpp/any_executable.hpp:20[m[K,
                 from [01m[K/opt/ros/humble/include/rclcpp/rclcpp/memory_strategy.hpp:25[m[K,
                 from [01m[K/opt/ros/humble/include/rclcpp/rclcpp/memory_strategies.hpp:18[m[K,
                 from [01m[K/opt/ros/humble/include/rclcpp/rclcpp/executor_options.hpp:20[m[K,
                 from [01m[K/opt/ros/humble/include/rclcpp/rclcpp/executor.hpp:37[m[K,
                 from [01m[K/opt/ros/humble/include/rclcpp/rclcpp/executors/multi_threaded_executor.hpp:25[m[K,
                 from [01m[K/opt/ros/humble/include/rclcpp/rclcpp/executors.hpp:21[m[K,
                 from [01m[K/opt/ros/humble/include/rclcpp/rclcpp/rclcpp.hpp:155[m[K,
                 from [01m[K/home/sebastianchu/code/ros2_tutorial/ros2_ws_tutorial/src/cpp_parameters/src/cpp_parameters_node.cpp:5[m[K:
[01m[K/home/sebastianchu/code/ros2_tutorial/ros2_ws_tutorial/src/cpp_parameters/src/cpp_parameters_node.cpp:45:17:[m[K [01;31m[Kerror: [m[Kinvalid use of ‘[01m[Kthis[m[K’ in non-member function
   45 |     RCLCPP_INFO([01;31m[Kthis[m[K->get_logger(), "Hello %s!", my_param.c_str()); // confirms logged my_param
      |                 [01;31m[K^~~~[m[K
[01m[K/home/sebastianchu/code/ros2_tutorial/ros2_ws_tutorial/src/cpp_parameters/src/cpp_parameters_node.cpp:45:17:[m[K [01;31m[Kerror: [m[Kinvalid use of ‘[01m[Kthis[m[K’ in non-member function
   45 |     RCLCPP_INFO([01;31m[Kthis[m[K->get_logger(), "Hello %s!", my_param.c_str()); // confirms logged my_param
      |                 [01;31m[K^~~~[m[K
[01m[K/home/sebastianchu/code/ros2_tutorial/ros2_ws_tutorial/src/cpp_parameters/src/cpp_parameters_node.cpp:48:5:[m[K [01;31m[Kerror: [m[Kinvalid use of ‘[01m[Kthis[m[K’ in non-member function
   48 |     [01;31m[Kthis[m[K->set_parameters(all_new_parameters); //sets my_param to default world (string type)
      |     [01;31m[K^~~~[m[K
gmake[2]: *** [CMakeFiles/minimal_param_node.dir/build.make:76: CMakeFiles/minimal_param_node.dir/src/cpp_parameters_node.cpp.o] Error 1
gmake[1]: *** [CMakeFiles/Makefile2:137: CMakeFiles/minimal_param_node.dir/all] Error 2
gmake: *** [Makefile:146: all] Error 2
