[0.008s] Invoking command in '/home/sebastianchu/code/ros2_tutorial/ros2_ws_tutorial/build/my_package': CMAKE_PREFIX_PATH=${CMAKE_PREFIX_PATH}:/home/sebastianchu/ros2_ws/install/serial_comm:/home/sebastianchu/ros2_ws/install/send_target_joint_degrees:/home/sebastianchu/ros2_ws/install/karura_arm_description:/opt/ros/humble /usr/bin/cmake --build /home/sebastianchu/code/ros2_tutorial/ros2_ws_tutorial/build/my_package -- -j8 -l8
[0.035s] [35m[1mConsolidate compiler generated dependencies of target my_node[0m
[0.042s] [100%] Built target my_node
[0.051s] Invoked command in '/home/sebastianchu/code/ros2_tutorial/ros2_ws_tutorial/build/my_package' returned '0': CMAKE_PREFIX_PATH=${CMAKE_PREFIX_PATH}:/home/sebastianchu/ros2_ws/install/serial_comm:/home/sebastianchu/ros2_ws/install/send_target_joint_degrees:/home/sebastianchu/ros2_ws/install/karura_arm_description:/opt/ros/humble /usr/bin/cmake --build /home/sebastianchu/code/ros2_tutorial/ros2_ws_tutorial/build/my_package -- -j8 -l8
[0.057s] Invoking command in '/home/sebastianchu/code/ros2_tutorial/ros2_ws_tutorial/build/my_package': CMAKE_PREFIX_PATH=${CMAKE_PREFIX_PATH}:/home/sebastianchu/ros2_ws/install/serial_comm:/home/sebastianchu/ros2_ws/install/send_target_joint_degrees:/home/sebastianchu/ros2_ws/install/karura_arm_description:/opt/ros/humble /usr/bin/cmake --install /home/sebastianchu/code/ros2_tutorial/ros2_ws_tutorial/build/my_package
[0.062s] -- Install configuration: ""
[0.062s] -- Up-to-date: /home/sebastianchu/code/ros2_tutorial/ros2_ws_tutorial/install/my_package/lib/my_package/my_node
[0.062s] -- Up-to-date: /home/sebastianchu/code/ros2_tutorial/ros2_ws_tutorial/install/my_package/share/ament_index/resource_index/package_run_dependencies/my_package
[0.062s] -- Up-to-date: /home/sebastianchu/code/ros2_tutorial/ros2_ws_tutorial/install/my_package/share/ament_index/resource_index/parent_prefix_path/my_package
[0.062s] -- Up-to-date: /home/sebastianchu/code/ros2_tutorial/ros2_ws_tutorial/install/my_package/share/my_package/environment/ament_prefix_path.sh
[0.062s] -- Up-to-date: /home/sebastianchu/code/ros2_tutorial/ros2_ws_tutorial/install/my_package/share/my_package/environment/ament_prefix_path.dsv
[0.062s] -- Up-to-date: /home/sebastianchu/code/ros2_tutorial/ros2_ws_tutorial/install/my_package/share/my_package/environment/path.sh
[0.063s] -- Up-to-date: /home/sebastianchu/code/ros2_tutorial/ros2_ws_tutorial/install/my_package/share/my_package/environment/path.dsv
[0.063s] -- Up-to-date: /home/sebastianchu/code/ros2_tutorial/ros2_ws_tutorial/install/my_package/share/my_package/local_setup.bash
[0.063s] -- Up-to-date: /home/sebastianchu/code/ros2_tutorial/ros2_ws_tutorial/install/my_package/share/my_package/local_setup.sh
[0.063s] -- Up-to-date: /home/sebastianchu/code/ros2_tutorial/ros2_ws_tutorial/install/my_package/share/my_package/local_setup.zsh
[0.063s] -- Up-to-date: /home/sebastianchu/code/ros2_tutorial/ros2_ws_tutorial/install/my_package/share/my_package/local_setup.dsv
[0.063s] -- Up-to-date: /home/sebastianchu/code/ros2_tutorial/ros2_ws_tutorial/install/my_package/share/my_package/package.dsv
[0.063s] -- Up-to-date: /home/sebastianchu/code/ros2_tutorial/ros2_ws_tutorial/install/my_package/share/ament_index/resource_index/packages/my_package
[0.063s] -- Up-to-date: /home/sebastianchu/code/ros2_tutorial/ros2_ws_tutorial/install/my_package/share/my_package/cmake/my_packageConfig.cmake
[0.063s] -- Up-to-date: /home/sebastianchu/code/ros2_tutorial/ros2_ws_tutorial/install/my_package/share/my_package/cmake/my_packageConfig-version.cmake
[0.063s] -- Up-to-date: /home/sebastianchu/code/ros2_tutorial/ros2_ws_tutorial/install/my_package/share/my_package/package.xml
[0.064s] Invoked command in '/home/sebastianchu/code/ros2_tutorial/ros2_ws_tutorial/build/my_package' returned '0': CMAKE_PREFIX_PATH=${CMAKE_PREFIX_PATH}:/home/sebastianchu/ros2_ws/install/serial_comm:/home/sebastianchu/ros2_ws/install/send_target_joint_degrees:/home/sebastianchu/ros2_ws/install/karura_arm_description:/opt/ros/humble /usr/bin/cmake --install /home/sebastianchu/code/ros2_tutorial/ros2_ws_tutorial/build/my_package
