[0.027s] Invoking command in '/home/sebastianchu/code/ros2_tutorial/ros2_ws_tutorial/build/cpp_parameters': CMAKE_PREFIX_PATH=${CMAKE_PREFIX_PATH}:/home/sebastianchu/code/ros2_tutorial/ros2_ws_tutorial/install/py_srvcli:/home/sebastianchu/code/ros2_tutorial/ros2_ws_tutorial/install/py_pubsub:/home/sebastianchu/ros2_ws/install/serial_comm:/home/sebastianchu/ros2_ws/install/send_target_joint_degrees:/home/sebastianchu/ros2_ws/install/karura_arm_description:/opt/ros/humble /usr/bin/cmake /home/sebastianchu/code/ros2_tutorial/ros2_ws_tutorial/src/cpp_parameters -DAMENT_CMAKE_SYMLINK_INSTALL=1 -DCMAKE_INSTALL_PREFIX=/home/sebastianchu/code/ros2_tutorial/ros2_ws_tutorial/install/cpp_parameters
[0.590s] -- Found ament_cmake: 1.3.11 (/opt/ros/humble/share/ament_cmake/cmake)
[0.591s] -- Override CMake install command with custom implementation using symlinks instead of copying resources
[0.591s] -- Found rclcpp: 16.0.11 (/opt/ros/humble/share/rclcpp/cmake)
[0.591s] -- Found rosidl_generator_c: 3.1.6 (/opt/ros/humble/share/rosidl_generator_c/cmake)
[0.592s] -- Found rosidl_adapter: 3.1.6 (/opt/ros/humble/share/rosidl_adapter/cmake)
[0.592s] -- Found rosidl_generator_cpp: 3.1.6 (/opt/ros/humble/share/rosidl_generator_cpp/cmake)
[0.592s] -- Using all available rosidl_typesupport_c: rosidl_typesupport_fastrtps_c;rosidl_typesupport_introspection_c
[0.592s] -- Using all available rosidl_typesupport_cpp: rosidl_typesupport_fastrtps_cpp;rosidl_typesupport_introspection_cpp
[0.592s] -- Found rmw_implementation_cmake: 6.1.2 (/opt/ros/humble/share/rmw_implementation_cmake/cmake)
[0.592s] -- Found rmw_fastrtps_cpp: 6.2.7 (/opt/ros/humble/share/rmw_fastrtps_cpp/cmake)
[0.592s] -- Using RMW implementation 'rmw_fastrtps_cpp' as default
[0.592s] -- Configuring done
[0.592s] -- Generating done
[0.592s] -- Build files have been written to: /home/sebastianchu/code/ros2_tutorial/ros2_ws_tutorial/build/cpp_parameters
[0.596s] Invoked command in '/home/sebastianchu/code/ros2_tutorial/ros2_ws_tutorial/build/cpp_parameters' returned '0': CMAKE_PREFIX_PATH=${CMAKE_PREFIX_PATH}:/home/sebastianchu/code/ros2_tutorial/ros2_ws_tutorial/install/py_srvcli:/home/sebastianchu/code/ros2_tutorial/ros2_ws_tutorial/install/py_pubsub:/home/sebastianchu/ros2_ws/install/serial_comm:/home/sebastianchu/ros2_ws/install/send_target_joint_degrees:/home/sebastianchu/ros2_ws/install/karura_arm_description:/opt/ros/humble /usr/bin/cmake /home/sebastianchu/code/ros2_tutorial/ros2_ws_tutorial/src/cpp_parameters -DAMENT_CMAKE_SYMLINK_INSTALL=1 -DCMAKE_INSTALL_PREFIX=/home/sebastianchu/code/ros2_tutorial/ros2_ws_tutorial/install/cpp_parameters
[0.596s] Invoking command in '/home/sebastianchu/code/ros2_tutorial/ros2_ws_tutorial/build/cpp_parameters': CMAKE_PREFIX_PATH=${CMAKE_PREFIX_PATH}:/home/sebastianchu/code/ros2_tutorial/ros2_ws_tutorial/install/py_srvcli:/home/sebastianchu/code/ros2_tutorial/ros2_ws_tutorial/install/py_pubsub:/home/sebastianchu/ros2_ws/install/serial_comm:/home/sebastianchu/ros2_ws/install/send_target_joint_degrees:/home/sebastianchu/ros2_ws/install/karura_arm_description:/opt/ros/humble /usr/bin/cmake --build /home/sebastianchu/code/ros2_tutorial/ros2_ws_tutorial/build/cpp_parameters -- -j8 -l8
[0.628s] [35m[1mConsolidate compiler generated dependencies of target minimal_param_node[0m
[0.649s] [ 50%] [32m[1mLinking CXX executable minimal_param_node[0m
[0.831s] [100%] Built target minimal_param_node
[0.849s] Invoked command in '/home/sebastianchu/code/ros2_tutorial/ros2_ws_tutorial/build/cpp_parameters' returned '0': CMAKE_PREFIX_PATH=${CMAKE_PREFIX_PATH}:/home/sebastianchu/code/ros2_tutorial/ros2_ws_tutorial/install/py_srvcli:/home/sebastianchu/code/ros2_tutorial/ros2_ws_tutorial/install/py_pubsub:/home/sebastianchu/ros2_ws/install/serial_comm:/home/sebastianchu/ros2_ws/install/send_target_joint_degrees:/home/sebastianchu/ros2_ws/install/karura_arm_description:/opt/ros/humble /usr/bin/cmake --build /home/sebastianchu/code/ros2_tutorial/ros2_ws_tutorial/build/cpp_parameters -- -j8 -l8
[0.850s] Invoking command in '/home/sebastianchu/code/ros2_tutorial/ros2_ws_tutorial/build/cpp_parameters': CMAKE_PREFIX_PATH=${CMAKE_PREFIX_PATH}:/home/sebastianchu/code/ros2_tutorial/ros2_ws_tutorial/install/py_srvcli:/home/sebastianchu/code/ros2_tutorial/ros2_ws_tutorial/install/py_pubsub:/home/sebastianchu/ros2_ws/install/serial_comm:/home/sebastianchu/ros2_ws/install/send_target_joint_degrees:/home/sebastianchu/ros2_ws/install/karura_arm_description:/opt/ros/humble /usr/bin/cmake --install /home/sebastianchu/code/ros2_tutorial/ros2_ws_tutorial/build/cpp_parameters
[0.858s] -- Install configuration: ""
[0.859s] -- Execute custom install script
[0.859s] -- Symlinking: /home/sebastianchu/code/ros2_tutorial/ros2_ws_tutorial/install/cpp_parameters/lib/cpp_parameters/minimal_param_node
[0.868s] -- Symlinking: /home/sebastianchu/code/ros2_tutorial/ros2_ws_tutorial/install/cpp_parameters/share/cpp_parameters/launch/cpp_parameters_launch.py
[0.876s] -- Symlinking: /home/sebastianchu/code/ros2_tutorial/ros2_ws_tutorial/install/cpp_parameters/share/ament_index/resource_index/package_run_dependencies/cpp_parameters
[0.884s] -- Symlinking: /home/sebastianchu/code/ros2_tutorial/ros2_ws_tutorial/install/cpp_parameters/share/ament_index/resource_index/parent_prefix_path/cpp_parameters
[0.893s] -- Symlinking: /home/sebastianchu/code/ros2_tutorial/ros2_ws_tutorial/install/cpp_parameters/share/cpp_parameters/environment/ament_prefix_path.sh
[0.902s] -- Symlinking: /home/sebastianchu/code/ros2_tutorial/ros2_ws_tutorial/install/cpp_parameters/share/cpp_parameters/environment/ament_prefix_path.dsv
[0.912s] -- Symlinking: /home/sebastianchu/code/ros2_tutorial/ros2_ws_tutorial/install/cpp_parameters/share/cpp_parameters/environment/path.sh
[0.930s] -- Symlinking: /home/sebastianchu/code/ros2_tutorial/ros2_ws_tutorial/install/cpp_parameters/share/cpp_parameters/environment/path.dsv
[0.934s] -- Symlinking: /home/sebastianchu/code/ros2_tutorial/ros2_ws_tutorial/install/cpp_parameters/share/cpp_parameters/local_setup.bash
[0.944s] -- Symlinking: /home/sebastianchu/code/ros2_tutorial/ros2_ws_tutorial/install/cpp_parameters/share/cpp_parameters/local_setup.sh
[0.952s] -- Symlinking: /home/sebastianchu/code/ros2_tutorial/ros2_ws_tutorial/install/cpp_parameters/share/cpp_parameters/local_setup.zsh
[0.960s] -- Symlinking: /home/sebastianchu/code/ros2_tutorial/ros2_ws_tutorial/install/cpp_parameters/share/cpp_parameters/local_setup.dsv
[0.967s] -- Symlinking: /home/sebastianchu/code/ros2_tutorial/ros2_ws_tutorial/install/cpp_parameters/share/cpp_parameters/package.dsv
[0.976s] -- Symlinking: /home/sebastianchu/code/ros2_tutorial/ros2_ws_tutorial/install/cpp_parameters/share/ament_index/resource_index/packages/cpp_parameters
[0.984s] -- Symlinking: /home/sebastianchu/code/ros2_tutorial/ros2_ws_tutorial/install/cpp_parameters/share/cpp_parameters/cmake/cpp_parametersConfig.cmake
[0.992s] -- Symlinking: /home/sebastianchu/code/ros2_tutorial/ros2_ws_tutorial/install/cpp_parameters/share/cpp_parameters/cmake/cpp_parametersConfig-version.cmake
[1.001s] -- Symlinking: /home/sebastianchu/code/ros2_tutorial/ros2_ws_tutorial/install/cpp_parameters/share/cpp_parameters/package.xml
[1.013s] Invoked command in '/home/sebastianchu/code/ros2_tutorial/ros2_ws_tutorial/build/cpp_parameters' returned '0': CMAKE_PREFIX_PATH=${CMAKE_PREFIX_PATH}:/home/sebastianchu/code/ros2_tutorial/ros2_ws_tutorial/install/py_srvcli:/home/sebastianchu/code/ros2_tutorial/ros2_ws_tutorial/install/py_pubsub:/home/sebastianchu/ros2_ws/install/serial_comm:/home/sebastianchu/ros2_ws/install/send_target_joint_degrees:/home/sebastianchu/ros2_ws/install/karura_arm_description:/opt/ros/humble /usr/bin/cmake --install /home/sebastianchu/code/ros2_tutorial/ros2_ws_tutorial/build/cpp_parameters
