-- Found ament_cmake: 1.3.11 (/opt/ros/humble/share/ament_cmake/cmake)
-- Override CMake install command with custom implementation using symlinks instead of copying resources
-- Found ament_lint_auto: 0.12.11 (/opt/ros/humble/share/ament_lint_auto/cmake)
-- Added test 'cppcheck' to perform static code analysis on C / C++ code
-- Configured cppcheck include dirs: $<BUILD_INTERFACE:/home/sebastianchu/code/ros2_tutorial/ros2_ws_tutorial/src/my_package/include>
-- Configured cppcheck exclude dirs and/or files: 
-- Added test 'lint_cmake' to check CMake code style
-- Added test 'uncrustify' to check C / C++ code style
-- Configured uncrustify additional arguments: 
-- Added test 'xmllint' to check XML markup files
-- Configuring done
-- Generating done
-- Build files have been written to: /home/sebastianchu/code/ros2_tutorial/ros2_ws_tutorial/build/my_package
[35m[1mConsolidate compiler generated dependencies of target my_node[0m
[100%] Built target my_node
-- Install configuration: ""
-- Execute custom install script
-- Symlinking: /home/sebastianchu/code/ros2_tutorial/ros2_ws_tutorial/install/my_package/lib/my_package/my_node
-- Symlinking: /home/sebastianchu/code/ros2_tutorial/ros2_ws_tutorial/install/my_package/share/ament_index/resource_index/package_run_dependencies/my_package
-- Symlinking: /home/sebastianchu/code/ros2_tutorial/ros2_ws_tutorial/install/my_package/share/ament_index/resource_index/parent_prefix_path/my_package
-- Symlinking: /home/sebastianchu/code/ros2_tutorial/ros2_ws_tutorial/install/my_package/share/my_package/environment/ament_prefix_path.sh
-- Symlinking: /home/sebastianchu/code/ros2_tutorial/ros2_ws_tutorial/install/my_package/share/my_package/environment/ament_prefix_path.dsv
-- Symlinking: /home/sebastianchu/code/ros2_tutorial/ros2_ws_tutorial/install/my_package/share/my_package/environment/path.sh
-- Symlinking: /home/sebastianchu/code/ros2_tutorial/ros2_ws_tutorial/install/my_package/share/my_package/environment/path.dsv
-- Symlinking: /home/sebastianchu/code/ros2_tutorial/ros2_ws_tutorial/install/my_package/share/my_package/local_setup.bash
-- Symlinking: /home/sebastianchu/code/ros2_tutorial/ros2_ws_tutorial/install/my_package/share/my_package/local_setup.sh
-- Symlinking: /home/sebastianchu/code/ros2_tutorial/ros2_ws_tutorial/install/my_package/share/my_package/local_setup.zsh
-- Symlinking: /home/sebastianchu/code/ros2_tutorial/ros2_ws_tutorial/install/my_package/share/my_package/local_setup.dsv
-- Symlinking: /home/sebastianchu/code/ros2_tutorial/ros2_ws_tutorial/install/my_package/share/my_package/package.dsv
-- Symlinking: /home/sebastianchu/code/ros2_tutorial/ros2_ws_tutorial/install/my_package/share/ament_index/resource_index/packages/my_package
-- Symlinking: /home/sebastianchu/code/ros2_tutorial/ros2_ws_tutorial/install/my_package/share/my_package/cmake/my_packageConfig.cmake
-- Symlinking: /home/sebastianchu/code/ros2_tutorial/ros2_ws_tutorial/install/my_package/share/my_package/cmake/my_packageConfig-version.cmake
-- Symlinking: /home/sebastianchu/code/ros2_tutorial/ros2_ws_tutorial/install/my_package/share/my_package/package.xml
