[0.027s] Invoking command in '/home/sebastianchu/code/ros2_tutorial/ros2_ws_tutorial/build/my_package': CMAKE_PREFIX_PATH=${CMAKE_PREFIX_PATH}:/home/sebastianchu/code/ros2_tutorial/ros2_ws_tutorial/install/py_srvcli:/home/sebastianchu/code/ros2_tutorial/ros2_ws_tutorial/install/py_pubsub:/home/sebastianchu/ros2_ws/install/serial_comm:/home/sebastianchu/ros2_ws/install/send_target_joint_degrees:/home/sebastianchu/ros2_ws/install/karura_arm_description:/opt/ros/humble /usr/bin/cmake /home/sebastianchu/code/ros2_tutorial/ros2_ws_tutorial/src/my_package -DAMENT_CMAKE_SYMLINK_INSTALL=1 -DCMAKE_INSTALL_PREFIX=/home/sebastianchu/code/ros2_tutorial/ros2_ws_tutorial/install/my_package
[0.589s] -- Found ament_cmake: 1.3.11 (/opt/ros/humble/share/ament_cmake/cmake)
[0.589s] -- Override CMake install command with custom implementation using symlinks instead of copying resources
[0.589s] -- Found ament_lint_auto: 0.12.11 (/opt/ros/humble/share/ament_lint_auto/cmake)
[0.589s] -- Added test 'cppcheck' to perform static code analysis on C / C++ code
[0.589s] -- Configured cppcheck include dirs: $<BUILD_INTERFACE:/home/sebastianchu/code/ros2_tutorial/ros2_ws_tutorial/src/my_package/include>
[0.589s] -- Configured cppcheck exclude dirs and/or files: 
[0.589s] -- Added test 'lint_cmake' to check CMake code style
[0.589s] -- Added test 'uncrustify' to check C / C++ code style
[0.590s] -- Configured uncrustify additional arguments: 
[0.590s] -- Added test 'xmllint' to check XML markup files
[0.590s] -- Configuring done
[0.590s] -- Generating done
[0.590s] -- Build files have been written to: /home/sebastianchu/code/ros2_tutorial/ros2_ws_tutorial/build/my_package
[0.592s] Invoked command in '/home/sebastianchu/code/ros2_tutorial/ros2_ws_tutorial/build/my_package' returned '0': CMAKE_PREFIX_PATH=${CMAKE_PREFIX_PATH}:/home/sebastianchu/code/ros2_tutorial/ros2_ws_tutorial/install/py_srvcli:/home/sebastianchu/code/ros2_tutorial/ros2_ws_tutorial/install/py_pubsub:/home/sebastianchu/ros2_ws/install/serial_comm:/home/sebastianchu/ros2_ws/install/send_target_joint_degrees:/home/sebastianchu/ros2_ws/install/karura_arm_description:/opt/ros/humble /usr/bin/cmake /home/sebastianchu/code/ros2_tutorial/ros2_ws_tutorial/src/my_package -DAMENT_CMAKE_SYMLINK_INSTALL=1 -DCMAKE_INSTALL_PREFIX=/home/sebastianchu/code/ros2_tutorial/ros2_ws_tutorial/install/my_package
[0.592s] Invoking command in '/home/sebastianchu/code/ros2_tutorial/ros2_ws_tutorial/build/my_package': CMAKE_PREFIX_PATH=${CMAKE_PREFIX_PATH}:/home/sebastianchu/code/ros2_tutorial/ros2_ws_tutorial/install/py_srvcli:/home/sebastianchu/code/ros2_tutorial/ros2_ws_tutorial/install/py_pubsub:/home/sebastianchu/ros2_ws/install/serial_comm:/home/sebastianchu/ros2_ws/install/send_target_joint_degrees:/home/sebastianchu/ros2_ws/install/karura_arm_description:/opt/ros/humble /usr/bin/cmake --build /home/sebastianchu/code/ros2_tutorial/ros2_ws_tutorial/build/my_package -- -j8 -l8
[0.629s] [35m[1mConsolidate compiler generated dependencies of target my_node[0m
[0.641s] [100%] Built target my_node
[0.663s] Invoked command in '/home/sebastianchu/code/ros2_tutorial/ros2_ws_tutorial/build/my_package' returned '0': CMAKE_PREFIX_PATH=${CMAKE_PREFIX_PATH}:/home/sebastianchu/code/ros2_tutorial/ros2_ws_tutorial/install/py_srvcli:/home/sebastianchu/code/ros2_tutorial/ros2_ws_tutorial/install/py_pubsub:/home/sebastianchu/ros2_ws/install/serial_comm:/home/sebastianchu/ros2_ws/install/send_target_joint_degrees:/home/sebastianchu/ros2_ws/install/karura_arm_description:/opt/ros/humble /usr/bin/cmake --build /home/sebastianchu/code/ros2_tutorial/ros2_ws_tutorial/build/my_package -- -j8 -l8
[0.671s] Invoking command in '/home/sebastianchu/code/ros2_tutorial/ros2_ws_tutorial/build/my_package': CMAKE_PREFIX_PATH=${CMAKE_PREFIX_PATH}:/home/sebastianchu/code/ros2_tutorial/ros2_ws_tutorial/install/py_srvcli:/home/sebastianchu/code/ros2_tutorial/ros2_ws_tutorial/install/py_pubsub:/home/sebastianchu/ros2_ws/install/serial_comm:/home/sebastianchu/ros2_ws/install/send_target_joint_degrees:/home/sebastianchu/ros2_ws/install/karura_arm_description:/opt/ros/humble /usr/bin/cmake --install /home/sebastianchu/code/ros2_tutorial/ros2_ws_tutorial/build/my_package
[0.678s] -- Install configuration: ""
[0.678s] -- Execute custom install script
[0.679s] -- Symlinking: /home/sebastianchu/code/ros2_tutorial/ros2_ws_tutorial/install/my_package/lib/my_package/my_node
[0.686s] -- Symlinking: /home/sebastianchu/code/ros2_tutorial/ros2_ws_tutorial/install/my_package/share/ament_index/resource_index/package_run_dependencies/my_package
[0.693s] -- Symlinking: /home/sebastianchu/code/ros2_tutorial/ros2_ws_tutorial/install/my_package/share/ament_index/resource_index/parent_prefix_path/my_package
[0.700s] -- Symlinking: /home/sebastianchu/code/ros2_tutorial/ros2_ws_tutorial/install/my_package/share/my_package/environment/ament_prefix_path.sh
[0.709s] -- Symlinking: /home/sebastianchu/code/ros2_tutorial/ros2_ws_tutorial/install/my_package/share/my_package/environment/ament_prefix_path.dsv
[0.717s] -- Symlinking: /home/sebastianchu/code/ros2_tutorial/ros2_ws_tutorial/install/my_package/share/my_package/environment/path.sh
[0.726s] -- Symlinking: /home/sebastianchu/code/ros2_tutorial/ros2_ws_tutorial/install/my_package/share/my_package/environment/path.dsv
[0.733s] -- Symlinking: /home/sebastianchu/code/ros2_tutorial/ros2_ws_tutorial/install/my_package/share/my_package/local_setup.bash
[0.743s] -- Symlinking: /home/sebastianchu/code/ros2_tutorial/ros2_ws_tutorial/install/my_package/share/my_package/local_setup.sh
[0.752s] -- Symlinking: /home/sebastianchu/code/ros2_tutorial/ros2_ws_tutorial/install/my_package/share/my_package/local_setup.zsh
[0.760s] -- Symlinking: /home/sebastianchu/code/ros2_tutorial/ros2_ws_tutorial/install/my_package/share/my_package/local_setup.dsv
[0.768s] -- Symlinking: /home/sebastianchu/code/ros2_tutorial/ros2_ws_tutorial/install/my_package/share/my_package/package.dsv
[0.781s] -- Symlinking: /home/sebastianchu/code/ros2_tutorial/ros2_ws_tutorial/install/my_package/share/ament_index/resource_index/packages/my_package
[0.801s] -- Symlinking: /home/sebastianchu/code/ros2_tutorial/ros2_ws_tutorial/install/my_package/share/my_package/cmake/my_packageConfig.cmake
[0.809s] -- Symlinking: /home/sebastianchu/code/ros2_tutorial/ros2_ws_tutorial/install/my_package/share/my_package/cmake/my_packageConfig-version.cmake
[0.815s] -- Symlinking: /home/sebastianchu/code/ros2_tutorial/ros2_ws_tutorial/install/my_package/share/my_package/package.xml
[0.824s] Invoked command in '/home/sebastianchu/code/ros2_tutorial/ros2_ws_tutorial/build/my_package' returned '0': CMAKE_PREFIX_PATH=${CMAKE_PREFIX_PATH}:/home/sebastianchu/code/ros2_tutorial/ros2_ws_tutorial/install/py_srvcli:/home/sebastianchu/code/ros2_tutorial/ros2_ws_tutorial/install/py_pubsub:/home/sebastianchu/ros2_ws/install/serial_comm:/home/sebastianchu/ros2_ws/install/send_target_joint_degrees:/home/sebastianchu/ros2_ws/install/karura_arm_description:/opt/ros/humble /usr/bin/cmake --install /home/sebastianchu/code/ros2_tutorial/ros2_ws_tutorial/build/my_package
