[0.009s] Invoking command in '/home/sebastianchu/code/ros2_tutorial/ros2_ws_tutorial/build/cpp_pubsub': CMAKE_PREFIX_PATH=${CMAKE_PREFIX_PATH}:/home/sebastianchu/ros2_ws/install/serial_comm:/home/sebastianchu/ros2_ws/install/send_target_joint_degrees:/home/sebastianchu/ros2_ws/install/karura_arm_description:/opt/ros/humble /usr/bin/cmake /home/sebastianchu/code/ros2_tutorial/ros2_ws_tutorial/src/cpp_pubsub -DCMAKE_INSTALL_PREFIX=/home/sebastianchu/code/ros2_tutorial/ros2_ws_tutorial/install/cpp_pubsub
[0.080s] -- The C compiler identification is GNU 11.4.0
[0.150s] -- The CXX compiler identification is GNU 11.4.0
[0.158s] -- Detecting C compiler ABI info
[0.204s] -- Detecting C compiler ABI info - done
[0.209s] -- Check for working C compiler: /usr/bin/cc - skipped
[0.209s] -- Detecting C compile features
[0.210s] -- Detecting C compile features - done
[0.212s] -- Detecting CXX compiler ABI info
[0.269s] -- Detecting CXX compiler ABI info - done
[0.276s] -- Check for working CXX compiler: /usr/bin/c++ - skipped
[0.276s] -- Detecting CXX compile features
[0.276s] -- Detecting CXX compile features - done
[0.283s] -- Found ament_cmake: 1.3.11 (/opt/ros/humble/share/ament_cmake/cmake)
[0.401s] -- Found Python3: /usr/bin/python3 (found version "3.10.12") found components: Interpreter 
[0.484s] -- Found rclcpp: 16.0.11 (/opt/ros/humble/share/rclcpp/cmake)
[0.528s] -- Found rosidl_generator_c: 3.1.6 (/opt/ros/humble/share/rosidl_generator_c/cmake)
[0.533s] -- Found rosidl_adapter: 3.1.6 (/opt/ros/humble/share/rosidl_adapter/cmake)
[0.542s] -- Found rosidl_generator_cpp: 3.1.6 (/opt/ros/humble/share/rosidl_generator_cpp/cmake)
[0.554s] -- Using all available rosidl_typesupport_c: rosidl_typesupport_fastrtps_c;rosidl_typesupport_introspection_c
[0.568s] -- Using all available rosidl_typesupport_cpp: rosidl_typesupport_fastrtps_cpp;rosidl_typesupport_introspection_cpp
[0.608s] -- Found rmw_implementation_cmake: 6.1.2 (/opt/ros/humble/share/rmw_implementation_cmake/cmake)
[0.611s] -- Found rmw_fastrtps_cpp: 6.2.7 (/opt/ros/humble/share/rmw_fastrtps_cpp/cmake)
[0.679s] -- Found OpenSSL: /usr/lib/x86_64-linux-gnu/libcrypto.so (found version "3.0.2")  
[0.702s] -- Found FastRTPS: /opt/ros/humble/include  
[0.732s] -- Using RMW implementation 'rmw_fastrtps_cpp' as default
[0.742s] -- Looking for pthread.h
[0.810s] -- Looking for pthread.h - found
[0.811s] -- Performing Test CMAKE_HAVE_LIBC_PTHREAD
[0.872s] -- Performing Test CMAKE_HAVE_LIBC_PTHREAD - Success
[0.872s] -- Found Threads: TRUE  
[0.923s] [31mCMake Error at CMakeLists.txt:31 (install):
[0.923s]   install TARGETS given target "listener" which does not exist.
[0.923s] 
[0.923s] [0m
[0.970s] -- Configuring incomplete, errors occurred!
[0.970s] See also "/home/sebastianchu/code/ros2_tutorial/ros2_ws_tutorial/build/cpp_pubsub/CMakeFiles/CMakeOutput.log".
[0.977s] Invoked command in '/home/sebastianchu/code/ros2_tutorial/ros2_ws_tutorial/build/cpp_pubsub' returned '1': CMAKE_PREFIX_PATH=${CMAKE_PREFIX_PATH}:/home/sebastianchu/ros2_ws/install/serial_comm:/home/sebastianchu/ros2_ws/install/send_target_joint_degrees:/home/sebastianchu/ros2_ws/install/karura_arm_description:/opt/ros/humble /usr/bin/cmake /home/sebastianchu/code/ros2_tutorial/ros2_ws_tutorial/src/cpp_pubsub -DCMAKE_INSTALL_PREFIX=/home/sebastianchu/code/ros2_tutorial/ros2_ws_tutorial/install/cpp_pubsub
