[0.011s] Invoking command in '/home/sebastianchu/code/ros2_tutorial/ros2_ws_tutorial/build/my_package': CMAKE_PREFIX_PATH=${CMAKE_PREFIX_PATH}:/home/sebastianchu/ros2_ws/install/serial_comm:/home/sebastianchu/ros2_ws/install/send_target_joint_degrees:/home/sebastianchu/ros2_ws/install/karura_arm_description:/opt/ros/humble /usr/bin/cmake /home/sebastianchu/code/ros2_tutorial/ros2_ws_tutorial/src/my_package -DCMAKE_INSTALL_PREFIX=/home/sebastianchu/code/ros2_tutorial/ros2_ws_tutorial/install/my_package
[0.056s] -- The C compiler identification is GNU 11.4.0
[0.113s] -- The CXX compiler identification is GNU 11.4.0
[0.120s] -- Detecting C compiler ABI info
[0.170s] -- Detecting C compiler ABI info - done
[0.180s] -- Check for working C compiler: /usr/bin/cc - skipped
[0.180s] -- Detecting C compile features
[0.180s] -- Detecting C compile features - done
[0.184s] -- Detecting CXX compiler ABI info
[0.243s] -- Detecting CXX compiler ABI info - done
[0.249s] -- Check for working CXX compiler: /usr/bin/c++ - skipped
[0.249s] -- Detecting CXX compile features
[0.249s] -- Detecting CXX compile features - done
[0.252s] -- Found ament_cmake: 1.3.11 (/opt/ros/humble/share/ament_cmake/cmake)
[0.377s] -- Found Python3: /usr/bin/python3 (found version "3.10.12") found components: Interpreter 
[0.452s] -- Found ament_lint_auto: 0.12.11 (/opt/ros/humble/share/ament_lint_auto/cmake)
[0.511s] -- Added test 'cppcheck' to perform static code analysis on C / C++ code
[0.511s] -- Configured cppcheck include dirs: $<BUILD_INTERFACE:/home/sebastianchu/code/ros2_tutorial/ros2_ws_tutorial/src/my_package/include>
[0.511s] -- Configured cppcheck exclude dirs and/or files: 
[0.511s] -- Added test 'lint_cmake' to check CMake code style
[0.512s] -- Added test 'uncrustify' to check C / C++ code style
[0.512s] -- Configured uncrustify additional arguments: 
[0.513s] -- Added test 'xmllint' to check XML markup files
[0.513s] -- Configuring done
[0.516s] -- Generating done
[0.517s] -- Build files have been written to: /home/sebastianchu/code/ros2_tutorial/ros2_ws_tutorial/build/my_package
[0.521s] Invoked command in '/home/sebastianchu/code/ros2_tutorial/ros2_ws_tutorial/build/my_package' returned '0': CMAKE_PREFIX_PATH=${CMAKE_PREFIX_PATH}:/home/sebastianchu/ros2_ws/install/serial_comm:/home/sebastianchu/ros2_ws/install/send_target_joint_degrees:/home/sebastianchu/ros2_ws/install/karura_arm_description:/opt/ros/humble /usr/bin/cmake /home/sebastianchu/code/ros2_tutorial/ros2_ws_tutorial/src/my_package -DCMAKE_INSTALL_PREFIX=/home/sebastianchu/code/ros2_tutorial/ros2_ws_tutorial/install/my_package
[0.521s] Invoking command in '/home/sebastianchu/code/ros2_tutorial/ros2_ws_tutorial/build/my_package': CMAKE_PREFIX_PATH=${CMAKE_PREFIX_PATH}:/home/sebastianchu/ros2_ws/install/serial_comm:/home/sebastianchu/ros2_ws/install/send_target_joint_degrees:/home/sebastianchu/ros2_ws/install/karura_arm_description:/opt/ros/humble /usr/bin/cmake --build /home/sebastianchu/code/ros2_tutorial/ros2_ws_tutorial/build/my_package -- -j8 -l8
[0.555s] [ 50%] [32mBuilding CXX object CMakeFiles/my_node.dir/src/my_node.cpp.o[0m
[0.575s] [100%] [32m[1mLinking CXX executable my_node[0m
[0.610s] [100%] Built target my_node
[0.617s] Invoked command in '/home/sebastianchu/code/ros2_tutorial/ros2_ws_tutorial/build/my_package' returned '0': CMAKE_PREFIX_PATH=${CMAKE_PREFIX_PATH}:/home/sebastianchu/ros2_ws/install/serial_comm:/home/sebastianchu/ros2_ws/install/send_target_joint_degrees:/home/sebastianchu/ros2_ws/install/karura_arm_description:/opt/ros/humble /usr/bin/cmake --build /home/sebastianchu/code/ros2_tutorial/ros2_ws_tutorial/build/my_package -- -j8 -l8
[0.618s] Invoking command in '/home/sebastianchu/code/ros2_tutorial/ros2_ws_tutorial/build/my_package': CMAKE_PREFIX_PATH=${CMAKE_PREFIX_PATH}:/home/sebastianchu/ros2_ws/install/serial_comm:/home/sebastianchu/ros2_ws/install/send_target_joint_degrees:/home/sebastianchu/ros2_ws/install/karura_arm_description:/opt/ros/humble /usr/bin/cmake --install /home/sebastianchu/code/ros2_tutorial/ros2_ws_tutorial/build/my_package
[0.625s] -- Install configuration: ""
[0.625s] -- Installing: /home/sebastianchu/code/ros2_tutorial/ros2_ws_tutorial/install/my_package/lib/my_package/my_node
[0.625s] -- Installing: /home/sebastianchu/code/ros2_tutorial/ros2_ws_tutorial/install/my_package/share/ament_index/resource_index/package_run_dependencies/my_package
[0.625s] -- Installing: /home/sebastianchu/code/ros2_tutorial/ros2_ws_tutorial/install/my_package/share/ament_index/resource_index/parent_prefix_path/my_package
[0.625s] -- Installing: /home/sebastianchu/code/ros2_tutorial/ros2_ws_tutorial/install/my_package/share/my_package/environment/ament_prefix_path.sh
[0.625s] -- Installing: /home/sebastianchu/code/ros2_tutorial/ros2_ws_tutorial/install/my_package/share/my_package/environment/ament_prefix_path.dsv
[0.626s] -- Installing: /home/sebastianchu/code/ros2_tutorial/ros2_ws_tutorial/install/my_package/share/my_package/environment/path.sh
[0.626s] -- Installing: /home/sebastianchu/code/ros2_tutorial/ros2_ws_tutorial/install/my_package/share/my_package/environment/path.dsv
[0.626s] -- Installing: /home/sebastianchu/code/ros2_tutorial/ros2_ws_tutorial/install/my_package/share/my_package/local_setup.bash
[0.626s] -- Installing: /home/sebastianchu/code/ros2_tutorial/ros2_ws_tutorial/install/my_package/share/my_package/local_setup.sh
[0.626s] -- Installing: /home/sebastianchu/code/ros2_tutorial/ros2_ws_tutorial/install/my_package/share/my_package/local_setup.zsh
[0.626s] -- Installing: /home/sebastianchu/code/ros2_tutorial/ros2_ws_tutorial/install/my_package/share/my_package/local_setup.dsv
[0.626s] -- Installing: /home/sebastianchu/code/ros2_tutorial/ros2_ws_tutorial/install/my_package/share/my_package/package.dsv
[0.626s] -- Installing: /home/sebastianchu/code/ros2_tutorial/ros2_ws_tutorial/install/my_package/share/ament_index/resource_index/packages/my_package
[0.626s] -- Installing: /home/sebastianchu/code/ros2_tutorial/ros2_ws_tutorial/install/my_package/share/my_package/cmake/my_packageConfig.cmake
[0.626s] -- Installing: /home/sebastianchu/code/ros2_tutorial/ros2_ws_tutorial/install/my_package/share/my_package/cmake/my_packageConfig-version.cmake
[0.626s] -- Installing: /home/sebastianchu/code/ros2_tutorial/ros2_ws_tutorial/install/my_package/share/my_package/package.xml
[0.628s] Invoked command in '/home/sebastianchu/code/ros2_tutorial/ros2_ws_tutorial/build/my_package' returned '0': CMAKE_PREFIX_PATH=${CMAKE_PREFIX_PATH}:/home/sebastianchu/ros2_ws/install/serial_comm:/home/sebastianchu/ros2_ws/install/send_target_joint_degrees:/home/sebastianchu/ros2_ws/install/karura_arm_description:/opt/ros/humble /usr/bin/cmake --install /home/sebastianchu/code/ros2_tutorial/ros2_ws_tutorial/build/my_package
