[0.010s] Invoking command in '/home/sebastianchu/code/ros2_tutorial/ros2_ws_tutorial/build/cpp_srvcli': AMENT_PREFIX_PATH=/home/sebastianchu/code/ros2_tutorial/ros2_ws_tutorial/install/tutorial_interfaces:${AMENT_PREFIX_PATH} CMAKE_PREFIX_PATH=/home/sebastianchu/code/ros2_tutorial/ros2_ws_tutorial/install/tutorial_interfaces:/home/sebastianchu/code/ros2_tutorial/ros2_ws_tutorial/install/turtlesim:/home/sebastianchu/code/ros2_tutorial/ros2_ws_tutorial/install/my_package:/home/sebastianchu/code/ros2_tutorial/ros2_ws_tutorial/install/cpp_srvcli:/home/sebastianchu/code/ros2_tutorial/ros2_ws_tutorial/install/cpp_pubsub:/home/sebastianchu/ros2_ws/install/moveit_servo:/home/sebastianchu/ros2_ws/install/karura_arm_moveit_config:/home/sebastianchu/ros2_ws/install/arm_controller:/home/sebastianchu/code/ros2_tutorial/ros2_ws_tutorial/install/py_srvcli:/home/sebastianchu/code/ros2_tutorial/ros2_ws_tutorial/install/py_pubsub:/home/sebastianchu/ros2_ws/install/serial_comm:/home/sebastianchu/ros2_ws/install/send_target_joint_degrees:/home/sebastianchu/ros2_ws/install/karura_arm_description:/opt/ros/humble LD_LIBRARY_PATH=/home/sebastianchu/code/ros2_tutorial/ros2_ws_tutorial/install/tutorial_interfaces/lib:${LD_LIBRARY_PATH} PYTHONPATH=/home/sebastianchu/code/ros2_tutorial/ros2_ws_tutorial/install/tutorial_interfaces/local/lib/python3.10/dist-packages:${PYTHONPATH} /usr/bin/cmake --build /home/sebastianchu/code/ros2_tutorial/ros2_ws_tutorial/build/cpp_srvcli -- -j8 -l8
[0.026s] -- Found ament_cmake: 1.3.11 (/opt/ros/humble/share/ament_cmake/cmake)
[0.115s] -- Found rclcpp: 16.0.11 (/opt/ros/humble/share/rclcpp/cmake)
[0.135s] -- Found rosidl_generator_c: 3.1.6 (/opt/ros/humble/share/rosidl_generator_c/cmake)
[0.136s] -- Found rosidl_adapter: 3.1.6 (/opt/ros/humble/share/rosidl_adapter/cmake)
[0.141s] -- Found rosidl_generator_cpp: 3.1.6 (/opt/ros/humble/share/rosidl_generator_cpp/cmake)
[0.147s] -- Using all available rosidl_typesupport_c: rosidl_typesupport_fastrtps_c;rosidl_typesupport_introspection_c
[0.155s] -- Using all available rosidl_typesupport_cpp: rosidl_typesupport_fastrtps_cpp;rosidl_typesupport_introspection_cpp
[0.177s] -- Found rmw_implementation_cmake: 6.1.2 (/opt/ros/humble/share/rmw_implementation_cmake/cmake)
[0.178s] -- Found rmw_fastrtps_cpp: 6.2.7 (/opt/ros/humble/share/rmw_fastrtps_cpp/cmake)
[0.250s] -- Using RMW implementation 'rmw_fastrtps_cpp' as default
[0.283s] -- Found tutorial_interfaces: 0.0.0 (/home/sebastianchu/code/ros2_tutorial/ros2_ws_tutorial/install/tutorial_interfaces/share/tutorial_interfaces/cmake)
[0.349s] -- Configuring done
[0.357s] -- Generating done
[0.361s] -- Build files have been written to: /home/sebastianchu/code/ros2_tutorial/ros2_ws_tutorial/build/cpp_srvcli
[0.378s] [35m[1mConsolidate compiler generated dependencies of target server[0m
[0.378s] [35m[1mConsolidate compiler generated dependencies of target client[0m
[0.390s] [ 50%] [32mBuilding CXX object CMakeFiles/client.dir/src/add_two_ints_client.cpp.o[0m
[0.390s] [ 50%] [32mBuilding CXX object CMakeFiles/server.dir/src/add_two_ints_server.cpp.o[0m
[2.810s] [ 75%] [32m[1mLinking CXX executable server[0m
[2.917s] [ 75%] Built target server
[2.979s] [100%] [32m[1mLinking CXX executable client[0m
[3.087s] [100%] Built target client
[3.099s] Invoked command in '/home/sebastianchu/code/ros2_tutorial/ros2_ws_tutorial/build/cpp_srvcli' returned '0': AMENT_PREFIX_PATH=/home/sebastianchu/code/ros2_tutorial/ros2_ws_tutorial/install/tutorial_interfaces:${AMENT_PREFIX_PATH} CMAKE_PREFIX_PATH=/home/sebastianchu/code/ros2_tutorial/ros2_ws_tutorial/install/tutorial_interfaces:/home/sebastianchu/code/ros2_tutorial/ros2_ws_tutorial/install/turtlesim:/home/sebastianchu/code/ros2_tutorial/ros2_ws_tutorial/install/my_package:/home/sebastianchu/code/ros2_tutorial/ros2_ws_tutorial/install/cpp_srvcli:/home/sebastianchu/code/ros2_tutorial/ros2_ws_tutorial/install/cpp_pubsub:/home/sebastianchu/ros2_ws/install/moveit_servo:/home/sebastianchu/ros2_ws/install/karura_arm_moveit_config:/home/sebastianchu/ros2_ws/install/arm_controller:/home/sebastianchu/code/ros2_tutorial/ros2_ws_tutorial/install/py_srvcli:/home/sebastianchu/code/ros2_tutorial/ros2_ws_tutorial/install/py_pubsub:/home/sebastianchu/ros2_ws/install/serial_comm:/home/sebastianchu/ros2_ws/install/send_target_joint_degrees:/home/sebastianchu/ros2_ws/install/karura_arm_description:/opt/ros/humble LD_LIBRARY_PATH=/home/sebastianchu/code/ros2_tutorial/ros2_ws_tutorial/install/tutorial_interfaces/lib:${LD_LIBRARY_PATH} PYTHONPATH=/home/sebastianchu/code/ros2_tutorial/ros2_ws_tutorial/install/tutorial_interfaces/local/lib/python3.10/dist-packages:${PYTHONPATH} /usr/bin/cmake --build /home/sebastianchu/code/ros2_tutorial/ros2_ws_tutorial/build/cpp_srvcli -- -j8 -l8
[3.105s] Invoking command in '/home/sebastianchu/code/ros2_tutorial/ros2_ws_tutorial/build/cpp_srvcli': AMENT_PREFIX_PATH=/home/sebastianchu/code/ros2_tutorial/ros2_ws_tutorial/install/tutorial_interfaces:${AMENT_PREFIX_PATH} CMAKE_PREFIX_PATH=/home/sebastianchu/code/ros2_tutorial/ros2_ws_tutorial/install/tutorial_interfaces:/home/sebastianchu/code/ros2_tutorial/ros2_ws_tutorial/install/turtlesim:/home/sebastianchu/code/ros2_tutorial/ros2_ws_tutorial/install/my_package:/home/sebastianchu/code/ros2_tutorial/ros2_ws_tutorial/install/cpp_srvcli:/home/sebastianchu/code/ros2_tutorial/ros2_ws_tutorial/install/cpp_pubsub:/home/sebastianchu/ros2_ws/install/moveit_servo:/home/sebastianchu/ros2_ws/install/karura_arm_moveit_config:/home/sebastianchu/ros2_ws/install/arm_controller:/home/sebastianchu/code/ros2_tutorial/ros2_ws_tutorial/install/py_srvcli:/home/sebastianchu/code/ros2_tutorial/ros2_ws_tutorial/install/py_pubsub:/home/sebastianchu/ros2_ws/install/serial_comm:/home/sebastianchu/ros2_ws/install/send_target_joint_degrees:/home/sebastianchu/ros2_ws/install/karura_arm_description:/opt/ros/humble LD_LIBRARY_PATH=/home/sebastianchu/code/ros2_tutorial/ros2_ws_tutorial/install/tutorial_interfaces/lib:${LD_LIBRARY_PATH} PYTHONPATH=/home/sebastianchu/code/ros2_tutorial/ros2_ws_tutorial/install/tutorial_interfaces/local/lib/python3.10/dist-packages:${PYTHONPATH} /usr/bin/cmake --install /home/sebastianchu/code/ros2_tutorial/ros2_ws_tutorial/build/cpp_srvcli
[3.110s] -- Install configuration: ""
[3.110s] -- Installing: /home/sebastianchu/code/ros2_tutorial/ros2_ws_tutorial/install/cpp_srvcli/lib/cpp_srvcli/server
[3.111s] -- Set runtime path of "/home/sebastianchu/code/ros2_tutorial/ros2_ws_tutorial/install/cpp_srvcli/lib/cpp_srvcli/server" to ""
[3.111s] -- Installing: /home/sebastianchu/code/ros2_tutorial/ros2_ws_tutorial/install/cpp_srvcli/lib/cpp_srvcli/client
[3.111s] -- Set runtime path of "/home/sebastianchu/code/ros2_tutorial/ros2_ws_tutorial/install/cpp_srvcli/lib/cpp_srvcli/client" to ""
[3.111s] -- Installing: /home/sebastianchu/code/ros2_tutorial/ros2_ws_tutorial/install/cpp_srvcli/share/ament_index/resource_index/package_run_dependencies/cpp_srvcli
[3.111s] -- Installing: /home/sebastianchu/code/ros2_tutorial/ros2_ws_tutorial/install/cpp_srvcli/share/ament_index/resource_index/parent_prefix_path/cpp_srvcli
[3.111s] -- Up-to-date: /home/sebastianchu/code/ros2_tutorial/ros2_ws_tutorial/install/cpp_srvcli/share/cpp_srvcli/environment/ament_prefix_path.sh
[3.111s] -- Installing: /home/sebastianchu/code/ros2_tutorial/ros2_ws_tutorial/install/cpp_srvcli/share/cpp_srvcli/environment/ament_prefix_path.dsv
[3.111s] -- Up-to-date: /home/sebastianchu/code/ros2_tutorial/ros2_ws_tutorial/install/cpp_srvcli/share/cpp_srvcli/environment/path.sh
[3.112s] -- Installing: /home/sebastianchu/code/ros2_tutorial/ros2_ws_tutorial/install/cpp_srvcli/share/cpp_srvcli/environment/path.dsv
[3.112s] -- Up-to-date: /home/sebastianchu/code/ros2_tutorial/ros2_ws_tutorial/install/cpp_srvcli/share/cpp_srvcli/local_setup.bash
[3.112s] -- Up-to-date: /home/sebastianchu/code/ros2_tutorial/ros2_ws_tutorial/install/cpp_srvcli/share/cpp_srvcli/local_setup.sh
[3.112s] -- Up-to-date: /home/sebastianchu/code/ros2_tutorial/ros2_ws_tutorial/install/cpp_srvcli/share/cpp_srvcli/local_setup.zsh
[3.112s] -- Installing: /home/sebastianchu/code/ros2_tutorial/ros2_ws_tutorial/install/cpp_srvcli/share/cpp_srvcli/local_setup.dsv
[3.112s] -- Installing: /home/sebastianchu/code/ros2_tutorial/ros2_ws_tutorial/install/cpp_srvcli/share/cpp_srvcli/package.dsv
[3.112s] -- Up-to-date: /home/sebastianchu/code/ros2_tutorial/ros2_ws_tutorial/install/cpp_srvcli/share/ament_index/resource_index/packages/cpp_srvcli
[3.112s] -- Up-to-date: /home/sebastianchu/code/ros2_tutorial/ros2_ws_tutorial/install/cpp_srvcli/share/cpp_srvcli/cmake/cpp_srvcliConfig.cmake
[3.112s] -- Up-to-date: /home/sebastianchu/code/ros2_tutorial/ros2_ws_tutorial/install/cpp_srvcli/share/cpp_srvcli/cmake/cpp_srvcliConfig-version.cmake
[3.112s] -- Installing: /home/sebastianchu/code/ros2_tutorial/ros2_ws_tutorial/install/cpp_srvcli/share/cpp_srvcli/package.xml
[3.113s] Invoked command in '/home/sebastianchu/code/ros2_tutorial/ros2_ws_tutorial/build/cpp_srvcli' returned '0': AMENT_PREFIX_PATH=/home/sebastianchu/code/ros2_tutorial/ros2_ws_tutorial/install/tutorial_interfaces:${AMENT_PREFIX_PATH} CMAKE_PREFIX_PATH=/home/sebastianchu/code/ros2_tutorial/ros2_ws_tutorial/install/tutorial_interfaces:/home/sebastianchu/code/ros2_tutorial/ros2_ws_tutorial/install/turtlesim:/home/sebastianchu/code/ros2_tutorial/ros2_ws_tutorial/install/my_package:/home/sebastianchu/code/ros2_tutorial/ros2_ws_tutorial/install/cpp_srvcli:/home/sebastianchu/code/ros2_tutorial/ros2_ws_tutorial/install/cpp_pubsub:/home/sebastianchu/ros2_ws/install/moveit_servo:/home/sebastianchu/ros2_ws/install/karura_arm_moveit_config:/home/sebastianchu/ros2_ws/install/arm_controller:/home/sebastianchu/code/ros2_tutorial/ros2_ws_tutorial/install/py_srvcli:/home/sebastianchu/code/ros2_tutorial/ros2_ws_tutorial/install/py_pubsub:/home/sebastianchu/ros2_ws/install/serial_comm:/home/sebastianchu/ros2_ws/install/send_target_joint_degrees:/home/sebastianchu/ros2_ws/install/karura_arm_description:/opt/ros/humble LD_LIBRARY_PATH=/home/sebastianchu/code/ros2_tutorial/ros2_ws_tutorial/install/tutorial_interfaces/lib:${LD_LIBRARY_PATH} PYTHONPATH=/home/sebastianchu/code/ros2_tutorial/ros2_ws_tutorial/install/tutorial_interfaces/local/lib/python3.10/dist-packages:${PYTHONPATH} /usr/bin/cmake --install /home/sebastianchu/code/ros2_tutorial/ros2_ws_tutorial/build/cpp_srvcli
