[0.021s] Invoking command in '/home/sebastianchu/code/ros2_tutorial/ros2_ws_tutorials/build/my_package': CMAKE_PREFIX_PATH=${CMAKE_PREFIX_PATH}:/home/sebastianchu/ros2_ws/install/serial_comm:/home/sebastianchu/ros2_ws/install/send_target_joint_degrees:/home/sebastianchu/ros2_ws/install/karura_arm_description:/opt/ros/humble /usr/bin/cmake /home/sebastianchu/code/ros2_tutorial/ros2_ws_tutorials/src/my_package -DAMENT_CMAKE_SYMLINK_INSTALL=1 -DCMAKE_INSTALL_PREFIX=/home/sebastianchu/code/ros2_tutorial/ros2_ws_tutorials/install/my_package
[0.347s] -- The C compiler identification is GNU 11.4.0
[0.348s] -- The CXX compiler identification is GNU 11.4.0
[0.348s] -- Detecting C compiler ABI info
[0.348s] -- Detecting C compiler ABI info - done
[0.348s] -- Check for working C compiler: /usr/bin/cc - skipped
[0.348s] -- Detecting C compile features
[0.348s] -- Detecting C compile features - done
[0.348s] -- Detecting CXX compiler ABI info
[0.348s] -- Detecting CXX compiler ABI info - done
[0.348s] -- Check for working CXX compiler: /usr/bin/c++ - skipped
[0.348s] -- Detecting CXX compile features
[0.348s] -- Detecting CXX compile features - done
[0.348s] -- Found ament_cmake: 1.3.11 (/opt/ros/humble/share/ament_cmake/cmake)
[0.461s] -- Found Python3: /usr/bin/python3 (found version "3.10.12") found components: Interpreter 
[0.521s] -- Override CMake install command with custom implementation using symlinks instead of copying resources
[0.560s] -- Found ament_lint_auto: 0.12.11 (/opt/ros/humble/share/ament_lint_auto/cmake)
[0.642s] -- Added test 'cppcheck' to perform static code analysis on C / C++ code
[0.642s] -- Configured cppcheck include dirs: $<BUILD_INTERFACE:/home/sebastianchu/code/ros2_tutorial/ros2_ws_tutorials/src/my_package/include>
[0.642s] -- Configured cppcheck exclude dirs and/or files: 
[0.643s] -- Added test 'lint_cmake' to check CMake code style
[0.644s] -- Added test 'uncrustify' to check C / C++ code style
[0.644s] -- Configured uncrustify additional arguments: 
[0.644s] -- Added test 'xmllint' to check XML markup files
[0.646s] -- Configuring done
[0.649s] -- Generating done
[0.651s] -- Build files have been written to: /home/sebastianchu/code/ros2_tutorial/ros2_ws_tutorials/build/my_package
[0.656s] Invoked command in '/home/sebastianchu/code/ros2_tutorial/ros2_ws_tutorials/build/my_package' returned '0': CMAKE_PREFIX_PATH=${CMAKE_PREFIX_PATH}:/home/sebastianchu/ros2_ws/install/serial_comm:/home/sebastianchu/ros2_ws/install/send_target_joint_degrees:/home/sebastianchu/ros2_ws/install/karura_arm_description:/opt/ros/humble /usr/bin/cmake /home/sebastianchu/code/ros2_tutorial/ros2_ws_tutorials/src/my_package -DAMENT_CMAKE_SYMLINK_INSTALL=1 -DCMAKE_INSTALL_PREFIX=/home/sebastianchu/code/ros2_tutorial/ros2_ws_tutorials/install/my_package
[0.658s] Invoking command in '/home/sebastianchu/code/ros2_tutorial/ros2_ws_tutorials/build/my_package': CMAKE_PREFIX_PATH=${CMAKE_PREFIX_PATH}:/home/sebastianchu/ros2_ws/install/serial_comm:/home/sebastianchu/ros2_ws/install/send_target_joint_degrees:/home/sebastianchu/ros2_ws/install/karura_arm_description:/opt/ros/humble /usr/bin/cmake --build /home/sebastianchu/code/ros2_tutorial/ros2_ws_tutorials/build/my_package -- -j8 -l8
[0.707s] [ 50%] [32mBuilding CXX object CMakeFiles/my_node.dir/src/my_node.cpp.o[0m
[0.733s] [100%] [32m[1mLinking CXX executable my_node[0m
[0.777s] [100%] Built target my_node
[0.789s] Invoked command in '/home/sebastianchu/code/ros2_tutorial/ros2_ws_tutorials/build/my_package' returned '0': CMAKE_PREFIX_PATH=${CMAKE_PREFIX_PATH}:/home/sebastianchu/ros2_ws/install/serial_comm:/home/sebastianchu/ros2_ws/install/send_target_joint_degrees:/home/sebastianchu/ros2_ws/install/karura_arm_description:/opt/ros/humble /usr/bin/cmake --build /home/sebastianchu/code/ros2_tutorial/ros2_ws_tutorials/build/my_package -- -j8 -l8
[0.799s] Invoking command in '/home/sebastianchu/code/ros2_tutorial/ros2_ws_tutorials/build/my_package': CMAKE_PREFIX_PATH=${CMAKE_PREFIX_PATH}:/home/sebastianchu/ros2_ws/install/serial_comm:/home/sebastianchu/ros2_ws/install/send_target_joint_degrees:/home/sebastianchu/ros2_ws/install/karura_arm_description:/opt/ros/humble /usr/bin/cmake --install /home/sebastianchu/code/ros2_tutorial/ros2_ws_tutorials/build/my_package
[0.806s] -- Install configuration: ""
[0.806s] -- Execute custom install script
[0.806s] -- Symlinking: /home/sebastianchu/code/ros2_tutorial/ros2_ws_tutorials/install/my_package/lib/my_package/my_node
[0.814s] -- Symlinking: /home/sebastianchu/code/ros2_tutorial/ros2_ws_tutorials/install/my_package/share/ament_index/resource_index/package_run_dependencies/my_package
[0.820s] -- Symlinking: /home/sebastianchu/code/ros2_tutorial/ros2_ws_tutorials/install/my_package/share/ament_index/resource_index/parent_prefix_path/my_package
[0.828s] -- Symlinking: /home/sebastianchu/code/ros2_tutorial/ros2_ws_tutorials/install/my_package/share/my_package/environment/ament_prefix_path.sh
[0.836s] -- Symlinking: /home/sebastianchu/code/ros2_tutorial/ros2_ws_tutorials/install/my_package/share/my_package/environment/ament_prefix_path.dsv
[0.845s] -- Symlinking: /home/sebastianchu/code/ros2_tutorial/ros2_ws_tutorials/install/my_package/share/my_package/environment/path.sh
[0.854s] -- Symlinking: /home/sebastianchu/code/ros2_tutorial/ros2_ws_tutorials/install/my_package/share/my_package/environment/path.dsv
[0.864s] -- Symlinking: /home/sebastianchu/code/ros2_tutorial/ros2_ws_tutorials/install/my_package/share/my_package/local_setup.bash
[0.876s] -- Symlinking: /home/sebastianchu/code/ros2_tutorial/ros2_ws_tutorials/install/my_package/share/my_package/local_setup.sh
[0.888s] -- Symlinking: /home/sebastianchu/code/ros2_tutorial/ros2_ws_tutorials/install/my_package/share/my_package/local_setup.zsh
[0.897s] -- Symlinking: /home/sebastianchu/code/ros2_tutorial/ros2_ws_tutorials/install/my_package/share/my_package/local_setup.dsv
[0.906s] -- Symlinking: /home/sebastianchu/code/ros2_tutorial/ros2_ws_tutorials/install/my_package/share/my_package/package.dsv
[0.914s] -- Symlinking: /home/sebastianchu/code/ros2_tutorial/ros2_ws_tutorials/install/my_package/share/ament_index/resource_index/packages/my_package
[0.923s] -- Symlinking: /home/sebastianchu/code/ros2_tutorial/ros2_ws_tutorials/install/my_package/share/my_package/cmake/my_packageConfig.cmake
[0.932s] -- Symlinking: /home/sebastianchu/code/ros2_tutorial/ros2_ws_tutorials/install/my_package/share/my_package/cmake/my_packageConfig-version.cmake
[0.941s] -- Symlinking: /home/sebastianchu/code/ros2_tutorial/ros2_ws_tutorials/install/my_package/share/my_package/package.xml
[0.953s] Invoked command in '/home/sebastianchu/code/ros2_tutorial/ros2_ws_tutorials/build/my_package' returned '0': CMAKE_PREFIX_PATH=${CMAKE_PREFIX_PATH}:/home/sebastianchu/ros2_ws/install/serial_comm:/home/sebastianchu/ros2_ws/install/send_target_joint_degrees:/home/sebastianchu/ros2_ws/install/karura_arm_description:/opt/ros/humble /usr/bin/cmake --install /home/sebastianchu/code/ros2_tutorial/ros2_ws_tutorials/build/my_package
