[0.021s] Invoking command in '/home/sebastianchu/code/ros2_tutorial/ros2_ws_tutorials/build/cpp_parameters': CMAKE_PREFIX_PATH=${CMAKE_PREFIX_PATH}:/home/sebastianchu/ros2_ws/install/serial_comm:/home/sebastianchu/ros2_ws/install/send_target_joint_degrees:/home/sebastianchu/ros2_ws/install/karura_arm_description:/opt/ros/humble /usr/bin/cmake /home/sebastianchu/code/ros2_tutorial/ros2_ws_tutorials/src/cpp_parameters -DAMENT_CMAKE_SYMLINK_INSTALL=1 -DCMAKE_INSTALL_PREFIX=/home/sebastianchu/code/ros2_tutorial/ros2_ws_tutorials/install/cpp_parameters
[0.348s] -- The C compiler identification is GNU 11.4.0
[0.348s] -- The CXX compiler identification is GNU 11.4.0
[0.348s] -- Detecting C compiler ABI info
[0.349s] -- Detecting C compiler ABI info - done
[0.350s] -- Check for working C compiler: /usr/bin/cc - skipped
[0.350s] -- Detecting C compile features
[0.350s] -- Detecting C compile features - done
[0.350s] -- Detecting CXX compiler ABI info
[0.350s] -- Detecting CXX compiler ABI info - done
[0.350s] -- Check for working CXX compiler: /usr/bin/c++ - skipped
[0.350s] -- Detecting CXX compile features
[0.350s] -- Detecting CXX compile features - done
[0.350s] -- Found ament_cmake: 1.3.11 (/opt/ros/humble/share/ament_cmake/cmake)
[0.496s] -- Found Python3: /usr/bin/python3 (found version "3.10.12") found components: Interpreter 
[0.551s] -- Override CMake install command with custom implementation using symlinks instead of copying resources
[0.577s] -- Found rclcpp: 16.0.11 (/opt/ros/humble/share/rclcpp/cmake)
[0.620s] -- Found rosidl_generator_c: 3.1.6 (/opt/ros/humble/share/rosidl_generator_c/cmake)
[0.626s] -- Found rosidl_adapter: 3.1.6 (/opt/ros/humble/share/rosidl_adapter/cmake)
[0.636s] -- Found rosidl_generator_cpp: 3.1.6 (/opt/ros/humble/share/rosidl_generator_cpp/cmake)
[0.659s] -- Using all available rosidl_typesupport_c: rosidl_typesupport_fastrtps_c;rosidl_typesupport_introspection_c
[0.687s] -- Using all available rosidl_typesupport_cpp: rosidl_typesupport_fastrtps_cpp;rosidl_typesupport_introspection_cpp
[0.765s] -- Found rmw_implementation_cmake: 6.1.2 (/opt/ros/humble/share/rmw_implementation_cmake/cmake)
[0.769s] -- Found rmw_fastrtps_cpp: 6.2.7 (/opt/ros/humble/share/rmw_fastrtps_cpp/cmake)
[0.892s] -- Found OpenSSL: /usr/lib/x86_64-linux-gnu/libcrypto.so (found version "3.0.2")  
[0.939s] -- Found FastRTPS: /opt/ros/humble/include  
[1.005s] -- Using RMW implementation 'rmw_fastrtps_cpp' as default
[1.018s] -- Looking for pthread.h
[1.087s] -- Looking for pthread.h - found
[1.088s] -- Performing Test CMAKE_HAVE_LIBC_PTHREAD
[1.147s] -- Performing Test CMAKE_HAVE_LIBC_PTHREAD - Success
[1.149s] -- Found Threads: TRUE  
[1.286s] -- Configuring done
[1.296s] -- Generating done
[1.299s] -- Build files have been written to: /home/sebastianchu/code/ros2_tutorial/ros2_ws_tutorials/build/cpp_parameters
[1.307s] Invoked command in '/home/sebastianchu/code/ros2_tutorial/ros2_ws_tutorials/build/cpp_parameters' returned '0': CMAKE_PREFIX_PATH=${CMAKE_PREFIX_PATH}:/home/sebastianchu/ros2_ws/install/serial_comm:/home/sebastianchu/ros2_ws/install/send_target_joint_degrees:/home/sebastianchu/ros2_ws/install/karura_arm_description:/opt/ros/humble /usr/bin/cmake /home/sebastianchu/code/ros2_tutorial/ros2_ws_tutorials/src/cpp_parameters -DAMENT_CMAKE_SYMLINK_INSTALL=1 -DCMAKE_INSTALL_PREFIX=/home/sebastianchu/code/ros2_tutorial/ros2_ws_tutorials/install/cpp_parameters
[1.310s] Invoking command in '/home/sebastianchu/code/ros2_tutorial/ros2_ws_tutorials/build/cpp_parameters': CMAKE_PREFIX_PATH=${CMAKE_PREFIX_PATH}:/home/sebastianchu/ros2_ws/install/serial_comm:/home/sebastianchu/ros2_ws/install/send_target_joint_degrees:/home/sebastianchu/ros2_ws/install/karura_arm_description:/opt/ros/humble /usr/bin/cmake --build /home/sebastianchu/code/ros2_tutorial/ros2_ws_tutorials/build/cpp_parameters -- -j8 -l8
[1.350s] [ 50%] [32mBuilding CXX object CMakeFiles/minimal_param_node.dir/src/cpp_parameters_node.cpp.o[0m
[5.045s] [100%] [32m[1mLinking CXX executable minimal_param_node[0m
[5.171s] [100%] Built target minimal_param_node
[5.184s] Invoked command in '/home/sebastianchu/code/ros2_tutorial/ros2_ws_tutorials/build/cpp_parameters' returned '0': CMAKE_PREFIX_PATH=${CMAKE_PREFIX_PATH}:/home/sebastianchu/ros2_ws/install/serial_comm:/home/sebastianchu/ros2_ws/install/send_target_joint_degrees:/home/sebastianchu/ros2_ws/install/karura_arm_description:/opt/ros/humble /usr/bin/cmake --build /home/sebastianchu/code/ros2_tutorial/ros2_ws_tutorials/build/cpp_parameters -- -j8 -l8
[5.186s] Invoking command in '/home/sebastianchu/code/ros2_tutorial/ros2_ws_tutorials/build/cpp_parameters': CMAKE_PREFIX_PATH=${CMAKE_PREFIX_PATH}:/home/sebastianchu/ros2_ws/install/serial_comm:/home/sebastianchu/ros2_ws/install/send_target_joint_degrees:/home/sebastianchu/ros2_ws/install/karura_arm_description:/opt/ros/humble /usr/bin/cmake --install /home/sebastianchu/code/ros2_tutorial/ros2_ws_tutorials/build/cpp_parameters
[5.191s] -- Install configuration: ""
[5.191s] -- Execute custom install script
[5.191s] -- Symlinking: /home/sebastianchu/code/ros2_tutorial/ros2_ws_tutorials/install/cpp_parameters/lib/cpp_parameters/minimal_param_node
[5.197s] -- Symlinking: /home/sebastianchu/code/ros2_tutorial/ros2_ws_tutorials/install/cpp_parameters/share/cpp_parameters/launch/cpp_parameters_launch.py
[5.203s] -- Symlinking: /home/sebastianchu/code/ros2_tutorial/ros2_ws_tutorials/install/cpp_parameters/share/ament_index/resource_index/package_run_dependencies/cpp_parameters
[5.208s] -- Symlinking: /home/sebastianchu/code/ros2_tutorial/ros2_ws_tutorials/install/cpp_parameters/share/ament_index/resource_index/parent_prefix_path/cpp_parameters
[5.215s] -- Symlinking: /home/sebastianchu/code/ros2_tutorial/ros2_ws_tutorials/install/cpp_parameters/share/cpp_parameters/environment/ament_prefix_path.sh
[5.220s] -- Symlinking: /home/sebastianchu/code/ros2_tutorial/ros2_ws_tutorials/install/cpp_parameters/share/cpp_parameters/environment/ament_prefix_path.dsv
[5.227s] -- Symlinking: /home/sebastianchu/code/ros2_tutorial/ros2_ws_tutorials/install/cpp_parameters/share/cpp_parameters/environment/path.sh
[5.232s] -- Symlinking: /home/sebastianchu/code/ros2_tutorial/ros2_ws_tutorials/install/cpp_parameters/share/cpp_parameters/environment/path.dsv
[5.239s] -- Symlinking: /home/sebastianchu/code/ros2_tutorial/ros2_ws_tutorials/install/cpp_parameters/share/cpp_parameters/local_setup.bash
[5.245s] -- Symlinking: /home/sebastianchu/code/ros2_tutorial/ros2_ws_tutorials/install/cpp_parameters/share/cpp_parameters/local_setup.sh
[5.252s] -- Symlinking: /home/sebastianchu/code/ros2_tutorial/ros2_ws_tutorials/install/cpp_parameters/share/cpp_parameters/local_setup.zsh
[5.257s] -- Symlinking: /home/sebastianchu/code/ros2_tutorial/ros2_ws_tutorials/install/cpp_parameters/share/cpp_parameters/local_setup.dsv
[5.263s] -- Symlinking: /home/sebastianchu/code/ros2_tutorial/ros2_ws_tutorials/install/cpp_parameters/share/cpp_parameters/package.dsv
[5.269s] -- Symlinking: /home/sebastianchu/code/ros2_tutorial/ros2_ws_tutorials/install/cpp_parameters/share/ament_index/resource_index/packages/cpp_parameters
[5.275s] -- Symlinking: /home/sebastianchu/code/ros2_tutorial/ros2_ws_tutorials/install/cpp_parameters/share/cpp_parameters/cmake/cpp_parametersConfig.cmake
[5.282s] -- Symlinking: /home/sebastianchu/code/ros2_tutorial/ros2_ws_tutorials/install/cpp_parameters/share/cpp_parameters/cmake/cpp_parametersConfig-version.cmake
[5.288s] -- Symlinking: /home/sebastianchu/code/ros2_tutorial/ros2_ws_tutorials/install/cpp_parameters/share/cpp_parameters/package.xml
[5.295s] Invoked command in '/home/sebastianchu/code/ros2_tutorial/ros2_ws_tutorials/build/cpp_parameters' returned '0': CMAKE_PREFIX_PATH=${CMAKE_PREFIX_PATH}:/home/sebastianchu/ros2_ws/install/serial_comm:/home/sebastianchu/ros2_ws/install/send_target_joint_degrees:/home/sebastianchu/ros2_ws/install/karura_arm_description:/opt/ros/humble /usr/bin/cmake --install /home/sebastianchu/code/ros2_tutorial/ros2_ws_tutorials/build/cpp_parameters
