[0.077s] DEBUG:colcon:Command line arguments: ['/usr/bin/colcon', 'build', '--packages-select', 'articubot_one']
[0.077s] DEBUG:colcon:Parsed command line arguments: Namespace(log_base=None, log_level=None, verb_name='build', build_base='build', install_base='install', merge_install=False, symlink_install=False, test_result_base=None, continue_on_error=False, executor='parallel', parallel_workers=8, event_handlers=None, ignore_user_meta=False, metas=['./colcon.meta'], base_paths=['.'], packages_ignore=None, packages_ignore_regex=None, paths=None, packages_up_to=None, packages_up_to_regex=None, packages_above=None, packages_above_and_dependencies=None, packages_above_depth=None, packages_select_by_dep=None, packages_skip_by_dep=None, packages_skip_up_to=None, packages_select_build_failed=False, packages_skip_build_finished=False, packages_select_test_failures=False, packages_skip_test_passed=False, packages_select=['articubot_one'], packages_skip=None, packages_select_regex=None, packages_skip_regex=None, packages_start=None, packages_end=None, allow_overriding=[], cmake_args=None, cmake_target=None, cmake_target_skip_unavailable=False, cmake_clean_cache=False, cmake_clean_first=False, cmake_force_configure=False, ament_cmake_args=None, catkin_cmake_args=None, catkin_skip_building_tests=False, mixin_files=None, mixin=None, verb_parser=<colcon_mixin.mixin.mixin_argument.MixinArgumentDecorator object at 0x7ff13b4c3fa0>, verb_extension=<colcon_core.verb.build.BuildVerb object at 0x7ff13b608f10>, main=<bound method BuildVerb.main of <colcon_core.verb.build.BuildVerb object at 0x7ff13b608f10>>, mixin_verb=('build',))
[0.194s] Level 1:colcon.colcon_core.package_discovery:discover_packages(colcon_meta) check parameters
[0.195s] Level 1:colcon.colcon_core.package_discovery:discover_packages(recursive) check parameters
[0.195s] Level 1:colcon.colcon_core.package_discovery:discover_packages(ignore) check parameters
[0.195s] Level 1:colcon.colcon_core.package_discovery:discover_packages(path) check parameters
[0.195s] Level 1:colcon.colcon_core.package_discovery:discover_packages(colcon_meta) discover
[0.195s] Level 1:colcon.colcon_core.package_discovery:discover_packages(recursive) discover
[0.195s] INFO:colcon.colcon_core.package_discovery:Crawling recursively for packages in '/home/sebastianchu/code/ros2_tutorial/ros2_ws_tutorial'
[0.195s] Level 1:colcon.colcon_core.package_identification:_identify(.) by extensions ['ignore', 'ignore_ament_install']
[0.195s] Level 1:colcon.colcon_core.package_identification:_identify(.) by extension 'ignore'
[0.195s] Level 1:colcon.colcon_core.package_identification:_identify(.) by extension 'ignore_ament_install'
[0.195s] Level 1:colcon.colcon_core.package_identification:_identify(.) by extensions ['colcon_pkg']
[0.195s] Level 1:colcon.colcon_core.package_identification:_identify(.) by extension 'colcon_pkg'
[0.195s] Level 1:colcon.colcon_core.package_identification:_identify(.) by extensions ['colcon_meta']
[0.195s] Level 1:colcon.colcon_core.package_identification:_identify(.) by extension 'colcon_meta'
[0.195s] Level 1:colcon.colcon_core.package_identification:_identify(.) by extensions ['ros']
[0.195s] Level 1:colcon.colcon_core.package_identification:_identify(.) by extension 'ros'
[0.202s] Level 1:colcon.colcon_core.package_identification:_identify(.) by extensions ['cmake', 'python']
[0.203s] Level 1:colcon.colcon_core.package_identification:_identify(.) by extension 'cmake'
[0.203s] Level 1:colcon.colcon_core.package_identification:_identify(.) by extension 'python'
[0.203s] Level 1:colcon.colcon_core.package_identification:_identify(.) by extensions ['python_setup_py']
[0.203s] Level 1:colcon.colcon_core.package_identification:_identify(.) by extension 'python_setup_py'
[0.203s] Level 1:colcon.colcon_core.package_identification:_identify(build) by extensions ['ignore', 'ignore_ament_install']
[0.203s] Level 1:colcon.colcon_core.package_identification:_identify(build) by extension 'ignore'
[0.203s] Level 1:colcon.colcon_core.package_identification:_identify(build) ignored
[0.203s] Level 1:colcon.colcon_core.package_identification:_identify(install) by extensions ['ignore', 'ignore_ament_install']
[0.203s] Level 1:colcon.colcon_core.package_identification:_identify(install) by extension 'ignore'
[0.203s] Level 1:colcon.colcon_core.package_identification:_identify(install) ignored
[0.203s] Level 1:colcon.colcon_core.package_identification:_identify(log) by extensions ['ignore', 'ignore_ament_install']
[0.203s] Level 1:colcon.colcon_core.package_identification:_identify(log) by extension 'ignore'
[0.203s] Level 1:colcon.colcon_core.package_identification:_identify(log) ignored
[0.203s] Level 1:colcon.colcon_core.package_identification:_identify(src) by extensions ['ignore', 'ignore_ament_install']
[0.204s] Level 1:colcon.colcon_core.package_identification:_identify(src) by extension 'ignore'
[0.204s] Level 1:colcon.colcon_core.package_identification:_identify(src) by extension 'ignore_ament_install'
[0.204s] Level 1:colcon.colcon_core.package_identification:_identify(src) by extensions ['colcon_pkg']
[0.204s] Level 1:colcon.colcon_core.package_identification:_identify(src) by extension 'colcon_pkg'
[0.204s] Level 1:colcon.colcon_core.package_identification:_identify(src) by extensions ['colcon_meta']
[0.204s] Level 1:colcon.colcon_core.package_identification:_identify(src) by extension 'colcon_meta'
[0.204s] Level 1:colcon.colcon_core.package_identification:_identify(src) by extensions ['ros']
[0.204s] Level 1:colcon.colcon_core.package_identification:_identify(src) by extension 'ros'
[0.204s] Level 1:colcon.colcon_core.package_identification:_identify(src) by extensions ['cmake', 'python']
[0.204s] Level 1:colcon.colcon_core.package_identification:_identify(src) by extension 'cmake'
[0.204s] Level 1:colcon.colcon_core.package_identification:_identify(src) by extension 'python'
[0.204s] Level 1:colcon.colcon_core.package_identification:_identify(src) by extensions ['python_setup_py']
[0.204s] Level 1:colcon.colcon_core.package_identification:_identify(src) by extension 'python_setup_py'
[0.204s] Level 1:colcon.colcon_core.package_identification:_identify(src/articubot_one) by extensions ['ignore', 'ignore_ament_install']
[0.204s] Level 1:colcon.colcon_core.package_identification:_identify(src/articubot_one) by extension 'ignore'
[0.204s] Level 1:colcon.colcon_core.package_identification:_identify(src/articubot_one) by extension 'ignore_ament_install'
[0.204s] Level 1:colcon.colcon_core.package_identification:_identify(src/articubot_one) by extensions ['colcon_pkg']
[0.204s] Level 1:colcon.colcon_core.package_identification:_identify(src/articubot_one) by extension 'colcon_pkg'
[0.204s] Level 1:colcon.colcon_core.package_identification:_identify(src/articubot_one) by extensions ['colcon_meta']
[0.204s] Level 1:colcon.colcon_core.package_identification:_identify(src/articubot_one) by extension 'colcon_meta'
[0.204s] Level 1:colcon.colcon_core.package_identification:_identify(src/articubot_one) by extensions ['ros']
[0.204s] Level 1:colcon.colcon_core.package_identification:_identify(src/articubot_one) by extension 'ros'
[0.206s] DEBUG:colcon.colcon_core.package_identification:Package 'src/articubot_one' with type 'ros.ament_cmake' and name 'articubot_one'
[0.206s] Level 1:colcon.colcon_core.package_identification:_identify(src/cpp_parameters) by extensions ['ignore', 'ignore_ament_install']
[0.206s] Level 1:colcon.colcon_core.package_identification:_identify(src/cpp_parameters) by extension 'ignore'
[0.206s] Level 1:colcon.colcon_core.package_identification:_identify(src/cpp_parameters) by extension 'ignore_ament_install'
[0.206s] Level 1:colcon.colcon_core.package_identification:_identify(src/cpp_parameters) by extensions ['colcon_pkg']
[0.206s] Level 1:colcon.colcon_core.package_identification:_identify(src/cpp_parameters) by extension 'colcon_pkg'
[0.206s] Level 1:colcon.colcon_core.package_identification:_identify(src/cpp_parameters) by extensions ['colcon_meta']
[0.206s] Level 1:colcon.colcon_core.package_identification:_identify(src/cpp_parameters) by extension 'colcon_meta'
[0.206s] Level 1:colcon.colcon_core.package_identification:_identify(src/cpp_parameters) by extensions ['ros']
[0.207s] Level 1:colcon.colcon_core.package_identification:_identify(src/cpp_parameters) by extension 'ros'
[0.207s] DEBUG:colcon.colcon_core.package_identification:Package 'src/cpp_parameters' with type 'ros.ament_cmake' and name 'cpp_parameters'
[0.207s] Level 1:colcon.colcon_core.package_identification:_identify(src/cpp_pubsub) by extensions ['ignore', 'ignore_ament_install']
[0.207s] Level 1:colcon.colcon_core.package_identification:_identify(src/cpp_pubsub) by extension 'ignore'
[0.207s] Level 1:colcon.colcon_core.package_identification:_identify(src/cpp_pubsub) by extension 'ignore_ament_install'
[0.207s] Level 1:colcon.colcon_core.package_identification:_identify(src/cpp_pubsub) by extensions ['colcon_pkg']
[0.207s] Level 1:colcon.colcon_core.package_identification:_identify(src/cpp_pubsub) by extension 'colcon_pkg'
[0.207s] Level 1:colcon.colcon_core.package_identification:_identify(src/cpp_pubsub) by extensions ['colcon_meta']
[0.207s] Level 1:colcon.colcon_core.package_identification:_identify(src/cpp_pubsub) by extension 'colcon_meta'
[0.207s] Level 1:colcon.colcon_core.package_identification:_identify(src/cpp_pubsub) by extensions ['ros']
[0.207s] Level 1:colcon.colcon_core.package_identification:_identify(src/cpp_pubsub) by extension 'ros'
[0.209s] DEBUG:colcon.colcon_core.package_identification:Package 'src/cpp_pubsub' with type 'ros.ament_cmake' and name 'cpp_pubsub'
[0.209s] Level 1:colcon.colcon_core.package_identification:_identify(src/cpp_srvcli) by extensions ['ignore', 'ignore_ament_install']
[0.209s] Level 1:colcon.colcon_core.package_identification:_identify(src/cpp_srvcli) by extension 'ignore'
[0.209s] Level 1:colcon.colcon_core.package_identification:_identify(src/cpp_srvcli) by extension 'ignore_ament_install'
[0.209s] Level 1:colcon.colcon_core.package_identification:_identify(src/cpp_srvcli) by extensions ['colcon_pkg']
[0.209s] Level 1:colcon.colcon_core.package_identification:_identify(src/cpp_srvcli) by extension 'colcon_pkg'
[0.209s] Level 1:colcon.colcon_core.package_identification:_identify(src/cpp_srvcli) by extensions ['colcon_meta']
[0.209s] Level 1:colcon.colcon_core.package_identification:_identify(src/cpp_srvcli) by extension 'colcon_meta'
[0.209s] Level 1:colcon.colcon_core.package_identification:_identify(src/cpp_srvcli) by extensions ['ros']
[0.209s] Level 1:colcon.colcon_core.package_identification:_identify(src/cpp_srvcli) by extension 'ros'
[0.210s] DEBUG:colcon.colcon_core.package_identification:Package 'src/cpp_srvcli' with type 'ros.ament_cmake' and name 'cpp_srvcli'
[0.210s] Level 1:colcon.colcon_core.package_identification:_identify(src/my_package) by extensions ['ignore', 'ignore_ament_install']
[0.210s] Level 1:colcon.colcon_core.package_identification:_identify(src/my_package) by extension 'ignore'
[0.210s] Level 1:colcon.colcon_core.package_identification:_identify(src/my_package) by extension 'ignore_ament_install'
[0.210s] Level 1:colcon.colcon_core.package_identification:_identify(src/my_package) by extensions ['colcon_pkg']
[0.210s] Level 1:colcon.colcon_core.package_identification:_identify(src/my_package) by extension 'colcon_pkg'
[0.210s] Level 1:colcon.colcon_core.package_identification:_identify(src/my_package) by extensions ['colcon_meta']
[0.210s] Level 1:colcon.colcon_core.package_identification:_identify(src/my_package) by extension 'colcon_meta'
[0.210s] Level 1:colcon.colcon_core.package_identification:_identify(src/my_package) by extensions ['ros']
[0.210s] Level 1:colcon.colcon_core.package_identification:_identify(src/my_package) by extension 'ros'
[0.211s] DEBUG:colcon.colcon_core.package_identification:Package 'src/my_package' with type 'ros.ament_cmake' and name 'my_package'
[0.211s] Level 1:colcon.colcon_core.package_identification:_identify(src/py_pubsub) by extensions ['ignore', 'ignore_ament_install']
[0.211s] Level 1:colcon.colcon_core.package_identification:_identify(src/py_pubsub) by extension 'ignore'
[0.211s] Level 1:colcon.colcon_core.package_identification:_identify(src/py_pubsub) by extension 'ignore_ament_install'
[0.211s] Level 1:colcon.colcon_core.package_identification:_identify(src/py_pubsub) by extensions ['colcon_pkg']
[0.211s] Level 1:colcon.colcon_core.package_identification:_identify(src/py_pubsub) by extension 'colcon_pkg'
[0.211s] Level 1:colcon.colcon_core.package_identification:_identify(src/py_pubsub) by extensions ['colcon_meta']
[0.211s] Level 1:colcon.colcon_core.package_identification:_identify(src/py_pubsub) by extension 'colcon_meta'
[0.211s] Level 1:colcon.colcon_core.package_identification:_identify(src/py_pubsub) by extensions ['ros']
[0.211s] Level 1:colcon.colcon_core.package_identification:_identify(src/py_pubsub) by extension 'ros'
[0.211s] DEBUG:colcon.colcon_core.package_identification:Package 'src/py_pubsub' with type 'ros.ament_python' and name 'py_pubsub'
[0.211s] Level 1:colcon.colcon_core.package_identification:_identify(src/py_srvcli) by extensions ['ignore', 'ignore_ament_install']
[0.212s] Level 1:colcon.colcon_core.package_identification:_identify(src/py_srvcli) by extension 'ignore'
[0.212s] Level 1:colcon.colcon_core.package_identification:_identify(src/py_srvcli) by extension 'ignore_ament_install'
[0.212s] Level 1:colcon.colcon_core.package_identification:_identify(src/py_srvcli) by extensions ['colcon_pkg']
[0.212s] Level 1:colcon.colcon_core.package_identification:_identify(src/py_srvcli) by extension 'colcon_pkg'
[0.212s] Level 1:colcon.colcon_core.package_identification:_identify(src/py_srvcli) by extensions ['colcon_meta']
[0.212s] Level 1:colcon.colcon_core.package_identification:_identify(src/py_srvcli) by extension 'colcon_meta'
[0.212s] Level 1:colcon.colcon_core.package_identification:_identify(src/py_srvcli) by extensions ['ros']
[0.212s] Level 1:colcon.colcon_core.package_identification:_identify(src/py_srvcli) by extension 'ros'
[0.212s] DEBUG:colcon.colcon_core.package_identification:Package 'src/py_srvcli' with type 'ros.ament_python' and name 'py_srvcli'
[0.212s] Level 1:colcon.colcon_core.package_identification:_identify(src/ros_tutorials) by extensions ['ignore', 'ignore_ament_install']
[0.212s] Level 1:colcon.colcon_core.package_identification:_identify(src/ros_tutorials) by extension 'ignore'
[0.212s] Level 1:colcon.colcon_core.package_identification:_identify(src/ros_tutorials) by extension 'ignore_ament_install'
[0.212s] Level 1:colcon.colcon_core.package_identification:_identify(src/ros_tutorials) by extensions ['colcon_pkg']
[0.213s] Level 1:colcon.colcon_core.package_identification:_identify(src/ros_tutorials) by extension 'colcon_pkg'
[0.213s] Level 1:colcon.colcon_core.package_identification:_identify(src/ros_tutorials) by extensions ['colcon_meta']
[0.213s] Level 1:colcon.colcon_core.package_identification:_identify(src/ros_tutorials) by extension 'colcon_meta'
[0.213s] Level 1:colcon.colcon_core.package_identification:_identify(src/ros_tutorials) by extensions ['ros']
[0.213s] Level 1:colcon.colcon_core.package_identification:_identify(src/ros_tutorials) by extension 'ros'
[0.213s] Level 1:colcon.colcon_core.package_identification:_identify(src/ros_tutorials) by extensions ['cmake', 'python']
[0.213s] Level 1:colcon.colcon_core.package_identification:_identify(src/ros_tutorials) by extension 'cmake'
[0.213s] Level 1:colcon.colcon_core.package_identification:_identify(src/ros_tutorials) by extension 'python'
[0.213s] Level 1:colcon.colcon_core.package_identification:_identify(src/ros_tutorials) by extensions ['python_setup_py']
[0.213s] Level 1:colcon.colcon_core.package_identification:_identify(src/ros_tutorials) by extension 'python_setup_py'
[0.213s] Level 1:colcon.colcon_core.package_identification:_identify(src/ros_tutorials/ros_tutorials) by extensions ['ignore', 'ignore_ament_install']
[0.213s] Level 1:colcon.colcon_core.package_identification:_identify(src/ros_tutorials/ros_tutorials) by extension 'ignore'
[0.213s] Level 1:colcon.colcon_core.package_identification:_identify(src/ros_tutorials/ros_tutorials) ignored
[0.213s] Level 1:colcon.colcon_core.package_identification:_identify(src/ros_tutorials/roscpp_tutorials) by extensions ['ignore', 'ignore_ament_install']
[0.213s] Level 1:colcon.colcon_core.package_identification:_identify(src/ros_tutorials/roscpp_tutorials) by extension 'ignore'
[0.213s] Level 1:colcon.colcon_core.package_identification:_identify(src/ros_tutorials/roscpp_tutorials) ignored
[0.213s] Level 1:colcon.colcon_core.package_identification:_identify(src/ros_tutorials/rospy_tutorials) by extensions ['ignore', 'ignore_ament_install']
[0.213s] Level 1:colcon.colcon_core.package_identification:_identify(src/ros_tutorials/rospy_tutorials) by extension 'ignore'
[0.213s] Level 1:colcon.colcon_core.package_identification:_identify(src/ros_tutorials/rospy_tutorials) ignored
[0.214s] Level 1:colcon.colcon_core.package_identification:_identify(src/ros_tutorials/turtlesim) by extensions ['ignore', 'ignore_ament_install']
[0.214s] Level 1:colcon.colcon_core.package_identification:_identify(src/ros_tutorials/turtlesim) by extension 'ignore'
[0.214s] Level 1:colcon.colcon_core.package_identification:_identify(src/ros_tutorials/turtlesim) by extension 'ignore_ament_install'
[0.214s] Level 1:colcon.colcon_core.package_identification:_identify(src/ros_tutorials/turtlesim) by extensions ['colcon_pkg']
[0.214s] Level 1:colcon.colcon_core.package_identification:_identify(src/ros_tutorials/turtlesim) by extension 'colcon_pkg'
[0.214s] Level 1:colcon.colcon_core.package_identification:_identify(src/ros_tutorials/turtlesim) by extensions ['colcon_meta']
[0.214s] Level 1:colcon.colcon_core.package_identification:_identify(src/ros_tutorials/turtlesim) by extension 'colcon_meta'
[0.214s] Level 1:colcon.colcon_core.package_identification:_identify(src/ros_tutorials/turtlesim) by extensions ['ros']
[0.214s] Level 1:colcon.colcon_core.package_identification:_identify(src/ros_tutorials/turtlesim) by extension 'ros'
[0.223s] DEBUG:colcon.colcon_core.package_identification:Package 'src/ros_tutorials/turtlesim' with type 'ros.ament_cmake' and name 'turtlesim'
[0.223s] Level 1:colcon.colcon_core.package_identification:_identify(src/tutorial_interfaces) by extensions ['ignore', 'ignore_ament_install']
[0.223s] Level 1:colcon.colcon_core.package_identification:_identify(src/tutorial_interfaces) by extension 'ignore'
[0.223s] Level 1:colcon.colcon_core.package_identification:_identify(src/tutorial_interfaces) by extension 'ignore_ament_install'
[0.223s] Level 1:colcon.colcon_core.package_identification:_identify(src/tutorial_interfaces) by extensions ['colcon_pkg']
[0.223s] Level 1:colcon.colcon_core.package_identification:_identify(src/tutorial_interfaces) by extension 'colcon_pkg'
[0.223s] Level 1:colcon.colcon_core.package_identification:_identify(src/tutorial_interfaces) by extensions ['colcon_meta']
[0.223s] Level 1:colcon.colcon_core.package_identification:_identify(src/tutorial_interfaces) by extension 'colcon_meta'
[0.223s] Level 1:colcon.colcon_core.package_identification:_identify(src/tutorial_interfaces) by extensions ['ros']
[0.223s] Level 1:colcon.colcon_core.package_identification:_identify(src/tutorial_interfaces) by extension 'ros'
[0.224s] DEBUG:colcon.colcon_core.package_identification:Package 'src/tutorial_interfaces' with type 'ros.ament_cmake' and name 'tutorial_interfaces'
[0.224s] Level 1:colcon.colcon_core.package_discovery:discover_packages(recursive) using defaults
[0.224s] Level 1:colcon.colcon_core.package_discovery:discover_packages(ignore) discover
[0.224s] Level 1:colcon.colcon_core.package_discovery:discover_packages(ignore) using defaults
[0.224s] Level 1:colcon.colcon_core.package_discovery:discover_packages(path) discover
[0.224s] Level 1:colcon.colcon_core.package_discovery:discover_packages(path) using defaults
[0.238s] INFO:colcon.colcon_core.package_selection:Skipping not selected package 'cpp_parameters' in 'src/cpp_parameters'
[0.238s] INFO:colcon.colcon_core.package_selection:Skipping not selected package 'my_package' in 'src/my_package'
[0.239s] INFO:colcon.colcon_core.package_selection:Skipping not selected package 'py_pubsub' in 'src/py_pubsub'
[0.239s] INFO:colcon.colcon_core.package_selection:Skipping not selected package 'py_srvcli' in 'src/py_srvcli'
[0.239s] INFO:colcon.colcon_core.package_selection:Skipping not selected package 'turtlesim' in 'src/ros_tutorials/turtlesim'
[0.239s] INFO:colcon.colcon_core.package_selection:Skipping not selected package 'tutorial_interfaces' in 'src/tutorial_interfaces'
[0.239s] INFO:colcon.colcon_core.package_selection:Skipping not selected package 'cpp_pubsub' in 'src/cpp_pubsub'
[0.239s] INFO:colcon.colcon_core.package_selection:Skipping not selected package 'cpp_srvcli' in 'src/cpp_srvcli'
[0.239s] Level 1:colcon.colcon_core.package_discovery:discover_packages(prefix_path) check parameters
[0.239s] Level 1:colcon.colcon_core.package_discovery:discover_packages(prefix_path) discover
[0.240s] DEBUG:colcon.colcon_installed_package_information.package_discovery:Found 9 installed packages in /home/sebastianchu/code/ros2_tutorial/ros2_ws_tutorial/install
[0.241s] DEBUG:colcon.colcon_installed_package_information.package_discovery:Found 6 installed packages in /home/sebastianchu/ros2_ws/install
[0.242s] DEBUG:colcon.colcon_installed_package_information.package_discovery:Found 377 installed packages in /opt/ros/humble
[0.243s] Level 1:colcon.colcon_core.package_discovery:discover_packages(prefix_path) using defaults
[0.275s] Level 5:colcon.colcon_core.verb:set package 'articubot_one' build argument 'cmake_args' from command line to 'None'
[0.275s] Level 5:colcon.colcon_core.verb:set package 'articubot_one' build argument 'cmake_target' from command line to 'None'
[0.275s] Level 5:colcon.colcon_core.verb:set package 'articubot_one' build argument 'cmake_target_skip_unavailable' from command line to 'False'
[0.275s] Level 5:colcon.colcon_core.verb:set package 'articubot_one' build argument 'cmake_clean_cache' from command line to 'False'
[0.275s] Level 5:colcon.colcon_core.verb:set package 'articubot_one' build argument 'cmake_clean_first' from command line to 'False'
[0.275s] Level 5:colcon.colcon_core.verb:set package 'articubot_one' build argument 'cmake_force_configure' from command line to 'False'
[0.275s] Level 5:colcon.colcon_core.verb:set package 'articubot_one' build argument 'ament_cmake_args' from command line to 'None'
[0.275s] Level 5:colcon.colcon_core.verb:set package 'articubot_one' build argument 'catkin_cmake_args' from command line to 'None'
[0.275s] Level 5:colcon.colcon_core.verb:set package 'articubot_one' build argument 'catkin_skip_building_tests' from command line to 'False'
[0.275s] DEBUG:colcon.colcon_core.verb:Building package 'articubot_one' with the following arguments: {'ament_cmake_args': None, 'build_base': '/home/sebastianchu/code/ros2_tutorial/ros2_ws_tutorial/build/articubot_one', 'catkin_cmake_args': None, 'catkin_skip_building_tests': False, 'cmake_args': None, 'cmake_clean_cache': False, 'cmake_clean_first': False, 'cmake_force_configure': False, 'cmake_target': None, 'cmake_target_skip_unavailable': False, 'install_base': '/home/sebastianchu/code/ros2_tutorial/ros2_ws_tutorial/install/articubot_one', 'merge_install': False, 'path': '/home/sebastianchu/code/ros2_tutorial/ros2_ws_tutorial/src/articubot_one', 'symlink_install': False, 'test_result_base': None}
[0.275s] INFO:colcon.colcon_core.executor:Executing jobs using 'parallel' executor
[0.276s] DEBUG:colcon.colcon_parallel_executor.executor.parallel:run_until_complete
[0.276s] INFO:colcon.colcon_ros.task.ament_cmake.build:Building ROS package in '/home/sebastianchu/code/ros2_tutorial/ros2_ws_tutorial/src/articubot_one' with build type 'ament_cmake'
[0.276s] INFO:colcon.colcon_cmake.task.cmake.build:Building CMake package in '/home/sebastianchu/code/ros2_tutorial/ros2_ws_tutorial/src/articubot_one'
[0.278s] INFO:colcon.colcon_core.plugin_system:Skipping extension 'colcon_core.shell.bat': Not used on non-Windows systems
[0.278s] INFO:colcon.colcon_core.shell:Skip shell extension 'powershell' for command environment: Not usable outside of PowerShell
[0.278s] DEBUG:colcon.colcon_core.shell:Skip shell extension 'dsv' for command environment
[0.285s] DEBUG:colcon.colcon_core.event_handler.log_command:Invoking command in '/home/sebastianchu/code/ros2_tutorial/ros2_ws_tutorial/build/articubot_one': CMAKE_PREFIX_PATH=${CMAKE_PREFIX_PATH}:/home/sebastianchu/code/ros2_tutorial/ros2_ws_tutorial/install/py_srvcli:/home/sebastianchu/code/ros2_tutorial/ros2_ws_tutorial/install/py_pubsub:/home/sebastianchu/ros2_ws/install/serial_comm:/home/sebastianchu/ros2_ws/install/send_target_joint_degrees:/home/sebastianchu/ros2_ws/install/karura_arm_description:/opt/ros/humble /usr/bin/cmake /home/sebastianchu/code/ros2_tutorial/ros2_ws_tutorial/src/articubot_one -DCMAKE_INSTALL_PREFIX=/home/sebastianchu/code/ros2_tutorial/ros2_ws_tutorial/install/articubot_one
[0.449s] DEBUG:colcon.colcon_core.event_handler.log_command:Invoked command in '/home/sebastianchu/code/ros2_tutorial/ros2_ws_tutorial/build/articubot_one' returned '0': CMAKE_PREFIX_PATH=${CMAKE_PREFIX_PATH}:/home/sebastianchu/code/ros2_tutorial/ros2_ws_tutorial/install/py_srvcli:/home/sebastianchu/code/ros2_tutorial/ros2_ws_tutorial/install/py_pubsub:/home/sebastianchu/ros2_ws/install/serial_comm:/home/sebastianchu/ros2_ws/install/send_target_joint_degrees:/home/sebastianchu/ros2_ws/install/karura_arm_description:/opt/ros/humble /usr/bin/cmake /home/sebastianchu/code/ros2_tutorial/ros2_ws_tutorial/src/articubot_one -DCMAKE_INSTALL_PREFIX=/home/sebastianchu/code/ros2_tutorial/ros2_ws_tutorial/install/articubot_one
[0.451s] DEBUG:colcon.colcon_core.event_handler.log_command:Invoking command in '/home/sebastianchu/code/ros2_tutorial/ros2_ws_tutorial/build/articubot_one': CMAKE_PREFIX_PATH=${CMAKE_PREFIX_PATH}:/home/sebastianchu/code/ros2_tutorial/ros2_ws_tutorial/install/py_srvcli:/home/sebastianchu/code/ros2_tutorial/ros2_ws_tutorial/install/py_pubsub:/home/sebastianchu/ros2_ws/install/serial_comm:/home/sebastianchu/ros2_ws/install/send_target_joint_degrees:/home/sebastianchu/ros2_ws/install/karura_arm_description:/opt/ros/humble /usr/bin/cmake --build /home/sebastianchu/code/ros2_tutorial/ros2_ws_tutorial/build/articubot_one -- -j8 -l8
[0.476s] DEBUG:colcon.colcon_core.event_handler.log_command:Invoked command in '/home/sebastianchu/code/ros2_tutorial/ros2_ws_tutorial/build/articubot_one' returned '0': CMAKE_PREFIX_PATH=${CMAKE_PREFIX_PATH}:/home/sebastianchu/code/ros2_tutorial/ros2_ws_tutorial/install/py_srvcli:/home/sebastianchu/code/ros2_tutorial/ros2_ws_tutorial/install/py_pubsub:/home/sebastianchu/ros2_ws/install/serial_comm:/home/sebastianchu/ros2_ws/install/send_target_joint_degrees:/home/sebastianchu/ros2_ws/install/karura_arm_description:/opt/ros/humble /usr/bin/cmake --build /home/sebastianchu/code/ros2_tutorial/ros2_ws_tutorial/build/articubot_one -- -j8 -l8
[0.482s] DEBUG:colcon.colcon_core.event_handler.log_command:Invoking command in '/home/sebastianchu/code/ros2_tutorial/ros2_ws_tutorial/build/articubot_one': CMAKE_PREFIX_PATH=${CMAKE_PREFIX_PATH}:/home/sebastianchu/code/ros2_tutorial/ros2_ws_tutorial/install/py_srvcli:/home/sebastianchu/code/ros2_tutorial/ros2_ws_tutorial/install/py_pubsub:/home/sebastianchu/ros2_ws/install/serial_comm:/home/sebastianchu/ros2_ws/install/send_target_joint_degrees:/home/sebastianchu/ros2_ws/install/karura_arm_description:/opt/ros/humble /usr/bin/cmake --install /home/sebastianchu/code/ros2_tutorial/ros2_ws_tutorial/build/articubot_one
[0.493s] Level 1:colcon.colcon_core.environment:create_environment_scripts_only(articubot_one)
[0.493s] DEBUG:colcon.colcon_core.event_handler.log_command:Invoked command in '/home/sebastianchu/code/ros2_tutorial/ros2_ws_tutorial/build/articubot_one' returned '0': CMAKE_PREFIX_PATH=${CMAKE_PREFIX_PATH}:/home/sebastianchu/code/ros2_tutorial/ros2_ws_tutorial/install/py_srvcli:/home/sebastianchu/code/ros2_tutorial/ros2_ws_tutorial/install/py_pubsub:/home/sebastianchu/ros2_ws/install/serial_comm:/home/sebastianchu/ros2_ws/install/send_target_joint_degrees:/home/sebastianchu/ros2_ws/install/karura_arm_description:/opt/ros/humble /usr/bin/cmake --install /home/sebastianchu/code/ros2_tutorial/ros2_ws_tutorial/build/articubot_one
[0.496s] Level 1:colcon.colcon_core.environment:checking '/home/sebastianchu/code/ros2_tutorial/ros2_ws_tutorial/install/articubot_one' for CMake module files
[0.497s] Level 1:colcon.colcon_core.environment:checking '/home/sebastianchu/code/ros2_tutorial/ros2_ws_tutorial/install/articubot_one' for CMake config files
[0.497s] Level 1:colcon.colcon_core.shell:create_environment_hook('articubot_one', 'cmake_prefix_path')
[0.497s] INFO:colcon.colcon_core.shell:Creating environment hook '/home/sebastianchu/code/ros2_tutorial/ros2_ws_tutorial/install/articubot_one/share/articubot_one/hook/cmake_prefix_path.ps1'
[0.498s] INFO:colcon.colcon_core.shell:Creating environment descriptor '/home/sebastianchu/code/ros2_tutorial/ros2_ws_tutorial/install/articubot_one/share/articubot_one/hook/cmake_prefix_path.dsv'
[0.498s] INFO:colcon.colcon_core.shell:Creating environment hook '/home/sebastianchu/code/ros2_tutorial/ros2_ws_tutorial/install/articubot_one/share/articubot_one/hook/cmake_prefix_path.sh'
[0.499s] Level 1:colcon.colcon_core.environment:checking '/home/sebastianchu/code/ros2_tutorial/ros2_ws_tutorial/install/articubot_one/bin'
[0.499s] Level 1:colcon.colcon_core.environment:checking '/home/sebastianchu/code/ros2_tutorial/ros2_ws_tutorial/install/articubot_one/lib/pkgconfig/articubot_one.pc'
[0.499s] Level 1:colcon.colcon_core.environment:checking '/home/sebastianchu/code/ros2_tutorial/ros2_ws_tutorial/install/articubot_one/lib/python3.10/site-packages'
[0.500s] Level 1:colcon.colcon_core.environment:checking '/home/sebastianchu/code/ros2_tutorial/ros2_ws_tutorial/install/articubot_one/bin'
[0.500s] INFO:colcon.colcon_core.shell:Creating package script '/home/sebastianchu/code/ros2_tutorial/ros2_ws_tutorial/install/articubot_one/share/articubot_one/package.ps1'
[0.501s] INFO:colcon.colcon_core.shell:Creating package descriptor '/home/sebastianchu/code/ros2_tutorial/ros2_ws_tutorial/install/articubot_one/share/articubot_one/package.dsv'
[0.501s] INFO:colcon.colcon_core.shell:Creating package script '/home/sebastianchu/code/ros2_tutorial/ros2_ws_tutorial/install/articubot_one/share/articubot_one/package.sh'
[0.502s] INFO:colcon.colcon_core.shell:Creating package script '/home/sebastianchu/code/ros2_tutorial/ros2_ws_tutorial/install/articubot_one/share/articubot_one/package.bash'
[0.503s] INFO:colcon.colcon_core.shell:Creating package script '/home/sebastianchu/code/ros2_tutorial/ros2_ws_tutorial/install/articubot_one/share/articubot_one/package.zsh'
[0.504s] Level 1:colcon.colcon_core.environment:create_file_with_runtime_dependencies(/home/sebastianchu/code/ros2_tutorial/ros2_ws_tutorial/install/articubot_one/share/colcon-core/packages/articubot_one)
[0.505s] Level 1:colcon.colcon_core.environment:create_environment_scripts_only(articubot_one)
[0.505s] Level 1:colcon.colcon_core.environment:checking '/home/sebastianchu/code/ros2_tutorial/ros2_ws_tutorial/install/articubot_one' for CMake module files
[0.505s] Level 1:colcon.colcon_core.environment:checking '/home/sebastianchu/code/ros2_tutorial/ros2_ws_tutorial/install/articubot_one' for CMake config files
[0.506s] Level 1:colcon.colcon_core.shell:create_environment_hook('articubot_one', 'cmake_prefix_path')
[0.506s] INFO:colcon.colcon_core.shell:Creating environment hook '/home/sebastianchu/code/ros2_tutorial/ros2_ws_tutorial/install/articubot_one/share/articubot_one/hook/cmake_prefix_path.ps1'
[0.506s] INFO:colcon.colcon_core.shell:Creating environment descriptor '/home/sebastianchu/code/ros2_tutorial/ros2_ws_tutorial/install/articubot_one/share/articubot_one/hook/cmake_prefix_path.dsv'
[0.506s] INFO:colcon.colcon_core.shell:Creating environment hook '/home/sebastianchu/code/ros2_tutorial/ros2_ws_tutorial/install/articubot_one/share/articubot_one/hook/cmake_prefix_path.sh'
[0.507s] Level 1:colcon.colcon_core.environment:checking '/home/sebastianchu/code/ros2_tutorial/ros2_ws_tutorial/install/articubot_one/bin'
[0.507s] Level 1:colcon.colcon_core.environment:checking '/home/sebastianchu/code/ros2_tutorial/ros2_ws_tutorial/install/articubot_one/lib/pkgconfig/articubot_one.pc'
[0.507s] Level 1:colcon.colcon_core.environment:checking '/home/sebastianchu/code/ros2_tutorial/ros2_ws_tutorial/install/articubot_one/lib/python3.10/site-packages'
[0.507s] Level 1:colcon.colcon_core.environment:checking '/home/sebastianchu/code/ros2_tutorial/ros2_ws_tutorial/install/articubot_one/bin'
[0.508s] INFO:colcon.colcon_core.shell:Creating package script '/home/sebastianchu/code/ros2_tutorial/ros2_ws_tutorial/install/articubot_one/share/articubot_one/package.ps1'
[0.508s] INFO:colcon.colcon_core.shell:Creating package descriptor '/home/sebastianchu/code/ros2_tutorial/ros2_ws_tutorial/install/articubot_one/share/articubot_one/package.dsv'
[0.508s] INFO:colcon.colcon_core.shell:Creating package script '/home/sebastianchu/code/ros2_tutorial/ros2_ws_tutorial/install/articubot_one/share/articubot_one/package.sh'
[0.509s] INFO:colcon.colcon_core.shell:Creating package script '/home/sebastianchu/code/ros2_tutorial/ros2_ws_tutorial/install/articubot_one/share/articubot_one/package.bash'
[0.509s] INFO:colcon.colcon_core.shell:Creating package script '/home/sebastianchu/code/ros2_tutorial/ros2_ws_tutorial/install/articubot_one/share/articubot_one/package.zsh'
[0.509s] Level 1:colcon.colcon_core.environment:create_file_with_runtime_dependencies(/home/sebastianchu/code/ros2_tutorial/ros2_ws_tutorial/install/articubot_one/share/colcon-core/packages/articubot_one)
[0.509s] DEBUG:colcon.colcon_parallel_executor.executor.parallel:closing loop
[0.510s] DEBUG:colcon.colcon_parallel_executor.executor.parallel:loop closed
[0.510s] DEBUG:colcon.colcon_parallel_executor.executor.parallel:run_until_complete finished with '0'
[0.510s] DEBUG:colcon.colcon_core.event_reactor:joining thread
[0.513s] INFO:colcon.colcon_core.plugin_system:Skipping extension 'colcon_notification.desktop_notification.terminal_notifier': Not used on non-Darwin systems
[0.514s] INFO:colcon.colcon_core.plugin_system:Skipping extension 'colcon_notification.desktop_notification.win32': Not used on non-Windows systems
[0.514s] INFO:colcon.colcon_notification.desktop_notification:Sending desktop notification using 'notify2'
[0.516s] DEBUG:colcon.colcon_core.event_reactor:joined thread
[0.516s] INFO:colcon.colcon_core.shell:Creating prefix script '/home/sebastianchu/code/ros2_tutorial/ros2_ws_tutorial/install/local_setup.ps1'
[0.517s] INFO:colcon.colcon_core.shell:Creating prefix util module '/home/sebastianchu/code/ros2_tutorial/ros2_ws_tutorial/install/_local_setup_util_ps1.py'
[0.518s] INFO:colcon.colcon_core.shell:Creating prefix chain script '/home/sebastianchu/code/ros2_tutorial/ros2_ws_tutorial/install/setup.ps1'
[0.520s] INFO:colcon.colcon_core.shell:Creating prefix script '/home/sebastianchu/code/ros2_tutorial/ros2_ws_tutorial/install/local_setup.sh'
[0.520s] INFO:colcon.colcon_core.shell:Creating prefix util module '/home/sebastianchu/code/ros2_tutorial/ros2_ws_tutorial/install/_local_setup_util_sh.py'
[0.521s] INFO:colcon.colcon_core.shell:Creating prefix chain script '/home/sebastianchu/code/ros2_tutorial/ros2_ws_tutorial/install/setup.sh'
[0.522s] INFO:colcon.colcon_core.shell:Creating prefix script '/home/sebastianchu/code/ros2_tutorial/ros2_ws_tutorial/install/local_setup.bash'
[0.522s] INFO:colcon.colcon_core.shell:Creating prefix chain script '/home/sebastianchu/code/ros2_tutorial/ros2_ws_tutorial/install/setup.bash'
[0.523s] INFO:colcon.colcon_core.shell:Creating prefix script '/home/sebastianchu/code/ros2_tutorial/ros2_ws_tutorial/install/local_setup.zsh'
[0.524s] INFO:colcon.colcon_core.shell:Creating prefix chain script '/home/sebastianchu/code/ros2_tutorial/ros2_ws_tutorial/install/setup.zsh'
