[0.508s] Invoking command in '/home/sebastianchu/code/ros2_tutorial/ros2_ws_tutorial/src/py_srvcli': PYTHONPATH=/home/sebastianchu/code/ros2_tutorial/ros2_ws_tutorial/build/py_srvcli/prefix_override:/usr/lib/python3/dist-packages/colcon_core/task/python/colcon_distutils_commands:/home/sebastianchu/code/ros2_tutorial/ros2_ws_tutorial/install/py_srvcli/lib/python3.10/site-packages:${PYTHONPATH} /usr/bin/python3 -W ignore:setup.py install is deprecated -W ignore:easy_install command is deprecated setup.py egg_info --egg-base ../../build/py_srvcli build --build-base /home/sebastianchu/code/ros2_tutorial/ros2_ws_tutorial/build/py_srvcli/build install --record /home/sebastianchu/code/ros2_tutorial/ros2_ws_tutorial/build/py_srvcli/install.log --single-version-externally-managed install_data
[0.674s] running egg_info
[0.674s] creating ../../build/py_srvcli/py_srvcli.egg-info
[0.674s] writing ../../build/py_srvcli/py_srvcli.egg-info/PKG-INFO
[0.675s] writing dependency_links to ../../build/py_srvcli/py_srvcli.egg-info/dependency_links.txt
[0.675s] writing entry points to ../../build/py_srvcli/py_srvcli.egg-info/entry_points.txt
[0.675s] writing requirements to ../../build/py_srvcli/py_srvcli.egg-info/requires.txt
[0.675s] writing top-level names to ../../build/py_srvcli/py_srvcli.egg-info/top_level.txt
[0.675s] writing manifest file '../../build/py_srvcli/py_srvcli.egg-info/SOURCES.txt'
[0.676s] reading manifest file '../../build/py_srvcli/py_srvcli.egg-info/SOURCES.txt'
[0.676s] adding license file 'LICENSE'
[0.677s] writing manifest file '../../build/py_srvcli/py_srvcli.egg-info/SOURCES.txt'
[0.677s] running build
[0.677s] running build_py
[0.677s] creating /home/sebastianchu/code/ros2_tutorial/ros2_ws_tutorial/build/py_srvcli/build
[0.677s] creating /home/sebastianchu/code/ros2_tutorial/ros2_ws_tutorial/build/py_srvcli/build/lib
[0.677s] creating /home/sebastianchu/code/ros2_tutorial/ros2_ws_tutorial/build/py_srvcli/build/lib/py_srvcli
[0.677s] copying py_srvcli/service_member_function.py -> /home/sebastianchu/code/ros2_tutorial/ros2_ws_tutorial/build/py_srvcli/build/lib/py_srvcli
[0.677s] copying py_srvcli/__init__.py -> /home/sebastianchu/code/ros2_tutorial/ros2_ws_tutorial/build/py_srvcli/build/lib/py_srvcli
[0.677s] copying py_srvcli/client_member_function.py -> /home/sebastianchu/code/ros2_tutorial/ros2_ws_tutorial/build/py_srvcli/build/lib/py_srvcli
[0.677s] running install
[0.677s] running install_lib
[0.678s] creating /home/sebastianchu/code/ros2_tutorial/ros2_ws_tutorial/install/py_srvcli/lib/python3.10/site-packages/py_srvcli
[0.678s] copying /home/sebastianchu/code/ros2_tutorial/ros2_ws_tutorial/build/py_srvcli/build/lib/py_srvcli/service_member_function.py -> /home/sebastianchu/code/ros2_tutorial/ros2_ws_tutorial/install/py_srvcli/lib/python3.10/site-packages/py_srvcli
[0.678s] copying /home/sebastianchu/code/ros2_tutorial/ros2_ws_tutorial/build/py_srvcli/build/lib/py_srvcli/__init__.py -> /home/sebastianchu/code/ros2_tutorial/ros2_ws_tutorial/install/py_srvcli/lib/python3.10/site-packages/py_srvcli
[0.678s] copying /home/sebastianchu/code/ros2_tutorial/ros2_ws_tutorial/build/py_srvcli/build/lib/py_srvcli/client_member_function.py -> /home/sebastianchu/code/ros2_tutorial/ros2_ws_tutorial/install/py_srvcli/lib/python3.10/site-packages/py_srvcli
[0.678s] byte-compiling /home/sebastianchu/code/ros2_tutorial/ros2_ws_tutorial/install/py_srvcli/lib/python3.10/site-packages/py_srvcli/service_member_function.py to service_member_function.cpython-310.pyc
[0.679s] byte-compiling /home/sebastianchu/code/ros2_tutorial/ros2_ws_tutorial/install/py_srvcli/lib/python3.10/site-packages/py_srvcli/__init__.py to __init__.cpython-310.pyc
[0.679s] byte-compiling /home/sebastianchu/code/ros2_tutorial/ros2_ws_tutorial/install/py_srvcli/lib/python3.10/site-packages/py_srvcli/client_member_function.py to client_member_function.cpython-310.pyc
[0.679s] running install_data
[0.679s] creating /home/sebastianchu/code/ros2_tutorial/ros2_ws_tutorial/install/py_srvcli/share/ament_index
[0.679s] creating /home/sebastianchu/code/ros2_tutorial/ros2_ws_tutorial/install/py_srvcli/share/ament_index/resource_index
[0.679s] creating /home/sebastianchu/code/ros2_tutorial/ros2_ws_tutorial/install/py_srvcli/share/ament_index/resource_index/packages
[0.679s] copying resource/py_srvcli -> /home/sebastianchu/code/ros2_tutorial/ros2_ws_tutorial/install/py_srvcli/share/ament_index/resource_index/packages
[0.679s] copying package.xml -> /home/sebastianchu/code/ros2_tutorial/ros2_ws_tutorial/install/py_srvcli/share/py_srvcli
[0.679s] running install_egg_info
[0.680s] Copying ../../build/py_srvcli/py_srvcli.egg-info to /home/sebastianchu/code/ros2_tutorial/ros2_ws_tutorial/install/py_srvcli/lib/python3.10/site-packages/py_srvcli-0.0.0-py3.10.egg-info
[0.681s] running install_scripts
[0.695s] Installing client script to /home/sebastianchu/code/ros2_tutorial/ros2_ws_tutorial/install/py_srvcli/lib/py_srvcli
[0.695s] Installing service script to /home/sebastianchu/code/ros2_tutorial/ros2_ws_tutorial/install/py_srvcli/lib/py_srvcli
[0.695s] writing list of installed files to '/home/sebastianchu/code/ros2_tutorial/ros2_ws_tutorial/build/py_srvcli/install.log'
[0.713s] Invoked command in '/home/sebastianchu/code/ros2_tutorial/ros2_ws_tutorial/src/py_srvcli' returned '0': PYTHONPATH=/home/sebastianchu/code/ros2_tutorial/ros2_ws_tutorial/build/py_srvcli/prefix_override:/usr/lib/python3/dist-packages/colcon_core/task/python/colcon_distutils_commands:/home/sebastianchu/code/ros2_tutorial/ros2_ws_tutorial/install/py_srvcli/lib/python3.10/site-packages:${PYTHONPATH} /usr/bin/python3 -W ignore:setup.py install is deprecated -W ignore:easy_install command is deprecated setup.py egg_info --egg-base ../../build/py_srvcli build --build-base /home/sebastianchu/code/ros2_tutorial/ros2_ws_tutorial/build/py_srvcli/build install --record /home/sebastianchu/code/ros2_tutorial/ros2_ws_tutorial/build/py_srvcli/install.log --single-version-externally-managed install_data
