[0.055s] Invoking command in '/home/sebastianchu/code/ros2_tutorial/ros2_ws_tutorial/build/cpp_parameters': CMAKE_PREFIX_PATH=${CMAKE_PREFIX_PATH}:/home/sebastianchu/code/ros2_tutorial/ros2_ws_tutorial/install/py_srvcli:/home/sebastianchu/code/ros2_tutorial/ros2_ws_tutorial/install/py_pubsub:/home/sebastianchu/ros2_ws/install/serial_comm:/home/sebastianchu/ros2_ws/install/send_target_joint_degrees:/home/sebastianchu/ros2_ws/install/karura_arm_description:/opt/ros/humble /usr/bin/cmake --build /home/sebastianchu/code/ros2_tutorial/ros2_ws_tutorial/build/cpp_parameters -- -j8 -l8
[0.841s] [100%] Built target minimal_param_node
[0.847s] Invoked command in '/home/sebastianchu/code/ros2_tutorial/ros2_ws_tutorial/build/cpp_parameters' returned '0': CMAKE_PREFIX_PATH=${CMAKE_PREFIX_PATH}:/home/sebastianchu/code/ros2_tutorial/ros2_ws_tutorial/install/py_srvcli:/home/sebastianchu/code/ros2_tutorial/ros2_ws_tutorial/install/py_pubsub:/home/sebastianchu/ros2_ws/install/serial_comm:/home/sebastianchu/ros2_ws/install/send_target_joint_degrees:/home/sebastianchu/ros2_ws/install/karura_arm_description:/opt/ros/humble /usr/bin/cmake --build /home/sebastianchu/code/ros2_tutorial/ros2_ws_tutorial/build/cpp_parameters -- -j8 -l8
[0.858s] Invoking command in '/home/sebastianchu/code/ros2_tutorial/ros2_ws_tutorial/build/cpp_parameters': CMAKE_PREFIX_PATH=${CMAKE_PREFIX_PATH}:/home/sebastianchu/code/ros2_tutorial/ros2_ws_tutorial/install/py_srvcli:/home/sebastianchu/code/ros2_tutorial/ros2_ws_tutorial/install/py_pubsub:/home/sebastianchu/ros2_ws/install/serial_comm:/home/sebastianchu/ros2_ws/install/send_target_joint_degrees:/home/sebastianchu/ros2_ws/install/karura_arm_description:/opt/ros/humble /usr/bin/cmake --install /home/sebastianchu/code/ros2_tutorial/ros2_ws_tutorial/build/cpp_parameters
[0.888s] -- Install configuration: ""
[0.889s] -- Execute custom install script
[0.889s] -- Up-to-date symlink: /home/sebastianchu/code/ros2_tutorial/ros2_ws_tutorial/install/cpp_parameters/lib/cpp_parameters/minimal_param_node
[0.889s] -- Up-to-date symlink: /home/sebastianchu/code/ros2_tutorial/ros2_ws_tutorial/install/cpp_parameters/share/cpp_parameters/launch/cpp_parameters_launch.py
[0.889s] -- Up-to-date symlink: /home/sebastianchu/code/ros2_tutorial/ros2_ws_tutorial/install/cpp_parameters/share/ament_index/resource_index/package_run_dependencies/cpp_parameters
[0.889s] -- Up-to-date symlink: /home/sebastianchu/code/ros2_tutorial/ros2_ws_tutorial/install/cpp_parameters/share/ament_index/resource_index/parent_prefix_path/cpp_parameters
[0.889s] -- Up-to-date symlink: /home/sebastianchu/code/ros2_tutorial/ros2_ws_tutorial/install/cpp_parameters/share/cpp_parameters/environment/ament_prefix_path.sh
[0.889s] -- Up-to-date symlink: /home/sebastianchu/code/ros2_tutorial/ros2_ws_tutorial/install/cpp_parameters/share/cpp_parameters/environment/ament_prefix_path.dsv
[0.889s] -- Up-to-date symlink: /home/sebastianchu/code/ros2_tutorial/ros2_ws_tutorial/install/cpp_parameters/share/cpp_parameters/environment/path.sh
[0.890s] -- Up-to-date symlink: /home/sebastianchu/code/ros2_tutorial/ros2_ws_tutorial/install/cpp_parameters/share/cpp_parameters/environment/path.dsv
[0.890s] -- Up-to-date symlink: /home/sebastianchu/code/ros2_tutorial/ros2_ws_tutorial/install/cpp_parameters/share/cpp_parameters/local_setup.bash
[0.890s] -- Up-to-date symlink: /home/sebastianchu/code/ros2_tutorial/ros2_ws_tutorial/install/cpp_parameters/share/cpp_parameters/local_setup.sh
[0.890s] -- Up-to-date symlink: /home/sebastianchu/code/ros2_tutorial/ros2_ws_tutorial/install/cpp_parameters/share/cpp_parameters/local_setup.zsh
[0.890s] -- Up-to-date symlink: /home/sebastianchu/code/ros2_tutorial/ros2_ws_tutorial/install/cpp_parameters/share/cpp_parameters/local_setup.dsv
[0.890s] -- Symlinking: /home/sebastianchu/code/ros2_tutorial/ros2_ws_tutorial/install/cpp_parameters/share/cpp_parameters/package.dsv
[0.890s] -- Up-to-date symlink: /home/sebastianchu/code/ros2_tutorial/ros2_ws_tutorial/install/cpp_parameters/share/ament_index/resource_index/packages/cpp_parameters
[0.894s] -- Up-to-date symlink: /home/sebastianchu/code/ros2_tutorial/ros2_ws_tutorial/install/cpp_parameters/share/cpp_parameters/cmake/cpp_parametersConfig.cmake
[0.894s] -- Up-to-date symlink: /home/sebastianchu/code/ros2_tutorial/ros2_ws_tutorial/install/cpp_parameters/share/cpp_parameters/cmake/cpp_parametersConfig-version.cmake
[0.894s] -- Up-to-date symlink: /home/sebastianchu/code/ros2_tutorial/ros2_ws_tutorial/install/cpp_parameters/share/cpp_parameters/package.xml
