[0.013s] Invoking command in '/home/sebastianchu/code/ros2_tutorial/ros2_ws_tutorial/build/cpp_pubsub': AMENT_PREFIX_PATH=/home/sebastianchu/code/ros2_tutorial/ros2_ws_tutorial/install/tutorial_interfaces:${AMENT_PREFIX_PATH} CMAKE_PREFIX_PATH=/home/sebastianchu/code/ros2_tutorial/ros2_ws_tutorial/install/tutorial_interfaces:/home/sebastianchu/code/ros2_tutorial/ros2_ws_tutorial/install/turtlesim:/home/sebastianchu/code/ros2_tutorial/ros2_ws_tutorial/install/my_package:/home/sebastianchu/code/ros2_tutorial/ros2_ws_tutorial/install/cpp_srvcli:/home/sebastianchu/code/ros2_tutorial/ros2_ws_tutorial/install/cpp_pubsub:/home/sebastianchu/ros2_ws/install/moveit_servo:/home/sebastianchu/ros2_ws/install/karura_arm_moveit_config:/home/sebastianchu/ros2_ws/install/arm_controller:/home/sebastianchu/code/ros2_tutorial/ros2_ws_tutorial/install/py_srvcli:/home/sebastianchu/code/ros2_tutorial/ros2_ws_tutorial/install/py_pubsub:/home/sebastianchu/ros2_ws/install/serial_comm:/home/sebastianchu/ros2_ws/install/send_target_joint_degrees:/home/sebastianchu/ros2_ws/install/karura_arm_description:/opt/ros/humble LD_LIBRARY_PATH=/home/sebastianchu/code/ros2_tutorial/ros2_ws_tutorial/install/tutorial_interfaces/lib:${LD_LIBRARY_PATH} PYTHONPATH=/home/sebastianchu/code/ros2_tutorial/ros2_ws_tutorial/install/tutorial_interfaces/local/lib/python3.10/dist-packages:${PYTHONPATH} /usr/bin/cmake --build /home/sebastianchu/code/ros2_tutorial/ros2_ws_tutorial/build/cpp_pubsub -- -j8 -l8
[0.029s] -- Found ament_lint_auto: 0.12.11 (/opt/ros/humble/share/ament_lint_auto/cmake)
[0.164s] -- Found ament_cmake: 1.3.11 (/opt/ros/humble/share/ament_cmake/cmake)
[0.167s] -- Found rclcpp: 16.0.11 (/opt/ros/humble/share/rclcpp/cmake)
[0.187s] -- Found rosidl_generator_c: 3.1.6 (/opt/ros/humble/share/rosidl_generator_c/cmake)
[0.189s] -- Found rosidl_adapter: 3.1.6 (/opt/ros/humble/share/rosidl_adapter/cmake)
[0.192s] -- Found rosidl_generator_cpp: 3.1.6 (/opt/ros/humble/share/rosidl_generator_cpp/cmake)
[0.199s] -- Using all available rosidl_typesupport_c: rosidl_typesupport_fastrtps_c;rosidl_typesupport_introspection_c
[0.207s] -- Using all available rosidl_typesupport_cpp: rosidl_typesupport_fastrtps_cpp;rosidl_typesupport_introspection_cpp
[0.230s] -- Found rmw_implementation_cmake: 6.1.2 (/opt/ros/humble/share/rmw_implementation_cmake/cmake)
[0.231s] -- Found rmw_fastrtps_cpp: 6.2.7 (/opt/ros/humble/share/rmw_fastrtps_cpp/cmake)
[0.303s] -- Using RMW implementation 'rmw_fastrtps_cpp' as default
[0.336s] -- Found tutorial_interfaces: 0.0.0 (/home/sebastianchu/code/ros2_tutorial/ros2_ws_tutorial/install/tutorial_interfaces/share/tutorial_interfaces/cmake)
[0.357s] -- Added test 'cppcheck' to perform static code analysis on C / C++ code
[0.357s] -- Configured cppcheck include dirs: 
[0.357s] -- Configured cppcheck exclude dirs and/or files: 
[0.357s] -- Added test 'lint_cmake' to check CMake code style
[0.358s] -- Added test 'uncrustify' to check C / C++ code style
[0.358s] -- Configured uncrustify additional arguments: 
[0.358s] -- Added test 'xmllint' to check XML markup files
[0.358s] -- Configuring done
[0.366s] -- Generating done
[0.369s] -- Build files have been written to: /home/sebastianchu/code/ros2_tutorial/ros2_ws_tutorial/build/cpp_pubsub
[0.387s] [35m[1mConsolidate compiler generated dependencies of target talker[0m
[0.387s] [35m[1mConsolidate compiler generated dependencies of target listener[0m
[0.399s] [ 75%] Built target listener
[0.399s] [100%] Built target talker
[0.406s] Invoked command in '/home/sebastianchu/code/ros2_tutorial/ros2_ws_tutorial/build/cpp_pubsub' returned '0': AMENT_PREFIX_PATH=/home/sebastianchu/code/ros2_tutorial/ros2_ws_tutorial/install/tutorial_interfaces:${AMENT_PREFIX_PATH} CMAKE_PREFIX_PATH=/home/sebastianchu/code/ros2_tutorial/ros2_ws_tutorial/install/tutorial_interfaces:/home/sebastianchu/code/ros2_tutorial/ros2_ws_tutorial/install/turtlesim:/home/sebastianchu/code/ros2_tutorial/ros2_ws_tutorial/install/my_package:/home/sebastianchu/code/ros2_tutorial/ros2_ws_tutorial/install/cpp_srvcli:/home/sebastianchu/code/ros2_tutorial/ros2_ws_tutorial/install/cpp_pubsub:/home/sebastianchu/ros2_ws/install/moveit_servo:/home/sebastianchu/ros2_ws/install/karura_arm_moveit_config:/home/sebastianchu/ros2_ws/install/arm_controller:/home/sebastianchu/code/ros2_tutorial/ros2_ws_tutorial/install/py_srvcli:/home/sebastianchu/code/ros2_tutorial/ros2_ws_tutorial/install/py_pubsub:/home/sebastianchu/ros2_ws/install/serial_comm:/home/sebastianchu/ros2_ws/install/send_target_joint_degrees:/home/sebastianchu/ros2_ws/install/karura_arm_description:/opt/ros/humble LD_LIBRARY_PATH=/home/sebastianchu/code/ros2_tutorial/ros2_ws_tutorial/install/tutorial_interfaces/lib:${LD_LIBRARY_PATH} PYTHONPATH=/home/sebastianchu/code/ros2_tutorial/ros2_ws_tutorial/install/tutorial_interfaces/local/lib/python3.10/dist-packages:${PYTHONPATH} /usr/bin/cmake --build /home/sebastianchu/code/ros2_tutorial/ros2_ws_tutorial/build/cpp_pubsub -- -j8 -l8
[0.413s] Invoking command in '/home/sebastianchu/code/ros2_tutorial/ros2_ws_tutorial/build/cpp_pubsub': AMENT_PREFIX_PATH=/home/sebastianchu/code/ros2_tutorial/ros2_ws_tutorial/install/tutorial_interfaces:${AMENT_PREFIX_PATH} CMAKE_PREFIX_PATH=/home/sebastianchu/code/ros2_tutorial/ros2_ws_tutorial/install/tutorial_interfaces:/home/sebastianchu/code/ros2_tutorial/ros2_ws_tutorial/install/turtlesim:/home/sebastianchu/code/ros2_tutorial/ros2_ws_tutorial/install/my_package:/home/sebastianchu/code/ros2_tutorial/ros2_ws_tutorial/install/cpp_srvcli:/home/sebastianchu/code/ros2_tutorial/ros2_ws_tutorial/install/cpp_pubsub:/home/sebastianchu/ros2_ws/install/moveit_servo:/home/sebastianchu/ros2_ws/install/karura_arm_moveit_config:/home/sebastianchu/ros2_ws/install/arm_controller:/home/sebastianchu/code/ros2_tutorial/ros2_ws_tutorial/install/py_srvcli:/home/sebastianchu/code/ros2_tutorial/ros2_ws_tutorial/install/py_pubsub:/home/sebastianchu/ros2_ws/install/serial_comm:/home/sebastianchu/ros2_ws/install/send_target_joint_degrees:/home/sebastianchu/ros2_ws/install/karura_arm_description:/opt/ros/humble LD_LIBRARY_PATH=/home/sebastianchu/code/ros2_tutorial/ros2_ws_tutorial/install/tutorial_interfaces/lib:${LD_LIBRARY_PATH} PYTHONPATH=/home/sebastianchu/code/ros2_tutorial/ros2_ws_tutorial/install/tutorial_interfaces/local/lib/python3.10/dist-packages:${PYTHONPATH} /usr/bin/cmake --install /home/sebastianchu/code/ros2_tutorial/ros2_ws_tutorial/build/cpp_pubsub
[0.417s] -- Install configuration: ""
[0.417s] -- Up-to-date: /home/sebastianchu/code/ros2_tutorial/ros2_ws_tutorial/install/cpp_pubsub/lib/cpp_pubsub/talker
[0.417s] -- Up-to-date: /home/sebastianchu/code/ros2_tutorial/ros2_ws_tutorial/install/cpp_pubsub/lib/cpp_pubsub/listener
[0.417s] -- Installing: /home/sebastianchu/code/ros2_tutorial/ros2_ws_tutorial/install/cpp_pubsub/share/ament_index/resource_index/package_run_dependencies/cpp_pubsub
[0.417s] -- Up-to-date: /home/sebastianchu/code/ros2_tutorial/ros2_ws_tutorial/install/cpp_pubsub/share/ament_index/resource_index/parent_prefix_path/cpp_pubsub
[0.417s] -- Up-to-date: /home/sebastianchu/code/ros2_tutorial/ros2_ws_tutorial/install/cpp_pubsub/share/cpp_pubsub/environment/ament_prefix_path.sh
[0.417s] -- Installing: /home/sebastianchu/code/ros2_tutorial/ros2_ws_tutorial/install/cpp_pubsub/share/cpp_pubsub/environment/ament_prefix_path.dsv
[0.417s] -- Up-to-date: /home/sebastianchu/code/ros2_tutorial/ros2_ws_tutorial/install/cpp_pubsub/share/cpp_pubsub/environment/path.sh
[0.417s] -- Installing: /home/sebastianchu/code/ros2_tutorial/ros2_ws_tutorial/install/cpp_pubsub/share/cpp_pubsub/environment/path.dsv
[0.417s] -- Up-to-date: /home/sebastianchu/code/ros2_tutorial/ros2_ws_tutorial/install/cpp_pubsub/share/cpp_pubsub/local_setup.bash
[0.418s] -- Up-to-date: /home/sebastianchu/code/ros2_tutorial/ros2_ws_tutorial/install/cpp_pubsub/share/cpp_pubsub/local_setup.sh
[0.418s] -- Up-to-date: /home/sebastianchu/code/ros2_tutorial/ros2_ws_tutorial/install/cpp_pubsub/share/cpp_pubsub/local_setup.zsh
[0.418s] -- Installing: /home/sebastianchu/code/ros2_tutorial/ros2_ws_tutorial/install/cpp_pubsub/share/cpp_pubsub/local_setup.dsv
[0.418s] -- Installing: /home/sebastianchu/code/ros2_tutorial/ros2_ws_tutorial/install/cpp_pubsub/share/cpp_pubsub/package.dsv
[0.418s] -- Up-to-date: /home/sebastianchu/code/ros2_tutorial/ros2_ws_tutorial/install/cpp_pubsub/share/ament_index/resource_index/packages/cpp_pubsub
[0.418s] -- Up-to-date: /home/sebastianchu/code/ros2_tutorial/ros2_ws_tutorial/install/cpp_pubsub/share/cpp_pubsub/cmake/cpp_pubsubConfig.cmake
[0.418s] -- Up-to-date: /home/sebastianchu/code/ros2_tutorial/ros2_ws_tutorial/install/cpp_pubsub/share/cpp_pubsub/cmake/cpp_pubsubConfig-version.cmake
[0.418s] -- Installing: /home/sebastianchu/code/ros2_tutorial/ros2_ws_tutorial/install/cpp_pubsub/share/cpp_pubsub/package.xml
[0.419s] Invoked command in '/home/sebastianchu/code/ros2_tutorial/ros2_ws_tutorial/build/cpp_pubsub' returned '0': AMENT_PREFIX_PATH=/home/sebastianchu/code/ros2_tutorial/ros2_ws_tutorial/install/tutorial_interfaces:${AMENT_PREFIX_PATH} CMAKE_PREFIX_PATH=/home/sebastianchu/code/ros2_tutorial/ros2_ws_tutorial/install/tutorial_interfaces:/home/sebastianchu/code/ros2_tutorial/ros2_ws_tutorial/install/turtlesim:/home/sebastianchu/code/ros2_tutorial/ros2_ws_tutorial/install/my_package:/home/sebastianchu/code/ros2_tutorial/ros2_ws_tutorial/install/cpp_srvcli:/home/sebastianchu/code/ros2_tutorial/ros2_ws_tutorial/install/cpp_pubsub:/home/sebastianchu/ros2_ws/install/moveit_servo:/home/sebastianchu/ros2_ws/install/karura_arm_moveit_config:/home/sebastianchu/ros2_ws/install/arm_controller:/home/sebastianchu/code/ros2_tutorial/ros2_ws_tutorial/install/py_srvcli:/home/sebastianchu/code/ros2_tutorial/ros2_ws_tutorial/install/py_pubsub:/home/sebastianchu/ros2_ws/install/serial_comm:/home/sebastianchu/ros2_ws/install/send_target_joint_degrees:/home/sebastianchu/ros2_ws/install/karura_arm_description:/opt/ros/humble LD_LIBRARY_PATH=/home/sebastianchu/code/ros2_tutorial/ros2_ws_tutorial/install/tutorial_interfaces/lib:${LD_LIBRARY_PATH} PYTHONPATH=/home/sebastianchu/code/ros2_tutorial/ros2_ws_tutorial/install/tutorial_interfaces/local/lib/python3.10/dist-packages:${PYTHONPATH} /usr/bin/cmake --install /home/sebastianchu/code/ros2_tutorial/ros2_ws_tutorial/build/cpp_pubsub
