[0.007s] Invoking command in '/home/sebastianchu/code/ros2_tutorial/ros2_ws_tutorial/build/turtlesim': CMAKE_PREFIX_PATH=${CMAKE_PREFIX_PATH}:/home/sebastianchu/ros2_ws/install/serial_comm:/home/sebastianchu/ros2_ws/install/send_target_joint_degrees:/home/sebastianchu/ros2_ws/install/karura_arm_description:/opt/ros/humble /usr/bin/cmake /home/sebastianchu/code/ros2_tutorial/ros2_ws_tutorial/src/ros_tutorials/turtlesim -DCMAKE_INSTALL_PREFIX=/home/sebastianchu/code/ros2_tutorial/ros2_ws_tutorial/install/turtlesim
[0.100s] -- The C compiler identification is GNU 11.4.0
[0.200s] -- The CXX compiler identification is GNU 11.4.0
[0.207s] -- Detecting C compiler ABI info
[0.269s] -- Detecting C compiler ABI info - done
[0.276s] -- Check for working C compiler: /usr/bin/cc - skipped
[0.277s] -- Detecting C compile features
[0.277s] -- Detecting C compile features - done
[0.282s] -- Detecting CXX compiler ABI info
[0.337s] -- Detecting CXX compiler ABI info - done
[0.342s] -- Check for working CXX compiler: /usr/bin/c++ - skipped
[0.343s] -- Detecting CXX compile features
[0.343s] -- Detecting CXX compile features - done
[0.352s] -- Found ament_cmake: 1.3.11 (/opt/ros/humble/share/ament_cmake/cmake)
[0.469s] -- Found Python3: /usr/bin/python3 (found version "3.10.12") found components: Interpreter 
[0.534s] -- Found ament_index_cpp: 1.4.0 (/opt/ros/humble/share/ament_index_cpp/cmake)
[0.536s] -- Found geometry_msgs: 4.2.4 (/opt/ros/humble/share/geometry_msgs/cmake)
[0.570s] -- Found rosidl_generator_c: 3.1.6 (/opt/ros/humble/share/rosidl_generator_c/cmake)
[0.574s] -- Found rosidl_adapter: 3.1.6 (/opt/ros/humble/share/rosidl_adapter/cmake)
[0.580s] -- Found rosidl_generator_cpp: 3.1.6 (/opt/ros/humble/share/rosidl_generator_cpp/cmake)
[0.590s] -- Using all available rosidl_typesupport_c: rosidl_typesupport_fastrtps_c;rosidl_typesupport_introspection_c
[0.602s] -- Using all available rosidl_typesupport_cpp: rosidl_typesupport_fastrtps_cpp;rosidl_typesupport_introspection_cpp
[0.647s] -- Found rclcpp: 16.0.11 (/opt/ros/humble/share/rclcpp/cmake)
[0.674s] -- Found rmw_implementation_cmake: 6.1.2 (/opt/ros/humble/share/rmw_implementation_cmake/cmake)
[0.676s] -- Found rmw_fastrtps_cpp: 6.2.7 (/opt/ros/humble/share/rmw_fastrtps_cpp/cmake)
[0.741s] -- Found OpenSSL: /usr/lib/x86_64-linux-gnu/libcrypto.so (found version "3.0.2")  
[0.761s] -- Found FastRTPS: /opt/ros/humble/include  
[0.790s] -- Using RMW implementation 'rmw_fastrtps_cpp' as default
[0.798s] -- Looking for pthread.h
[0.871s] -- Looking for pthread.h - found
[0.871s] -- Performing Test CMAKE_HAVE_LIBC_PTHREAD
[0.918s] -- Performing Test CMAKE_HAVE_LIBC_PTHREAD - Success
[0.919s] -- Found Threads: TRUE  
[0.950s] -- Found rclcpp_action: 16.0.11 (/opt/ros/humble/share/rclcpp_action/cmake)
[0.975s] -- Found rosidl_default_generators: 1.2.0 (/opt/ros/humble/share/rosidl_default_generators/cmake)
[0.982s] -- Found std_srvs: 4.2.4 (/opt/ros/humble/share/std_srvs/cmake)
[1.203s] -- Found ament_cmake_ros: 0.10.0 (/opt/ros/humble/share/ament_cmake_ros/cmake)
[1.437s] -- Using all available rosidl_typesupport_c: rosidl_typesupport_fastrtps_c;rosidl_typesupport_introspection_c
[1.524s] -- Using all available rosidl_typesupport_cpp: rosidl_typesupport_fastrtps_cpp;rosidl_typesupport_introspection_cpp
[1.551s] -- Found PythonInterp: /usr/bin/python3 (found suitable version "3.10.12", minimum required is "3.6") 
[1.553s] -- Found python_cmake_module: 0.10.0 (/opt/ros/humble/share/python_cmake_module/cmake)
[1.575s] -- Found PythonLibs: /usr/lib/x86_64-linux-gnu/libpython3.10.so (found suitable version "3.10.12", minimum required is "3.5") 
[1.575s] -- Using PYTHON_EXECUTABLE: /usr/bin/python3
[1.575s] -- Using PYTHON_INCLUDE_DIRS: /usr/include/python3.10
[1.575s] -- Using PYTHON_LIBRARIES: /usr/lib/x86_64-linux-gnu/libpython3.10.so
[1.594s] -- Found PythonExtra: .so  
[1.633s] -- Configuring done
[1.673s] -- Generating done
[1.687s] -- Build files have been written to: /home/sebastianchu/code/ros2_tutorial/ros2_ws_tutorial/build/turtlesim
[1.697s] Invoked command in '/home/sebastianchu/code/ros2_tutorial/ros2_ws_tutorial/build/turtlesim' returned '0': CMAKE_PREFIX_PATH=${CMAKE_PREFIX_PATH}:/home/sebastianchu/ros2_ws/install/serial_comm:/home/sebastianchu/ros2_ws/install/send_target_joint_degrees:/home/sebastianchu/ros2_ws/install/karura_arm_description:/opt/ros/humble /usr/bin/cmake /home/sebastianchu/code/ros2_tutorial/ros2_ws_tutorial/src/ros_tutorials/turtlesim -DCMAKE_INSTALL_PREFIX=/home/sebastianchu/code/ros2_tutorial/ros2_ws_tutorial/install/turtlesim
[1.697s] Invoking command in '/home/sebastianchu/code/ros2_tutorial/ros2_ws_tutorial/build/turtlesim': CMAKE_PREFIX_PATH=${CMAKE_PREFIX_PATH}:/home/sebastianchu/ros2_ws/install/serial_comm:/home/sebastianchu/ros2_ws/install/send_target_joint_degrees:/home/sebastianchu/ros2_ws/install/karura_arm_description:/opt/ros/humble /usr/bin/cmake --build /home/sebastianchu/code/ros2_tutorial/ros2_ws_tutorial/build/turtlesim -- -j8 -l8
[1.725s] [  1%] [34m[1mGenerating C code for ROS interfaces[0m
[1.731s] [  2%] [34m[1mGenerating C++ code for ROS interfaces[0m
[1.737s] [  2%] Built target ament_cmake_python_copy_turtlesim
[1.922s] running egg_info
[1.923s] creating turtlesim.egg-info
[1.923s] writing turtlesim.egg-info/PKG-INFO
[1.923s] writing dependency_links to turtlesim.egg-info/dependency_links.txt
[1.923s] writing top-level names to turtlesim.egg-info/top_level.txt
[1.923s] writing manifest file 'turtlesim.egg-info/SOURCES.txt'
[1.925s] reading manifest file 'turtlesim.egg-info/SOURCES.txt'
[1.925s] writing manifest file 'turtlesim.egg-info/SOURCES.txt'
[1.947s] [  2%] Built target ament_cmake_python_build_turtlesim_egg
[2.441s] [  2%] Built target turtlesim__cpp
[2.449s] [  3%] [34m[1mGenerating C++ type support for eProsima Fast-RTPS[0m
[2.450s] [  5%] [34m[1mGenerating C++ introspection for ROS interfaces[0m
[2.450s] [  5%] [34m[1mGenerating C++ type support dispatch for ROS interfaces[0m
[2.450s] [  6%] [32mBuilding C object CMakeFiles/turtlesim__rosidl_generator_c.dir/rosidl_generator_c/turtlesim/msg/detail/color__functions.c.o[0m
[2.450s] [  8%] [32mBuilding C object CMakeFiles/turtlesim__rosidl_generator_c.dir/rosidl_generator_c/turtlesim/srv/detail/kill__functions.c.o[0m
[2.450s] [  8%] [32mBuilding C object CMakeFiles/turtlesim__rosidl_generator_c.dir/rosidl_generator_c/turtlesim/action/detail/rotate_absolute__functions.c.o[0m
[2.451s] [  9%] [32mBuilding C object CMakeFiles/turtlesim__rosidl_generator_c.dir/rosidl_generator_c/turtlesim/msg/detail/pose__functions.c.o[0m
[2.457s] [ 10%] [32mBuilding C object CMakeFiles/turtlesim__rosidl_generator_c.dir/rosidl_generator_c/turtlesim/srv/detail/set_pen__functions.c.o[0m
[2.517s] [ 11%] [32mBuilding C object CMakeFiles/turtlesim__rosidl_generator_c.dir/rosidl_generator_c/turtlesim/srv/detail/spawn__functions.c.o[0m
[2.520s] [ 12%] [32mBuilding C object CMakeFiles/turtlesim__rosidl_generator_c.dir/rosidl_generator_c/turtlesim/srv/detail/teleport_absolute__functions.c.o[0m
[2.529s] [ 13%] [32mBuilding C object CMakeFiles/turtlesim__rosidl_generator_c.dir/rosidl_generator_c/turtlesim/srv/detail/teleport_relative__functions.c.o[0m
[2.617s] [ 14%] [32m[1mLinking C shared library libturtlesim__rosidl_generator_c.so[0m
[2.665s] [ 14%] Built target turtlesim__rosidl_generator_c
[2.675s] [ 15%] [34m[1mGenerating C type support dispatch for ROS interfaces[0m
[2.676s] [ 16%] [34m[1mGenerating C introspection for ROS interfaces[0m
[2.682s] [ 17%] [34m[1mGenerating C type support for eProsima Fast-RTPS[0m
[3.249s] [ 19%] [32mBuilding CXX object CMakeFiles/turtlesim__rosidl_typesupport_cpp.dir/rosidl_typesupport_cpp/turtlesim/action/rotate_absolute__type_support.cpp.o[0m
[3.249s] [ 19%] [32mBuilding CXX object CMakeFiles/turtlesim__rosidl_typesupport_cpp.dir/rosidl_typesupport_cpp/turtlesim/msg/pose__type_support.cpp.o[0m
[3.249s] [ 20%] [32mBuilding CXX object CMakeFiles/turtlesim__rosidl_typesupport_cpp.dir/rosidl_typesupport_cpp/turtlesim/msg/color__type_support.cpp.o[0m
[3.478s] [ 21%] [32mBuilding CXX object CMakeFiles/turtlesim__rosidl_typesupport_fastrtps_cpp.dir/rosidl_typesupport_fastrtps_cpp/turtlesim/action/detail/dds_fastrtps/rotate_absolute__type_support.cpp.o[0m
[3.514s] [ 22%] [32mBuilding CXX object CMakeFiles/turtlesim__rosidl_typesupport_c.dir/rosidl_typesupport_c/turtlesim/action/rotate_absolute__type_support.cpp.o[0m
[3.594s] [ 23%] [32mBuilding CXX object CMakeFiles/turtlesim__rosidl_typesupport_c.dir/rosidl_typesupport_c/turtlesim/msg/color__type_support.cpp.o[0m
[3.606s] [ 24%] [32mBuilding CXX object CMakeFiles/turtlesim__rosidl_typesupport_c.dir/rosidl_typesupport_c/turtlesim/msg/pose__type_support.cpp.o[0m
[3.608s] [ 25%] [32mBuilding CXX object CMakeFiles/turtlesim__rosidl_typesupport_cpp.dir/rosidl_typesupport_cpp/turtlesim/srv/kill__type_support.cpp.o[0m
[3.615s] [ 26%] [32mBuilding CXX object CMakeFiles/turtlesim__rosidl_typesupport_introspection_cpp.dir/rosidl_typesupport_introspection_cpp/turtlesim/action/detail/rotate_absolute__type_support.cpp.o[0m
[3.627s] [ 27%] [32mBuilding CXX object CMakeFiles/turtlesim__rosidl_typesupport_fastrtps_cpp.dir/rosidl_typesupport_fastrtps_cpp/turtlesim/msg/detail/dds_fastrtps/color__type_support.cpp.o[0m
[3.636s] [ 28%] [32mBuilding CXX object CMakeFiles/turtlesim__rosidl_typesupport_c.dir/rosidl_typesupport_c/turtlesim/srv/kill__type_support.cpp.o[0m
[3.671s] [ 29%] [32mBuilding C object CMakeFiles/turtlesim__rosidl_typesupport_introspection_c.dir/rosidl_typesupport_introspection_c/turtlesim/action/detail/rotate_absolute__type_support.c.o[0m
[3.672s] [ 30%] [32mBuilding CXX object CMakeFiles/turtlesim__rosidl_typesupport_c.dir/rosidl_typesupport_c/turtlesim/srv/set_pen__type_support.cpp.o[0m
[3.704s] [ 31%] [32mBuilding CXX object CMakeFiles/turtlesim__rosidl_typesupport_c.dir/rosidl_typesupport_c/turtlesim/srv/spawn__type_support.cpp.o[0m
[3.736s] [ 32%] [32mBuilding C object CMakeFiles/turtlesim__rosidl_typesupport_introspection_c.dir/rosidl_typesupport_introspection_c/turtlesim/msg/detail/color__type_support.c.o[0m
[3.741s] [ 33%] [32mBuilding CXX object CMakeFiles/turtlesim__rosidl_typesupport_c.dir/rosidl_typesupport_c/turtlesim/srv/teleport_absolute__type_support.cpp.o[0m
[3.777s] [ 34%] [32mBuilding C object CMakeFiles/turtlesim__rosidl_typesupport_introspection_c.dir/rosidl_typesupport_introspection_c/turtlesim/msg/detail/pose__type_support.c.o[0m
[3.782s] [ 35%] [32mBuilding CXX object CMakeFiles/turtlesim__rosidl_typesupport_c.dir/rosidl_typesupport_c/turtlesim/srv/teleport_relative__type_support.cpp.o[0m
[3.816s] [ 36%] [32mBuilding C object CMakeFiles/turtlesim__rosidl_typesupport_introspection_c.dir/rosidl_typesupport_introspection_c/turtlesim/srv/detail/kill__type_support.c.o[0m
[3.820s] [ 37%] [32m[1mLinking CXX shared library libturtlesim__rosidl_typesupport_c.so[0m
[3.859s] [ 38%] [32mBuilding C object CMakeFiles/turtlesim__rosidl_typesupport_introspection_c.dir/rosidl_typesupport_introspection_c/turtlesim/srv/detail/set_pen__type_support.c.o[0m
[3.872s] [ 38%] Built target turtlesim__rosidl_typesupport_c
[3.882s] [ 39%] [32mBuilding CXX object CMakeFiles/turtlesim__rosidl_typesupport_introspection_cpp.dir/rosidl_typesupport_introspection_cpp/turtlesim/msg/detail/color__type_support.cpp.o[0m
[3.895s] [ 40%] [32mBuilding CXX object CMakeFiles/turtlesim__rosidl_typesupport_cpp.dir/rosidl_typesupport_cpp/turtlesim/srv/set_pen__type_support.cpp.o[0m
[3.906s] [ 41%] [32mBuilding C object CMakeFiles/turtlesim__rosidl_typesupport_introspection_c.dir/rosidl_typesupport_introspection_c/turtlesim/srv/detail/spawn__type_support.c.o[0m
[3.949s] [ 43%] [32mBuilding C object CMakeFiles/turtlesim__rosidl_typesupport_introspection_c.dir/rosidl_typesupport_introspection_c/turtlesim/srv/detail/teleport_absolute__type_support.c.o[0m
[3.949s] [ 43%] [32mBuilding CXX object CMakeFiles/turtlesim__rosidl_typesupport_cpp.dir/rosidl_typesupport_cpp/turtlesim/srv/spawn__type_support.cpp.o[0m
[3.997s] [ 44%] [32mBuilding C object CMakeFiles/turtlesim__rosidl_typesupport_introspection_c.dir/rosidl_typesupport_introspection_c/turtlesim/srv/detail/teleport_relative__type_support.c.o[0m
[4.047s] [ 45%] [32m[1mLinking C shared library libturtlesim__rosidl_typesupport_introspection_c.so[0m
[4.055s] [ 46%] [32mBuilding CXX object CMakeFiles/turtlesim__rosidl_typesupport_fastrtps_c.dir/rosidl_typesupport_fastrtps_c/turtlesim/action/detail/rotate_absolute__type_support_c.cpp.o[0m
[4.083s] [ 46%] Built target turtlesim__rosidl_typesupport_introspection_c
[4.091s] [ 47%] [32mBuilding CXX object CMakeFiles/turtlesim__rosidl_typesupport_cpp.dir/rosidl_typesupport_cpp/turtlesim/srv/teleport_absolute__type_support.cpp.o[0m
[4.147s] [ 48%] [32mBuilding CXX object CMakeFiles/turtlesim__rosidl_typesupport_fastrtps_cpp.dir/rosidl_typesupport_fastrtps_cpp/turtlesim/msg/detail/dds_fastrtps/pose__type_support.cpp.o[0m
[4.216s] [ 49%] [32mBuilding CXX object CMakeFiles/turtlesim__rosidl_typesupport_fastrtps_cpp.dir/rosidl_typesupport_fastrtps_cpp/turtlesim/srv/detail/dds_fastrtps/kill__type_support.cpp.o[0m
[4.232s] [ 50%] [32mBuilding CXX object CMakeFiles/turtlesim__rosidl_typesupport_cpp.dir/rosidl_typesupport_cpp/turtlesim/srv/teleport_relative__type_support.cpp.o[0m
[4.278s] [ 51%] [32mBuilding CXX object CMakeFiles/turtlesim__rosidl_typesupport_fastrtps_cpp.dir/rosidl_typesupport_fastrtps_cpp/turtlesim/srv/detail/dds_fastrtps/set_pen__type_support.cpp.o[0m
[4.364s] [ 52%] [32mBuilding CXX object CMakeFiles/turtlesim__rosidl_typesupport_introspection_cpp.dir/rosidl_typesupport_introspection_cpp/turtlesim/msg/detail/pose__type_support.cpp.o[0m
[4.393s] [ 53%] [32mBuilding CXX object CMakeFiles/turtlesim__rosidl_typesupport_introspection_cpp.dir/rosidl_typesupport_introspection_cpp/turtlesim/srv/detail/kill__type_support.cpp.o[0m
[4.416s] [ 54%] [32mBuilding CXX object CMakeFiles/turtlesim__rosidl_typesupport_introspection_cpp.dir/rosidl_typesupport_introspection_cpp/turtlesim/srv/detail/set_pen__type_support.cpp.o[0m
[4.541s] [ 55%] [32mBuilding CXX object CMakeFiles/turtlesim__rosidl_typesupport_fastrtps_c.dir/rosidl_typesupport_fastrtps_c/turtlesim/msg/detail/color__type_support_c.cpp.o[0m
[4.554s] [ 56%] [32m[1mLinking CXX shared library libturtlesim__rosidl_typesupport_cpp.so[0m
[4.607s] [ 56%] Built target turtlesim__rosidl_typesupport_cpp
[4.617s] [ 57%] [34m[1mGenerating include/turtlesim/moc_turtle_frame.cpp[0m
[4.627s] [ 58%] [32mBuilding CXX object CMakeFiles/turtlesim__rosidl_typesupport_fastrtps_cpp.dir/rosidl_typesupport_fastrtps_cpp/turtlesim/srv/detail/dds_fastrtps/spawn__type_support.cpp.o[0m
[4.722s] [ 59%] [32mBuilding CXX object CMakeFiles/turtlesim_node.dir/src/turtlesim.cpp.o[0m
[4.750s] [ 60%] [32mBuilding CXX object CMakeFiles/turtlesim__rosidl_typesupport_fastrtps_cpp.dir/rosidl_typesupport_fastrtps_cpp/turtlesim/srv/detail/dds_fastrtps/teleport_absolute__type_support.cpp.o[0m
[4.781s] [ 61%] [32mBuilding CXX object CMakeFiles/turtlesim__rosidl_typesupport_fastrtps_cpp.dir/rosidl_typesupport_fastrtps_cpp/turtlesim/srv/detail/dds_fastrtps/teleport_relative__type_support.cpp.o[0m
[4.843s] [ 62%] [32mBuilding CXX object CMakeFiles/turtlesim__rosidl_typesupport_introspection_cpp.dir/rosidl_typesupport_introspection_cpp/turtlesim/srv/detail/spawn__type_support.cpp.o[0m
[4.868s] [ 63%] [32mBuilding CXX object CMakeFiles/turtlesim__rosidl_typesupport_introspection_cpp.dir/rosidl_typesupport_introspection_cpp/turtlesim/srv/detail/teleport_absolute__type_support.cpp.o[0m
[4.901s] [ 64%] [32mBuilding CXX object CMakeFiles/turtlesim__rosidl_typesupport_introspection_cpp.dir/rosidl_typesupport_introspection_cpp/turtlesim/srv/detail/teleport_relative__type_support.cpp.o[0m
[4.972s] [ 65%] [32mBuilding CXX object CMakeFiles/turtlesim__rosidl_typesupport_fastrtps_c.dir/rosidl_typesupport_fastrtps_c/turtlesim/msg/detail/pose__type_support_c.cpp.o[0m
[5.256s] [ 66%] [32mBuilding CXX object CMakeFiles/turtlesim__rosidl_typesupport_fastrtps_c.dir/rosidl_typesupport_fastrtps_c/turtlesim/srv/detail/kill__type_support_c.cpp.o[0m
[5.310s] [ 67%] [32mBuilding CXX object CMakeFiles/turtlesim__rosidl_typesupport_fastrtps_c.dir/rosidl_typesupport_fastrtps_c/turtlesim/srv/detail/set_pen__type_support_c.cpp.o[0m
[5.357s] [ 68%] [32mBuilding CXX object CMakeFiles/turtlesim__rosidl_typesupport_fastrtps_c.dir/rosidl_typesupport_fastrtps_c/turtlesim/srv/detail/spawn__type_support_c.cpp.o[0m
[5.363s] [ 69%] [32mBuilding CXX object CMakeFiles/turtlesim__rosidl_typesupport_fastrtps_c.dir/rosidl_typesupport_fastrtps_c/turtlesim/srv/detail/teleport_absolute__type_support_c.cpp.o[0m
[5.377s] [ 70%] [32m[1mLinking CXX shared library libturtlesim__rosidl_typesupport_fastrtps_cpp.so[0m
[5.434s] [ 71%] [32mBuilding CXX object CMakeFiles/turtlesim__rosidl_typesupport_fastrtps_c.dir/rosidl_typesupport_fastrtps_c/turtlesim/srv/detail/teleport_relative__type_support_c.cpp.o[0m
[5.491s] [ 72%] [32m[1mLinking CXX shared library libturtlesim__rosidl_typesupport_introspection_cpp.so[0m
[5.498s] [ 72%] Built target turtlesim__rosidl_typesupport_fastrtps_cpp
[5.524s] [ 73%] [32mBuilding CXX object CMakeFiles/turtle_teleop_key.dir/tutorials/teleop_turtle_key.cpp.o[0m
[5.623s] [ 73%] Built target turtlesim__rosidl_typesupport_introspection_cpp
[5.652s] [ 74%] [32mBuilding CXX object CMakeFiles/draw_square.dir/tutorials/draw_square.cpp.o[0m
[5.795s] [ 75%] [32mBuilding CXX object CMakeFiles/turtlesim_node.dir/src/turtle.cpp.o[0m
[5.805s] [ 76%] [32mBuilding CXX object CMakeFiles/mimic.dir/tutorials/mimic.cpp.o[0m
[5.845s] [ 77%] [32mBuilding CXX object CMakeFiles/turtlesim_node.dir/src/turtle_frame.cpp.o[0m
[5.860s] [ 78%] [32mBuilding CXX object CMakeFiles/turtlesim_node.dir/include/turtlesim/moc_turtle_frame.cpp.o[0m
[5.894s] [ 79%] [32m[1mLinking CXX shared library libturtlesim__rosidl_typesupport_fastrtps_c.so[0m
[5.987s] [ 79%] Built target turtlesim__rosidl_typesupport_fastrtps_c
[6.006s] [ 79%] Built target turtlesim
[6.028s] [ 80%] [34m[1mGenerating Python code for ROS interfaces[0m
[8.823s] [ 80%] Built target turtlesim__py
[8.845s] [ 81%] [32mBuilding C object CMakeFiles/turtlesim__rosidl_generator_py.dir/rosidl_generator_py/turtlesim/action/_rotate_absolute_s.c.o[0m
[9.146s] [ 82%] [32mBuilding C object CMakeFiles/turtlesim__rosidl_generator_py.dir/rosidl_generator_py/turtlesim/msg/_color_s.c.o[0m
[9.289s] [ 83%] [32mBuilding C object CMakeFiles/turtlesim__rosidl_generator_py.dir/rosidl_generator_py/turtlesim/msg/_pose_s.c.o[0m
[9.427s] [ 84%] [32mBuilding C object CMakeFiles/turtlesim__rosidl_generator_py.dir/rosidl_generator_py/turtlesim/srv/_kill_s.c.o[0m
[9.581s] [ 85%] [32mBuilding C object CMakeFiles/turtlesim__rosidl_generator_py.dir/rosidl_generator_py/turtlesim/srv/_set_pen_s.c.o[0m
[9.821s] [ 86%] [32mBuilding C object CMakeFiles/turtlesim__rosidl_generator_py.dir/rosidl_generator_py/turtlesim/srv/_spawn_s.c.o[0m
[10.011s] [ 87%] [32mBuilding C object CMakeFiles/turtlesim__rosidl_generator_py.dir/rosidl_generator_py/turtlesim/srv/_teleport_absolute_s.c.o[0m
[10.188s] [ 88%] [32mBuilding C object CMakeFiles/turtlesim__rosidl_generator_py.dir/rosidl_generator_py/turtlesim/srv/_teleport_relative_s.c.o[0m
[10.390s] [ 89%] [32m[1mLinking C shared library rosidl_generator_py/turtlesim/libturtlesim__rosidl_generator_py.so[0m
[10.473s] [ 89%] Built target turtlesim__rosidl_generator_py
[10.504s] [ 90%] [32mBuilding C object CMakeFiles/turtlesim__rosidl_typesupport_fastrtps_c__pyext.dir/rosidl_generator_py/turtlesim/_turtlesim_s.ep.rosidl_typesupport_fastrtps_c.c.o[0m
[10.829s] [ 91%] [32m[1mLinking C shared library rosidl_generator_py/turtlesim/turtlesim_s__rosidl_typesupport_fastrtps_c.cpython-310-x86_64-linux-gnu.so[0m
[10.906s] [ 91%] Built target turtlesim__rosidl_typesupport_fastrtps_c__pyext
[10.933s] [ 92%] [32mBuilding C object CMakeFiles/turtlesim__rosidl_typesupport_introspection_c__pyext.dir/rosidl_generator_py/turtlesim/_turtlesim_s.ep.rosidl_typesupport_introspection_c.c.o[0m
[11.157s] [ 93%] [32m[1mLinking C shared library rosidl_generator_py/turtlesim/turtlesim_s__rosidl_typesupport_introspection_c.cpython-310-x86_64-linux-gnu.so[0m
[11.207s] [ 93%] Built target turtlesim__rosidl_typesupport_introspection_c__pyext
[11.214s] [ 94%] [32mBuilding C object CMakeFiles/turtlesim__rosidl_typesupport_c__pyext.dir/rosidl_generator_py/turtlesim/_turtlesim_s.ep.rosidl_typesupport_c.c.o[0m
[11.356s] [ 95%] [32m[1mLinking C shared library rosidl_generator_py/turtlesim/turtlesim_s__rosidl_typesupport_c.cpython-310-x86_64-linux-gnu.so[0m
[11.397s] [ 95%] Built target turtlesim__rosidl_typesupport_c__pyext
[13.235s] [ 96%] [32m[1mLinking CXX executable turtle_teleop_key[0m
[13.484s] [ 96%] Built target turtle_teleop_key
[16.313s] [ 97%] [32m[1mLinking CXX executable draw_square[0m
[16.772s] [ 97%] Built target draw_square
[16.806s] [ 98%] [32m[1mLinking CXX executable mimic[0m
[17.189s] [ 98%] Built target mimic
[19.682s] [100%] [32m[1mLinking CXX executable turtlesim_node[0m
[21.509s] [100%] Built target turtlesim_node
[21.523s] Invoked command in '/home/sebastianchu/code/ros2_tutorial/ros2_ws_tutorial/build/turtlesim' returned '0': CMAKE_PREFIX_PATH=${CMAKE_PREFIX_PATH}:/home/sebastianchu/ros2_ws/install/serial_comm:/home/sebastianchu/ros2_ws/install/send_target_joint_degrees:/home/sebastianchu/ros2_ws/install/karura_arm_description:/opt/ros/humble /usr/bin/cmake --build /home/sebastianchu/code/ros2_tutorial/ros2_ws_tutorial/build/turtlesim -- -j8 -l8
[21.530s] Invoking command in '/home/sebastianchu/code/ros2_tutorial/ros2_ws_tutorial/build/turtlesim': CMAKE_PREFIX_PATH=${CMAKE_PREFIX_PATH}:/home/sebastianchu/ros2_ws/install/serial_comm:/home/sebastianchu/ros2_ws/install/send_target_joint_degrees:/home/sebastianchu/ros2_ws/install/karura_arm_description:/opt/ros/humble /usr/bin/cmake --install /home/sebastianchu/code/ros2_tutorial/ros2_ws_tutorial/build/turtlesim
[21.536s] -- Install configuration: ""
[21.536s] -- Installing: /home/sebastianchu/code/ros2_tutorial/ros2_ws_tutorial/install/turtlesim/share/ament_index/resource_index/rosidl_interfaces/turtlesim
[21.536s] -- Installing: /home/sebastianchu/code/ros2_tutorial/ros2_ws_tutorial/install/turtlesim/include/turtlesim/turtlesim
[21.536s] -- Installing: /home/sebastianchu/code/ros2_tutorial/ros2_ws_tutorial/install/turtlesim/include/turtlesim/turtlesim/action
[21.536s] -- Installing: /home/sebastianchu/code/ros2_tutorial/ros2_ws_tutorial/install/turtlesim/include/turtlesim/turtlesim/action/detail
[21.536s] -- Installing: /home/sebastianchu/code/ros2_tutorial/ros2_ws_tutorial/install/turtlesim/include/turtlesim/turtlesim/action/detail/rotate_absolute__functions.h
[21.536s] -- Installing: /home/sebastianchu/code/ros2_tutorial/ros2_ws_tutorial/install/turtlesim/include/turtlesim/turtlesim/action/detail/rotate_absolute__struct.h
[21.536s] -- Installing: /home/sebastianchu/code/ros2_tutorial/ros2_ws_tutorial/install/turtlesim/include/turtlesim/turtlesim/action/detail/rotate_absolute__type_support.h
[21.536s] -- Installing: /home/sebastianchu/code/ros2_tutorial/ros2_ws_tutorial/install/turtlesim/include/turtlesim/turtlesim/action/detail/rotate_absolute__functions.c
[21.536s] -- Installing: /home/sebastianchu/code/ros2_tutorial/ros2_ws_tutorial/install/turtlesim/include/turtlesim/turtlesim/action/rotate_absolute.h
[21.536s] -- Installing: /home/sebastianchu/code/ros2_tutorial/ros2_ws_tutorial/install/turtlesim/include/turtlesim/turtlesim/srv
[21.536s] -- Installing: /home/sebastianchu/code/ros2_tutorial/ros2_ws_tutorial/install/turtlesim/include/turtlesim/turtlesim/srv/kill.h
[21.536s] -- Installing: /home/sebastianchu/code/ros2_tutorial/ros2_ws_tutorial/install/turtlesim/include/turtlesim/turtlesim/srv/teleport_absolute.h
[21.537s] -- Installing: /home/sebastianchu/code/ros2_tutorial/ros2_ws_tutorial/install/turtlesim/include/turtlesim/turtlesim/srv/detail
[21.537s] -- Installing: /home/sebastianchu/code/ros2_tutorial/ros2_ws_tutorial/install/turtlesim/include/turtlesim/turtlesim/srv/detail/teleport_relative__type_support.h
[21.537s] -- Installing: /home/sebastianchu/code/ros2_tutorial/ros2_ws_tutorial/install/turtlesim/include/turtlesim/turtlesim/srv/detail/kill__functions.c
[21.537s] -- Installing: /home/sebastianchu/code/ros2_tutorial/ros2_ws_tutorial/install/turtlesim/include/turtlesim/turtlesim/srv/detail/set_pen__type_support.h
[21.537s] -- Installing: /home/sebastianchu/code/ros2_tutorial/ros2_ws_tutorial/install/turtlesim/include/turtlesim/turtlesim/srv/detail/spawn__type_support.h
[21.537s] -- Installing: /home/sebastianchu/code/ros2_tutorial/ros2_ws_tutorial/install/turtlesim/include/turtlesim/turtlesim/srv/detail/teleport_relative__struct.h
[21.537s] -- Installing: /home/sebastianchu/code/ros2_tutorial/ros2_ws_tutorial/install/turtlesim/include/turtlesim/turtlesim/srv/detail/teleport_relative__functions.c
[21.537s] -- Installing: /home/sebastianchu/code/ros2_tutorial/ros2_ws_tutorial/install/turtlesim/include/turtlesim/turtlesim/srv/detail/teleport_absolute__struct.h
[21.537s] -- Installing: /home/sebastianchu/code/ros2_tutorial/ros2_ws_tutorial/install/turtlesim/include/turtlesim/turtlesim/srv/detail/teleport_absolute__functions.h
[21.537s] -- Installing: /home/sebastianchu/code/ros2_tutorial/ros2_ws_tutorial/install/turtlesim/include/turtlesim/turtlesim/srv/detail/teleport_absolute__functions.c
[21.537s] -- Installing: /home/sebastianchu/code/ros2_tutorial/ros2_ws_tutorial/install/turtlesim/include/turtlesim/turtlesim/srv/detail/set_pen__struct.h
[21.537s] -- Installing: /home/sebastianchu/code/ros2_tutorial/ros2_ws_tutorial/install/turtlesim/include/turtlesim/turtlesim/srv/detail/teleport_absolute__type_support.h
[21.537s] -- Installing: /home/sebastianchu/code/ros2_tutorial/ros2_ws_tutorial/install/turtlesim/include/turtlesim/turtlesim/srv/detail/kill__type_support.h
[21.537s] -- Installing: /home/sebastianchu/code/ros2_tutorial/ros2_ws_tutorial/install/turtlesim/include/turtlesim/turtlesim/srv/detail/kill__functions.h
[21.537s] -- Installing: /home/sebastianchu/code/ros2_tutorial/ros2_ws_tutorial/install/turtlesim/include/turtlesim/turtlesim/srv/detail/spawn__functions.c
[21.537s] -- Installing: /home/sebastianchu/code/ros2_tutorial/ros2_ws_tutorial/install/turtlesim/include/turtlesim/turtlesim/srv/detail/set_pen__functions.h
[21.537s] -- Installing: /home/sebastianchu/code/ros2_tutorial/ros2_ws_tutorial/install/turtlesim/include/turtlesim/turtlesim/srv/detail/spawn__struct.h
[21.537s] -- Installing: /home/sebastianchu/code/ros2_tutorial/ros2_ws_tutorial/install/turtlesim/include/turtlesim/turtlesim/srv/detail/set_pen__functions.c
[21.537s] -- Installing: /home/sebastianchu/code/ros2_tutorial/ros2_ws_tutorial/install/turtlesim/include/turtlesim/turtlesim/srv/detail/spawn__functions.h
[21.537s] -- Installing: /home/sebastianchu/code/ros2_tutorial/ros2_ws_tutorial/install/turtlesim/include/turtlesim/turtlesim/srv/detail/teleport_relative__functions.h
[21.537s] -- Installing: /home/sebastianchu/code/ros2_tutorial/ros2_ws_tutorial/install/turtlesim/include/turtlesim/turtlesim/srv/detail/kill__struct.h
[21.537s] -- Installing: /home/sebastianchu/code/ros2_tutorial/ros2_ws_tutorial/install/turtlesim/include/turtlesim/turtlesim/srv/teleport_relative.h
[21.538s] -- Installing: /home/sebastianchu/code/ros2_tutorial/ros2_ws_tutorial/install/turtlesim/include/turtlesim/turtlesim/srv/set_pen.h
[21.538s] -- Installing: /home/sebastianchu/code/ros2_tutorial/ros2_ws_tutorial/install/turtlesim/include/turtlesim/turtlesim/srv/spawn.h
[21.538s] -- Installing: /home/sebastianchu/code/ros2_tutorial/ros2_ws_tutorial/install/turtlesim/include/turtlesim/turtlesim/msg
[21.538s] -- Installing: /home/sebastianchu/code/ros2_tutorial/ros2_ws_tutorial/install/turtlesim/include/turtlesim/turtlesim/msg/detail
[21.538s] -- Installing: /home/sebastianchu/code/ros2_tutorial/ros2_ws_tutorial/install/turtlesim/include/turtlesim/turtlesim/msg/detail/pose__struct.h
[21.538s] -- Installing: /home/sebastianchu/code/ros2_tutorial/ros2_ws_tutorial/install/turtlesim/include/turtlesim/turtlesim/msg/detail/color__struct.h
[21.538s] -- Installing: /home/sebastianchu/code/ros2_tutorial/ros2_ws_tutorial/install/turtlesim/include/turtlesim/turtlesim/msg/detail/pose__functions.c
[21.538s] -- Installing: /home/sebastianchu/code/ros2_tutorial/ros2_ws_tutorial/install/turtlesim/include/turtlesim/turtlesim/msg/detail/color__functions.h
[21.538s] -- Installing: /home/sebastianchu/code/ros2_tutorial/ros2_ws_tutorial/install/turtlesim/include/turtlesim/turtlesim/msg/detail/pose__type_support.h
[21.538s] -- Installing: /home/sebastianchu/code/ros2_tutorial/ros2_ws_tutorial/install/turtlesim/include/turtlesim/turtlesim/msg/detail/color__type_support.h
[21.538s] -- Installing: /home/sebastianchu/code/ros2_tutorial/ros2_ws_tutorial/install/turtlesim/include/turtlesim/turtlesim/msg/detail/color__functions.c
[21.538s] -- Installing: /home/sebastianchu/code/ros2_tutorial/ros2_ws_tutorial/install/turtlesim/include/turtlesim/turtlesim/msg/detail/pose__functions.h
[21.538s] -- Installing: /home/sebastianchu/code/ros2_tutorial/ros2_ws_tutorial/install/turtlesim/include/turtlesim/turtlesim/msg/color.h
[21.538s] -- Installing: /home/sebastianchu/code/ros2_tutorial/ros2_ws_tutorial/install/turtlesim/include/turtlesim/turtlesim/msg/pose.h
[21.538s] -- Installing: /home/sebastianchu/code/ros2_tutorial/ros2_ws_tutorial/install/turtlesim/include/turtlesim/turtlesim/msg/rosidl_generator_c__visibility_control.h
[21.538s] -- Installing: /home/sebastianchu/code/ros2_tutorial/ros2_ws_tutorial/install/turtlesim/share/turtlesim/environment/library_path.sh
[21.538s] -- Installing: /home/sebastianchu/code/ros2_tutorial/ros2_ws_tutorial/install/turtlesim/share/turtlesim/environment/library_path.dsv
[21.538s] -- Installing: /home/sebastianchu/code/ros2_tutorial/ros2_ws_tutorial/install/turtlesim/lib/libturtlesim__rosidl_generator_c.so
[21.538s] -- Set runtime path of "/home/sebastianchu/code/ros2_tutorial/ros2_ws_tutorial/install/turtlesim/lib/libturtlesim__rosidl_generator_c.so" to ""
[21.539s] -- Up-to-date: /home/sebastianchu/code/ros2_tutorial/ros2_ws_tutorial/install/turtlesim/include/turtlesim/turtlesim
[21.539s] -- Up-to-date: /home/sebastianchu/code/ros2_tutorial/ros2_ws_tutorial/install/turtlesim/include/turtlesim/turtlesim/action
[21.539s] -- Up-to-date: /home/sebastianchu/code/ros2_tutorial/ros2_ws_tutorial/install/turtlesim/include/turtlesim/turtlesim/action/detail
[21.539s] -- Installing: /home/sebastianchu/code/ros2_tutorial/ros2_ws_tutorial/install/turtlesim/include/turtlesim/turtlesim/action/detail/rotate_absolute__rosidl_typesupport_fastrtps_c.h
[21.539s] -- Up-to-date: /home/sebastianchu/code/ros2_tutorial/ros2_ws_tutorial/install/turtlesim/include/turtlesim/turtlesim/srv
[21.539s] -- Up-to-date: /home/sebastianchu/code/ros2_tutorial/ros2_ws_tutorial/install/turtlesim/include/turtlesim/turtlesim/srv/detail
[21.539s] -- Installing: /home/sebastianchu/code/ros2_tutorial/ros2_ws_tutorial/install/turtlesim/include/turtlesim/turtlesim/srv/detail/set_pen__rosidl_typesupport_fastrtps_c.h
[21.539s] -- Installing: /home/sebastianchu/code/ros2_tutorial/ros2_ws_tutorial/install/turtlesim/include/turtlesim/turtlesim/srv/detail/teleport_absolute__rosidl_typesupport_fastrtps_c.h
[21.539s] -- Installing: /home/sebastianchu/code/ros2_tutorial/ros2_ws_tutorial/install/turtlesim/include/turtlesim/turtlesim/srv/detail/kill__rosidl_typesupport_fastrtps_c.h
[21.539s] -- Installing: /home/sebastianchu/code/ros2_tutorial/ros2_ws_tutorial/install/turtlesim/include/turtlesim/turtlesim/srv/detail/teleport_relative__rosidl_typesupport_fastrtps_c.h
[21.539s] -- Installing: /home/sebastianchu/code/ros2_tutorial/ros2_ws_tutorial/install/turtlesim/include/turtlesim/turtlesim/srv/detail/spawn__rosidl_typesupport_fastrtps_c.h
[21.539s] -- Up-to-date: /home/sebastianchu/code/ros2_tutorial/ros2_ws_tutorial/install/turtlesim/include/turtlesim/turtlesim/msg
[21.539s] -- Up-to-date: /home/sebastianchu/code/ros2_tutorial/ros2_ws_tutorial/install/turtlesim/include/turtlesim/turtlesim/msg/detail
[21.539s] -- Installing: /home/sebastianchu/code/ros2_tutorial/ros2_ws_tutorial/install/turtlesim/include/turtlesim/turtlesim/msg/detail/pose__rosidl_typesupport_fastrtps_c.h
[21.539s] -- Installing: /home/sebastianchu/code/ros2_tutorial/ros2_ws_tutorial/install/turtlesim/include/turtlesim/turtlesim/msg/detail/color__rosidl_typesupport_fastrtps_c.h
[21.539s] -- Installing: /home/sebastianchu/code/ros2_tutorial/ros2_ws_tutorial/install/turtlesim/include/turtlesim/turtlesim/msg/rosidl_typesupport_fastrtps_c__visibility_control.h
[21.539s] -- Installing: /home/sebastianchu/code/ros2_tutorial/ros2_ws_tutorial/install/turtlesim/lib/libturtlesim__rosidl_typesupport_fastrtps_c.so
[21.539s] -- Set runtime path of "/home/sebastianchu/code/ros2_tutorial/ros2_ws_tutorial/install/turtlesim/lib/libturtlesim__rosidl_typesupport_fastrtps_c.so" to ""
[21.539s] -- Up-to-date: /home/sebastianchu/code/ros2_tutorial/ros2_ws_tutorial/install/turtlesim/include/turtlesim/turtlesim
[21.539s] -- Up-to-date: /home/sebastianchu/code/ros2_tutorial/ros2_ws_tutorial/install/turtlesim/include/turtlesim/turtlesim/action
[21.540s] -- Installing: /home/sebastianchu/code/ros2_tutorial/ros2_ws_tutorial/install/turtlesim/include/turtlesim/turtlesim/action/rotate_absolute.hpp
[21.540s] -- Up-to-date: /home/sebastianchu/code/ros2_tutorial/ros2_ws_tutorial/install/turtlesim/include/turtlesim/turtlesim/action/detail
[21.540s] -- Installing: /home/sebastianchu/code/ros2_tutorial/ros2_ws_tutorial/install/turtlesim/include/turtlesim/turtlesim/action/detail/rotate_absolute__traits.hpp
[21.540s] -- Installing: /home/sebastianchu/code/ros2_tutorial/ros2_ws_tutorial/install/turtlesim/include/turtlesim/turtlesim/action/detail/rotate_absolute__struct.hpp
[21.540s] -- Installing: /home/sebastianchu/code/ros2_tutorial/ros2_ws_tutorial/install/turtlesim/include/turtlesim/turtlesim/action/detail/rotate_absolute__builder.hpp
[21.540s] -- Installing: /home/sebastianchu/code/ros2_tutorial/ros2_ws_tutorial/install/turtlesim/include/turtlesim/turtlesim/action/detail/rotate_absolute__type_support.hpp
[21.540s] -- Up-to-date: /home/sebastianchu/code/ros2_tutorial/ros2_ws_tutorial/install/turtlesim/include/turtlesim/turtlesim/srv
[21.540s] -- Installing: /home/sebastianchu/code/ros2_tutorial/ros2_ws_tutorial/install/turtlesim/include/turtlesim/turtlesim/srv/kill.hpp
[21.540s] -- Installing: /home/sebastianchu/code/ros2_tutorial/ros2_ws_tutorial/install/turtlesim/include/turtlesim/turtlesim/srv/teleport_relative.hpp
[21.540s] -- Installing: /home/sebastianchu/code/ros2_tutorial/ros2_ws_tutorial/install/turtlesim/include/turtlesim/turtlesim/srv/spawn.hpp
[21.540s] -- Up-to-date: /home/sebastianchu/code/ros2_tutorial/ros2_ws_tutorial/install/turtlesim/include/turtlesim/turtlesim/srv/detail
[21.540s] -- Installing: /home/sebastianchu/code/ros2_tutorial/ros2_ws_tutorial/install/turtlesim/include/turtlesim/turtlesim/srv/detail/spawn__type_support.hpp
[21.540s] -- Installing: /home/sebastianchu/code/ros2_tutorial/ros2_ws_tutorial/install/turtlesim/include/turtlesim/turtlesim/srv/detail/teleport_absolute__type_support.hpp
[21.540s] -- Installing: /home/sebastianchu/code/ros2_tutorial/ros2_ws_tutorial/install/turtlesim/include/turtlesim/turtlesim/srv/detail/spawn__builder.hpp
[21.540s] -- Installing: /home/sebastianchu/code/ros2_tutorial/ros2_ws_tutorial/install/turtlesim/include/turtlesim/turtlesim/srv/detail/teleport_relative__traits.hpp
[21.540s] -- Installing: /home/sebastianchu/code/ros2_tutorial/ros2_ws_tutorial/install/turtlesim/include/turtlesim/turtlesim/srv/detail/kill__struct.hpp
[21.540s] -- Installing: /home/sebastianchu/code/ros2_tutorial/ros2_ws_tutorial/install/turtlesim/include/turtlesim/turtlesim/srv/detail/kill__traits.hpp
[21.541s] -- Installing: /home/sebastianchu/code/ros2_tutorial/ros2_ws_tutorial/install/turtlesim/include/turtlesim/turtlesim/srv/detail/teleport_absolute__struct.hpp
[21.541s] -- Installing: /home/sebastianchu/code/ros2_tutorial/ros2_ws_tutorial/install/turtlesim/include/turtlesim/turtlesim/srv/detail/spawn__traits.hpp
[21.541s] -- Installing: /home/sebastianchu/code/ros2_tutorial/ros2_ws_tutorial/install/turtlesim/include/turtlesim/turtlesim/srv/detail/teleport_relative__builder.hpp
[21.541s] -- Installing: /home/sebastianchu/code/ros2_tutorial/ros2_ws_tutorial/install/turtlesim/include/turtlesim/turtlesim/srv/detail/spawn__struct.hpp
[21.541s] -- Installing: /home/sebastianchu/code/ros2_tutorial/ros2_ws_tutorial/install/turtlesim/include/turtlesim/turtlesim/srv/detail/teleport_relative__struct.hpp
[21.541s] -- Installing: /home/sebastianchu/code/ros2_tutorial/ros2_ws_tutorial/install/turtlesim/include/turtlesim/turtlesim/srv/detail/set_pen__builder.hpp
[21.541s] -- Installing: /home/sebastianchu/code/ros2_tutorial/ros2_ws_tutorial/install/turtlesim/include/turtlesim/turtlesim/srv/detail/teleport_absolute__traits.hpp
[21.541s] -- Installing: /home/sebastianchu/code/ros2_tutorial/ros2_ws_tutorial/install/turtlesim/include/turtlesim/turtlesim/srv/detail/teleport_relative__type_support.hpp
[21.541s] -- Installing: /home/sebastianchu/code/ros2_tutorial/ros2_ws_tutorial/install/turtlesim/include/turtlesim/turtlesim/srv/detail/set_pen__type_support.hpp
[21.541s] -- Installing: /home/sebastianchu/code/ros2_tutorial/ros2_ws_tutorial/install/turtlesim/include/turtlesim/turtlesim/srv/detail/kill__type_support.hpp
[21.541s] -- Installing: /home/sebastianchu/code/ros2_tutorial/ros2_ws_tutorial/install/turtlesim/include/turtlesim/turtlesim/srv/detail/kill__builder.hpp
[21.541s] -- Installing: /home/sebastianchu/code/ros2_tutorial/ros2_ws_tutorial/install/turtlesim/include/turtlesim/turtlesim/srv/detail/teleport_absolute__builder.hpp
[21.541s] -- Installing: /home/sebastianchu/code/ros2_tutorial/ros2_ws_tutorial/install/turtlesim/include/turtlesim/turtlesim/srv/detail/set_pen__struct.hpp
[21.541s] -- Installing: /home/sebastianchu/code/ros2_tutorial/ros2_ws_tutorial/install/turtlesim/include/turtlesim/turtlesim/srv/detail/set_pen__traits.hpp
[21.541s] -- Installing: /home/sebastianchu/code/ros2_tutorial/ros2_ws_tutorial/install/turtlesim/include/turtlesim/turtlesim/srv/set_pen.hpp
[21.541s] -- Installing: /home/sebastianchu/code/ros2_tutorial/ros2_ws_tutorial/install/turtlesim/include/turtlesim/turtlesim/srv/teleport_absolute.hpp
[21.541s] -- Up-to-date: /home/sebastianchu/code/ros2_tutorial/ros2_ws_tutorial/install/turtlesim/include/turtlesim/turtlesim/msg
[21.541s] -- Installing: /home/sebastianchu/code/ros2_tutorial/ros2_ws_tutorial/install/turtlesim/include/turtlesim/turtlesim/msg/pose.hpp
[21.541s] -- Up-to-date: /home/sebastianchu/code/ros2_tutorial/ros2_ws_tutorial/install/turtlesim/include/turtlesim/turtlesim/msg/detail
[21.541s] -- Installing: /home/sebastianchu/code/ros2_tutorial/ros2_ws_tutorial/install/turtlesim/include/turtlesim/turtlesim/msg/detail/pose__type_support.hpp
[21.541s] -- Installing: /home/sebastianchu/code/ros2_tutorial/ros2_ws_tutorial/install/turtlesim/include/turtlesim/turtlesim/msg/detail/color__struct.hpp
[21.542s] -- Installing: /home/sebastianchu/code/ros2_tutorial/ros2_ws_tutorial/install/turtlesim/include/turtlesim/turtlesim/msg/detail/color__builder.hpp
[21.542s] -- Installing: /home/sebastianchu/code/ros2_tutorial/ros2_ws_tutorial/install/turtlesim/include/turtlesim/turtlesim/msg/detail/pose__traits.hpp
[21.542s] -- Installing: /home/sebastianchu/code/ros2_tutorial/ros2_ws_tutorial/install/turtlesim/include/turtlesim/turtlesim/msg/detail/color__traits.hpp
[21.542s] -- Installing: /home/sebastianchu/code/ros2_tutorial/ros2_ws_tutorial/install/turtlesim/include/turtlesim/turtlesim/msg/detail/color__type_support.hpp
[21.542s] -- Installing: /home/sebastianchu/code/ros2_tutorial/ros2_ws_tutorial/install/turtlesim/include/turtlesim/turtlesim/msg/detail/pose__struct.hpp
[21.542s] -- Installing: /home/sebastianchu/code/ros2_tutorial/ros2_ws_tutorial/install/turtlesim/include/turtlesim/turtlesim/msg/detail/pose__builder.hpp
[21.542s] -- Installing: /home/sebastianchu/code/ros2_tutorial/ros2_ws_tutorial/install/turtlesim/include/turtlesim/turtlesim/msg/color.hpp
[21.542s] -- Installing: /home/sebastianchu/code/ros2_tutorial/ros2_ws_tutorial/install/turtlesim/include/turtlesim/turtlesim/msg/rosidl_generator_cpp__visibility_control.hpp
[21.542s] -- Up-to-date: /home/sebastianchu/code/ros2_tutorial/ros2_ws_tutorial/install/turtlesim/include/turtlesim/turtlesim
[21.542s] -- Up-to-date: /home/sebastianchu/code/ros2_tutorial/ros2_ws_tutorial/install/turtlesim/include/turtlesim/turtlesim/action
[21.542s] -- Up-to-date: /home/sebastianchu/code/ros2_tutorial/ros2_ws_tutorial/install/turtlesim/include/turtlesim/turtlesim/action/detail
[21.542s] -- Installing: /home/sebastianchu/code/ros2_tutorial/ros2_ws_tutorial/install/turtlesim/include/turtlesim/turtlesim/action/detail/rotate_absolute__rosidl_typesupport_fastrtps_cpp.hpp
[21.542s] -- Installing: /home/sebastianchu/code/ros2_tutorial/ros2_ws_tutorial/install/turtlesim/include/turtlesim/turtlesim/action/detail/dds_fastrtps
[21.542s] -- Up-to-date: /home/sebastianchu/code/ros2_tutorial/ros2_ws_tutorial/install/turtlesim/include/turtlesim/turtlesim/srv
[21.542s] -- Up-to-date: /home/sebastianchu/code/ros2_tutorial/ros2_ws_tutorial/install/turtlesim/include/turtlesim/turtlesim/srv/detail
[21.542s] -- Installing: /home/sebastianchu/code/ros2_tutorial/ros2_ws_tutorial/install/turtlesim/include/turtlesim/turtlesim/srv/detail/kill__rosidl_typesupport_fastrtps_cpp.hpp
[21.542s] -- Installing: /home/sebastianchu/code/ros2_tutorial/ros2_ws_tutorial/install/turtlesim/include/turtlesim/turtlesim/srv/detail/teleport_relative__rosidl_typesupport_fastrtps_cpp.hpp
[21.542s] -- Installing: /home/sebastianchu/code/ros2_tutorial/ros2_ws_tutorial/install/turtlesim/include/turtlesim/turtlesim/srv/detail/spawn__rosidl_typesupport_fastrtps_cpp.hpp
[21.542s] -- Installing: /home/sebastianchu/code/ros2_tutorial/ros2_ws_tutorial/install/turtlesim/include/turtlesim/turtlesim/srv/detail/dds_fastrtps
[21.542s] -- Installing: /home/sebastianchu/code/ros2_tutorial/ros2_ws_tutorial/install/turtlesim/include/turtlesim/turtlesim/srv/detail/teleport_absolute__rosidl_typesupport_fastrtps_cpp.hpp
[21.542s] -- Installing: /home/sebastianchu/code/ros2_tutorial/ros2_ws_tutorial/install/turtlesim/include/turtlesim/turtlesim/srv/detail/set_pen__rosidl_typesupport_fastrtps_cpp.hpp
[21.542s] -- Up-to-date: /home/sebastianchu/code/ros2_tutorial/ros2_ws_tutorial/install/turtlesim/include/turtlesim/turtlesim/msg
[21.542s] -- Up-to-date: /home/sebastianchu/code/ros2_tutorial/ros2_ws_tutorial/install/turtlesim/include/turtlesim/turtlesim/msg/detail
[21.543s] -- Installing: /home/sebastianchu/code/ros2_tutorial/ros2_ws_tutorial/install/turtlesim/include/turtlesim/turtlesim/msg/detail/pose__rosidl_typesupport_fastrtps_cpp.hpp
[21.543s] -- Installing: /home/sebastianchu/code/ros2_tutorial/ros2_ws_tutorial/install/turtlesim/include/turtlesim/turtlesim/msg/detail/color__rosidl_typesupport_fastrtps_cpp.hpp
[21.543s] -- Installing: /home/sebastianchu/code/ros2_tutorial/ros2_ws_tutorial/install/turtlesim/include/turtlesim/turtlesim/msg/detail/dds_fastrtps
[21.543s] -- Installing: /home/sebastianchu/code/ros2_tutorial/ros2_ws_tutorial/install/turtlesim/include/turtlesim/turtlesim/msg/rosidl_typesupport_fastrtps_cpp__visibility_control.h
[21.543s] -- Installing: /home/sebastianchu/code/ros2_tutorial/ros2_ws_tutorial/install/turtlesim/lib/libturtlesim__rosidl_typesupport_fastrtps_cpp.so
[21.543s] -- Set runtime path of "/home/sebastianchu/code/ros2_tutorial/ros2_ws_tutorial/install/turtlesim/lib/libturtlesim__rosidl_typesupport_fastrtps_cpp.so" to ""
[21.543s] -- Up-to-date: /home/sebastianchu/code/ros2_tutorial/ros2_ws_tutorial/install/turtlesim/include/turtlesim/turtlesim
[21.543s] -- Up-to-date: /home/sebastianchu/code/ros2_tutorial/ros2_ws_tutorial/install/turtlesim/include/turtlesim/turtlesim/action
[21.543s] -- Up-to-date: /home/sebastianchu/code/ros2_tutorial/ros2_ws_tutorial/install/turtlesim/include/turtlesim/turtlesim/action/detail
[21.543s] -- Installing: /home/sebastianchu/code/ros2_tutorial/ros2_ws_tutorial/install/turtlesim/include/turtlesim/turtlesim/action/detail/rotate_absolute__type_support.c
[21.543s] -- Installing: /home/sebastianchu/code/ros2_tutorial/ros2_ws_tutorial/install/turtlesim/include/turtlesim/turtlesim/action/detail/rotate_absolute__rosidl_typesupport_introspection_c.h
[21.543s] -- Up-to-date: /home/sebastianchu/code/ros2_tutorial/ros2_ws_tutorial/install/turtlesim/include/turtlesim/turtlesim/srv
[21.543s] -- Up-to-date: /home/sebastianchu/code/ros2_tutorial/ros2_ws_tutorial/install/turtlesim/include/turtlesim/turtlesim/srv/detail
[21.543s] -- Installing: /home/sebastianchu/code/ros2_tutorial/ros2_ws_tutorial/install/turtlesim/include/turtlesim/turtlesim/srv/detail/teleport_relative__type_support.c
[21.543s] -- Installing: /home/sebastianchu/code/ros2_tutorial/ros2_ws_tutorial/install/turtlesim/include/turtlesim/turtlesim/srv/detail/spawn__rosidl_typesupport_introspection_c.h
[21.543s] -- Installing: /home/sebastianchu/code/ros2_tutorial/ros2_ws_tutorial/install/turtlesim/include/turtlesim/turtlesim/srv/detail/kill__rosidl_typesupport_introspection_c.h
[21.543s] -- Installing: /home/sebastianchu/code/ros2_tutorial/ros2_ws_tutorial/install/turtlesim/include/turtlesim/turtlesim/srv/detail/set_pen__type_support.c
[21.543s] -- Installing: /home/sebastianchu/code/ros2_tutorial/ros2_ws_tutorial/install/turtlesim/include/turtlesim/turtlesim/srv/detail/teleport_relative__rosidl_typesupport_introspection_c.h
[21.543s] -- Installing: /home/sebastianchu/code/ros2_tutorial/ros2_ws_tutorial/install/turtlesim/include/turtlesim/turtlesim/srv/detail/teleport_absolute__rosidl_typesupport_introspection_c.h
[21.543s] -- Installing: /home/sebastianchu/code/ros2_tutorial/ros2_ws_tutorial/install/turtlesim/include/turtlesim/turtlesim/srv/detail/kill__type_support.c
[21.543s] -- Installing: /home/sebastianchu/code/ros2_tutorial/ros2_ws_tutorial/install/turtlesim/include/turtlesim/turtlesim/srv/detail/teleport_absolute__type_support.c
[21.544s] -- Installing: /home/sebastianchu/code/ros2_tutorial/ros2_ws_tutorial/install/turtlesim/include/turtlesim/turtlesim/srv/detail/spawn__type_support.c
[21.544s] -- Installing: /home/sebastianchu/code/ros2_tutorial/ros2_ws_tutorial/install/turtlesim/include/turtlesim/turtlesim/srv/detail/set_pen__rosidl_typesupport_introspection_c.h
[21.544s] -- Up-to-date: /home/sebastianchu/code/ros2_tutorial/ros2_ws_tutorial/install/turtlesim/include/turtlesim/turtlesim/msg
[21.544s] -- Up-to-date: /home/sebastianchu/code/ros2_tutorial/ros2_ws_tutorial/install/turtlesim/include/turtlesim/turtlesim/msg/detail
[21.544s] -- Installing: /home/sebastianchu/code/ros2_tutorial/ros2_ws_tutorial/install/turtlesim/include/turtlesim/turtlesim/msg/detail/color__type_support.c
[21.544s] -- Installing: /home/sebastianchu/code/ros2_tutorial/ros2_ws_tutorial/install/turtlesim/include/turtlesim/turtlesim/msg/detail/color__rosidl_typesupport_introspection_c.h
[21.544s] -- Installing: /home/sebastianchu/code/ros2_tutorial/ros2_ws_tutorial/install/turtlesim/include/turtlesim/turtlesim/msg/detail/pose__type_support.c
[21.544s] -- Installing: /home/sebastianchu/code/ros2_tutorial/ros2_ws_tutorial/install/turtlesim/include/turtlesim/turtlesim/msg/detail/pose__rosidl_typesupport_introspection_c.h
[21.544s] -- Installing: /home/sebastianchu/code/ros2_tutorial/ros2_ws_tutorial/install/turtlesim/include/turtlesim/turtlesim/msg/rosidl_typesupport_introspection_c__visibility_control.h
[21.544s] -- Installing: /home/sebastianchu/code/ros2_tutorial/ros2_ws_tutorial/install/turtlesim/lib/libturtlesim__rosidl_typesupport_introspection_c.so
[21.544s] -- Set runtime path of "/home/sebastianchu/code/ros2_tutorial/ros2_ws_tutorial/install/turtlesim/lib/libturtlesim__rosidl_typesupport_introspection_c.so" to ""
[21.544s] -- Installing: /home/sebastianchu/code/ros2_tutorial/ros2_ws_tutorial/install/turtlesim/lib/libturtlesim__rosidl_typesupport_c.so
[21.544s] -- Set runtime path of "/home/sebastianchu/code/ros2_tutorial/ros2_ws_tutorial/install/turtlesim/lib/libturtlesim__rosidl_typesupport_c.so" to ""
[21.544s] -- Up-to-date: /home/sebastianchu/code/ros2_tutorial/ros2_ws_tutorial/install/turtlesim/include/turtlesim/turtlesim
[21.544s] -- Up-to-date: /home/sebastianchu/code/ros2_tutorial/ros2_ws_tutorial/install/turtlesim/include/turtlesim/turtlesim/action
[21.544s] -- Up-to-date: /home/sebastianchu/code/ros2_tutorial/ros2_ws_tutorial/install/turtlesim/include/turtlesim/turtlesim/action/detail
[21.544s] -- Installing: /home/sebastianchu/code/ros2_tutorial/ros2_ws_tutorial/install/turtlesim/include/turtlesim/turtlesim/action/detail/rotate_absolute__rosidl_typesupport_introspection_cpp.hpp
[21.545s] -- Installing: /home/sebastianchu/code/ros2_tutorial/ros2_ws_tutorial/install/turtlesim/include/turtlesim/turtlesim/action/detail/rotate_absolute__type_support.cpp
[21.545s] -- Up-to-date: /home/sebastianchu/code/ros2_tutorial/ros2_ws_tutorial/install/turtlesim/include/turtlesim/turtlesim/srv
[21.545s] -- Up-to-date: /home/sebastianchu/code/ros2_tutorial/ros2_ws_tutorial/install/turtlesim/include/turtlesim/turtlesim/srv/detail
[21.545s] -- Installing: /home/sebastianchu/code/ros2_tutorial/ros2_ws_tutorial/install/turtlesim/include/turtlesim/turtlesim/srv/detail/kill__rosidl_typesupport_introspection_cpp.hpp
[21.545s] -- Installing: /home/sebastianchu/code/ros2_tutorial/ros2_ws_tutorial/install/turtlesim/include/turtlesim/turtlesim/srv/detail/teleport_absolute__type_support.cpp
[21.545s] -- Installing: /home/sebastianchu/code/ros2_tutorial/ros2_ws_tutorial/install/turtlesim/include/turtlesim/turtlesim/srv/detail/spawn__rosidl_typesupport_introspection_cpp.hpp
[21.545s] -- Installing: /home/sebastianchu/code/ros2_tutorial/ros2_ws_tutorial/install/turtlesim/include/turtlesim/turtlesim/srv/detail/kill__type_support.cpp
[21.545s] -- Installing: /home/sebastianchu/code/ros2_tutorial/ros2_ws_tutorial/install/turtlesim/include/turtlesim/turtlesim/srv/detail/set_pen__rosidl_typesupport_introspection_cpp.hpp
[21.545s] -- Installing: /home/sebastianchu/code/ros2_tutorial/ros2_ws_tutorial/install/turtlesim/include/turtlesim/turtlesim/srv/detail/spawn__type_support.cpp
[21.545s] -- Installing: /home/sebastianchu/code/ros2_tutorial/ros2_ws_tutorial/install/turtlesim/include/turtlesim/turtlesim/srv/detail/teleport_relative__type_support.cpp
[21.545s] -- Installing: /home/sebastianchu/code/ros2_tutorial/ros2_ws_tutorial/install/turtlesim/include/turtlesim/turtlesim/srv/detail/teleport_absolute__rosidl_typesupport_introspection_cpp.hpp
[21.545s] -- Installing: /home/sebastianchu/code/ros2_tutorial/ros2_ws_tutorial/install/turtlesim/include/turtlesim/turtlesim/srv/detail/teleport_relative__rosidl_typesupport_introspection_cpp.hpp
[21.545s] -- Installing: /home/sebastianchu/code/ros2_tutorial/ros2_ws_tutorial/install/turtlesim/include/turtlesim/turtlesim/srv/detail/set_pen__type_support.cpp
[21.545s] -- Up-to-date: /home/sebastianchu/code/ros2_tutorial/ros2_ws_tutorial/install/turtlesim/include/turtlesim/turtlesim/msg
[21.545s] -- Up-to-date: /home/sebastianchu/code/ros2_tutorial/ros2_ws_tutorial/install/turtlesim/include/turtlesim/turtlesim/msg/detail
[21.545s] -- Installing: /home/sebastianchu/code/ros2_tutorial/ros2_ws_tutorial/install/turtlesim/include/turtlesim/turtlesim/msg/detail/color__type_support.cpp
[21.545s] -- Installing: /home/sebastianchu/code/ros2_tutorial/ros2_ws_tutorial/install/turtlesim/include/turtlesim/turtlesim/msg/detail/pose__type_support.cpp
[21.545s] -- Installing: /home/sebastianchu/code/ros2_tutorial/ros2_ws_tutorial/install/turtlesim/include/turtlesim/turtlesim/msg/detail/pose__rosidl_typesupport_introspection_cpp.hpp
[21.545s] -- Installing: /home/sebastianchu/code/ros2_tutorial/ros2_ws_tutorial/install/turtlesim/include/turtlesim/turtlesim/msg/detail/color__rosidl_typesupport_introspection_cpp.hpp
[21.546s] -- Installing: /home/sebastianchu/code/ros2_tutorial/ros2_ws_tutorial/install/turtlesim/lib/libturtlesim__rosidl_typesupport_introspection_cpp.so
[21.546s] -- Set runtime path of "/home/sebastianchu/code/ros2_tutorial/ros2_ws_tutorial/install/turtlesim/lib/libturtlesim__rosidl_typesupport_introspection_cpp.so" to ""
[21.546s] -- Installing: /home/sebastianchu/code/ros2_tutorial/ros2_ws_tutorial/install/turtlesim/lib/libturtlesim__rosidl_typesupport_cpp.so
[21.546s] -- Set runtime path of "/home/sebastianchu/code/ros2_tutorial/ros2_ws_tutorial/install/turtlesim/lib/libturtlesim__rosidl_typesupport_cpp.so" to ""
[21.546s] -- Installing: /home/sebastianchu/code/ros2_tutorial/ros2_ws_tutorial/install/turtlesim/share/turtlesim/environment/pythonpath.sh
[21.546s] -- Installing: /home/sebastianchu/code/ros2_tutorial/ros2_ws_tutorial/install/turtlesim/share/turtlesim/environment/pythonpath.dsv
[21.546s] -- Installing: /home/sebastianchu/code/ros2_tutorial/ros2_ws_tutorial/install/turtlesim/local/lib/python3.10/dist-packages/turtlesim-1.4.2-py3.10.egg-info
[21.546s] -- Installing: /home/sebastianchu/code/ros2_tutorial/ros2_ws_tutorial/install/turtlesim/local/lib/python3.10/dist-packages/turtlesim-1.4.2-py3.10.egg-info/SOURCES.txt
[21.546s] -- Installing: /home/sebastianchu/code/ros2_tutorial/ros2_ws_tutorial/install/turtlesim/local/lib/python3.10/dist-packages/turtlesim-1.4.2-py3.10.egg-info/top_level.txt
[21.546s] -- Installing: /home/sebastianchu/code/ros2_tutorial/ros2_ws_tutorial/install/turtlesim/local/lib/python3.10/dist-packages/turtlesim-1.4.2-py3.10.egg-info/PKG-INFO
[21.546s] -- Installing: /home/sebastianchu/code/ros2_tutorial/ros2_ws_tutorial/install/turtlesim/local/lib/python3.10/dist-packages/turtlesim-1.4.2-py3.10.egg-info/dependency_links.txt
[21.546s] -- Installing: /home/sebastianchu/code/ros2_tutorial/ros2_ws_tutorial/install/turtlesim/local/lib/python3.10/dist-packages/turtlesim
[21.547s] -- Installing: /home/sebastianchu/code/ros2_tutorial/ros2_ws_tutorial/install/turtlesim/local/lib/python3.10/dist-packages/turtlesim/turtlesim_s__rosidl_typesupport_c.cpython-310-x86_64-linux-gnu.so
[21.547s] -- Installing: /home/sebastianchu/code/ros2_tutorial/ros2_ws_tutorial/install/turtlesim/local/lib/python3.10/dist-packages/turtlesim/_turtlesim_s.ep.rosidl_typesupport_introspection_c.c
[21.547s] -- Installing: /home/sebastianchu/code/ros2_tutorial/ros2_ws_tutorial/install/turtlesim/local/lib/python3.10/dist-packages/turtlesim/_turtlesim_s.ep.rosidl_typesupport_c.c
[21.547s] -- Installing: /home/sebastianchu/code/ros2_tutorial/ros2_ws_tutorial/install/turtlesim/local/lib/python3.10/dist-packages/turtlesim/__init__.py
[21.547s] -- Installing: /home/sebastianchu/code/ros2_tutorial/ros2_ws_tutorial/install/turtlesim/local/lib/python3.10/dist-packages/turtlesim/action
[21.547s] -- Installing: /home/sebastianchu/code/ros2_tutorial/ros2_ws_tutorial/install/turtlesim/local/lib/python3.10/dist-packages/turtlesim/action/__init__.py
[21.547s] -- Installing: /home/sebastianchu/code/ros2_tutorial/ros2_ws_tutorial/install/turtlesim/local/lib/python3.10/dist-packages/turtlesim/action/_rotate_absolute.py
[21.547s] -- Installing: /home/sebastianchu/code/ros2_tutorial/ros2_ws_tutorial/install/turtlesim/local/lib/python3.10/dist-packages/turtlesim/action/_rotate_absolute_s.c
[21.548s] -- Installing: /home/sebastianchu/code/ros2_tutorial/ros2_ws_tutorial/install/turtlesim/local/lib/python3.10/dist-packages/turtlesim/turtlesim_s__rosidl_typesupport_fastrtps_c.cpython-310-x86_64-linux-gnu.so
[21.548s] -- Installing: /home/sebastianchu/code/ros2_tutorial/ros2_ws_tutorial/install/turtlesim/local/lib/python3.10/dist-packages/turtlesim/_turtlesim_s.ep.rosidl_typesupport_fastrtps_c.c
[21.548s] -- Installing: /home/sebastianchu/code/ros2_tutorial/ros2_ws_tutorial/install/turtlesim/local/lib/python3.10/dist-packages/turtlesim/turtlesim_s__rosidl_typesupport_introspection_c.cpython-310-x86_64-linux-gnu.so
[21.548s] -- Installing: /home/sebastianchu/code/ros2_tutorial/ros2_ws_tutorial/install/turtlesim/local/lib/python3.10/dist-packages/turtlesim/srv
[21.548s] -- Installing: /home/sebastianchu/code/ros2_tutorial/ros2_ws_tutorial/install/turtlesim/local/lib/python3.10/dist-packages/turtlesim/srv/_set_pen.py
[21.548s] -- Installing: /home/sebastianchu/code/ros2_tutorial/ros2_ws_tutorial/install/turtlesim/local/lib/python3.10/dist-packages/turtlesim/srv/_spawn.py
[21.548s] -- Installing: /home/sebastianchu/code/ros2_tutorial/ros2_ws_tutorial/install/turtlesim/local/lib/python3.10/dist-packages/turtlesim/srv/_teleport_absolute_s.c
[21.548s] -- Installing: /home/sebastianchu/code/ros2_tutorial/ros2_ws_tutorial/install/turtlesim/local/lib/python3.10/dist-packages/turtlesim/srv/__init__.py
[21.548s] -- Installing: /home/sebastianchu/code/ros2_tutorial/ros2_ws_tutorial/install/turtlesim/local/lib/python3.10/dist-packages/turtlesim/srv/_set_pen_s.c
[21.548s] -- Installing: /home/sebastianchu/code/ros2_tutorial/ros2_ws_tutorial/install/turtlesim/local/lib/python3.10/dist-packages/turtlesim/srv/_kill_s.c
[21.548s] -- Installing: /home/sebastianchu/code/ros2_tutorial/ros2_ws_tutorial/install/turtlesim/local/lib/python3.10/dist-packages/turtlesim/srv/_kill.py
[21.548s] -- Installing: /home/sebastianchu/code/ros2_tutorial/ros2_ws_tutorial/install/turtlesim/local/lib/python3.10/dist-packages/turtlesim/srv/_teleport_absolute.py
[21.548s] -- Installing: /home/sebastianchu/code/ros2_tutorial/ros2_ws_tutorial/install/turtlesim/local/lib/python3.10/dist-packages/turtlesim/srv/_teleport_relative_s.c
[21.548s] -- Installing: /home/sebastianchu/code/ros2_tutorial/ros2_ws_tutorial/install/turtlesim/local/lib/python3.10/dist-packages/turtlesim/srv/_spawn_s.c
[21.549s] -- Installing: /home/sebastianchu/code/ros2_tutorial/ros2_ws_tutorial/install/turtlesim/local/lib/python3.10/dist-packages/turtlesim/srv/_teleport_relative.py
[21.549s] -- Installing: /home/sebastianchu/code/ros2_tutorial/ros2_ws_tutorial/install/turtlesim/local/lib/python3.10/dist-packages/turtlesim/msg
[21.549s] -- Installing: /home/sebastianchu/code/ros2_tutorial/ros2_ws_tutorial/install/turtlesim/local/lib/python3.10/dist-packages/turtlesim/msg/_color_s.c
[21.549s] -- Installing: /home/sebastianchu/code/ros2_tutorial/ros2_ws_tutorial/install/turtlesim/local/lib/python3.10/dist-packages/turtlesim/msg/__init__.py
[21.549s] -- Installing: /home/sebastianchu/code/ros2_tutorial/ros2_ws_tutorial/install/turtlesim/local/lib/python3.10/dist-packages/turtlesim/msg/_pose.py
[21.549s] -- Installing: /home/sebastianchu/code/ros2_tutorial/ros2_ws_tutorial/install/turtlesim/local/lib/python3.10/dist-packages/turtlesim/msg/_color.py
[21.549s] -- Installing: /home/sebastianchu/code/ros2_tutorial/ros2_ws_tutorial/install/turtlesim/local/lib/python3.10/dist-packages/turtlesim/msg/_pose_s.c
[21.549s] -- Installing: /home/sebastianchu/code/ros2_tutorial/ros2_ws_tutorial/install/turtlesim/local/lib/python3.10/dist-packages/turtlesim/libturtlesim__rosidl_generator_py.so
[21.587s] Listing '/home/sebastianchu/code/ros2_tutorial/ros2_ws_tutorial/install/turtlesim/local/lib/python3.10/dist-packages/turtlesim'...
[21.587s] Compiling '/home/sebastianchu/code/ros2_tutorial/ros2_ws_tutorial/install/turtlesim/local/lib/python3.10/dist-packages/turtlesim/__init__.py'...
[21.587s] Listing '/home/sebastianchu/code/ros2_tutorial/ros2_ws_tutorial/install/turtlesim/local/lib/python3.10/dist-packages/turtlesim/action'...
[21.587s] Compiling '/home/sebastianchu/code/ros2_tutorial/ros2_ws_tutorial/install/turtlesim/local/lib/python3.10/dist-packages/turtlesim/action/__init__.py'...
[21.587s] Compiling '/home/sebastianchu/code/ros2_tutorial/ros2_ws_tutorial/install/turtlesim/local/lib/python3.10/dist-packages/turtlesim/action/_rotate_absolute.py'...
[21.587s] Listing '/home/sebastianchu/code/ros2_tutorial/ros2_ws_tutorial/install/turtlesim/local/lib/python3.10/dist-packages/turtlesim/msg'...
[21.587s] Compiling '/home/sebastianchu/code/ros2_tutorial/ros2_ws_tutorial/install/turtlesim/local/lib/python3.10/dist-packages/turtlesim/msg/__init__.py'...
[21.587s] Compiling '/home/sebastianchu/code/ros2_tutorial/ros2_ws_tutorial/install/turtlesim/local/lib/python3.10/dist-packages/turtlesim/msg/_color.py'...
[21.587s] Compiling '/home/sebastianchu/code/ros2_tutorial/ros2_ws_tutorial/install/turtlesim/local/lib/python3.10/dist-packages/turtlesim/msg/_pose.py'...
[21.587s] Listing '/home/sebastianchu/code/ros2_tutorial/ros2_ws_tutorial/install/turtlesim/local/lib/python3.10/dist-packages/turtlesim/srv'...
[21.588s] Compiling '/home/sebastianchu/code/ros2_tutorial/ros2_ws_tutorial/install/turtlesim/local/lib/python3.10/dist-packages/turtlesim/srv/__init__.py'...
[21.588s] Compiling '/home/sebastianchu/code/ros2_tutorial/ros2_ws_tutorial/install/turtlesim/local/lib/python3.10/dist-packages/turtlesim/srv/_kill.py'...
[21.588s] Compiling '/home/sebastianchu/code/ros2_tutorial/ros2_ws_tutorial/install/turtlesim/local/lib/python3.10/dist-packages/turtlesim/srv/_set_pen.py'...
[21.588s] Compiling '/home/sebastianchu/code/ros2_tutorial/ros2_ws_tutorial/install/turtlesim/local/lib/python3.10/dist-packages/turtlesim/srv/_spawn.py'...
[21.588s] Compiling '/home/sebastianchu/code/ros2_tutorial/ros2_ws_tutorial/install/turtlesim/local/lib/python3.10/dist-packages/turtlesim/srv/_teleport_absolute.py'...
[21.588s] Compiling '/home/sebastianchu/code/ros2_tutorial/ros2_ws_tutorial/install/turtlesim/local/lib/python3.10/dist-packages/turtlesim/srv/_teleport_relative.py'...
[21.591s] -- Installing: /home/sebastianchu/code/ros2_tutorial/ros2_ws_tutorial/install/turtlesim/local/lib/python3.10/dist-packages/turtlesim/turtlesim_s__rosidl_typesupport_fastrtps_c.cpython-310-x86_64-linux-gnu.so
[21.591s] -- Set runtime path of "/home/sebastianchu/code/ros2_tutorial/ros2_ws_tutorial/install/turtlesim/local/lib/python3.10/dist-packages/turtlesim/turtlesim_s__rosidl_typesupport_fastrtps_c.cpython-310-x86_64-linux-gnu.so" to ""
[21.591s] -- Installing: /home/sebastianchu/code/ros2_tutorial/ros2_ws_tutorial/install/turtlesim/local/lib/python3.10/dist-packages/turtlesim/turtlesim_s__rosidl_typesupport_introspection_c.cpython-310-x86_64-linux-gnu.so
[21.591s] -- Set runtime path of "/home/sebastianchu/code/ros2_tutorial/ros2_ws_tutorial/install/turtlesim/local/lib/python3.10/dist-packages/turtlesim/turtlesim_s__rosidl_typesupport_introspection_c.cpython-310-x86_64-linux-gnu.so" to ""
[21.591s] -- Installing: /home/sebastianchu/code/ros2_tutorial/ros2_ws_tutorial/install/turtlesim/local/lib/python3.10/dist-packages/turtlesim/turtlesim_s__rosidl_typesupport_c.cpython-310-x86_64-linux-gnu.so
[21.592s] -- Set runtime path of "/home/sebastianchu/code/ros2_tutorial/ros2_ws_tutorial/install/turtlesim/local/lib/python3.10/dist-packages/turtlesim/turtlesim_s__rosidl_typesupport_c.cpython-310-x86_64-linux-gnu.so" to ""
[21.592s] -- Installing: /home/sebastianchu/code/ros2_tutorial/ros2_ws_tutorial/install/turtlesim/lib/libturtlesim__rosidl_generator_py.so
[21.592s] -- Set runtime path of "/home/sebastianchu/code/ros2_tutorial/ros2_ws_tutorial/install/turtlesim/lib/libturtlesim__rosidl_generator_py.so" to ""
[21.592s] -- Installing: /home/sebastianchu/code/ros2_tutorial/ros2_ws_tutorial/install/turtlesim/share/turtlesim/action/RotateAbsolute.idl
[21.592s] -- Installing: /home/sebastianchu/code/ros2_tutorial/ros2_ws_tutorial/install/turtlesim/share/turtlesim/msg/Color.idl
[21.592s] -- Installing: /home/sebastianchu/code/ros2_tutorial/ros2_ws_tutorial/install/turtlesim/share/turtlesim/msg/Pose.idl
[21.592s] -- Installing: /home/sebastianchu/code/ros2_tutorial/ros2_ws_tutorial/install/turtlesim/share/turtlesim/srv/Kill.idl
[21.592s] -- Installing: /home/sebastianchu/code/ros2_tutorial/ros2_ws_tutorial/install/turtlesim/share/turtlesim/srv/SetPen.idl
[21.592s] -- Installing: /home/sebastianchu/code/ros2_tutorial/ros2_ws_tutorial/install/turtlesim/share/turtlesim/srv/Spawn.idl
[21.592s] -- Installing: /home/sebastianchu/code/ros2_tutorial/ros2_ws_tutorial/install/turtlesim/share/turtlesim/srv/TeleportAbsolute.idl
[21.592s] -- Installing: /home/sebastianchu/code/ros2_tutorial/ros2_ws_tutorial/install/turtlesim/share/turtlesim/srv/TeleportRelative.idl
[21.593s] -- Installing: /home/sebastianchu/code/ros2_tutorial/ros2_ws_tutorial/install/turtlesim/share/turtlesim/action/RotateAbsolute.action
[21.593s] -- Installing: /home/sebastianchu/code/ros2_tutorial/ros2_ws_tutorial/install/turtlesim/share/turtlesim/msg/Color.msg
[21.593s] -- Installing: /home/sebastianchu/code/ros2_tutorial/ros2_ws_tutorial/install/turtlesim/share/turtlesim/msg/Pose.msg
[21.593s] -- Installing: /home/sebastianchu/code/ros2_tutorial/ros2_ws_tutorial/install/turtlesim/share/turtlesim/srv/Kill.srv
[21.593s] -- Installing: /home/sebastianchu/code/ros2_tutorial/ros2_ws_tutorial/install/turtlesim/share/turtlesim/srv/Kill_Request.msg
[21.593s] -- Installing: /home/sebastianchu/code/ros2_tutorial/ros2_ws_tutorial/install/turtlesim/share/turtlesim/srv/Kill_Response.msg
[21.593s] -- Installing: /home/sebastianchu/code/ros2_tutorial/ros2_ws_tutorial/install/turtlesim/share/turtlesim/srv/SetPen.srv
[21.593s] -- Installing: /home/sebastianchu/code/ros2_tutorial/ros2_ws_tutorial/install/turtlesim/share/turtlesim/srv/SetPen_Request.msg
[21.593s] -- Installing: /home/sebastianchu/code/ros2_tutorial/ros2_ws_tutorial/install/turtlesim/share/turtlesim/srv/SetPen_Response.msg
[21.593s] -- Installing: /home/sebastianchu/code/ros2_tutorial/ros2_ws_tutorial/install/turtlesim/share/turtlesim/srv/Spawn.srv
[21.594s] -- Installing: /home/sebastianchu/code/ros2_tutorial/ros2_ws_tutorial/install/turtlesim/share/turtlesim/srv/Spawn_Request.msg
[21.594s] -- Installing: /home/sebastianchu/code/ros2_tutorial/ros2_ws_tutorial/install/turtlesim/share/turtlesim/srv/Spawn_Response.msg
[21.594s] -- Installing: /home/sebastianchu/code/ros2_tutorial/ros2_ws_tutorial/install/turtlesim/share/turtlesim/srv/TeleportAbsolute.srv
[21.594s] -- Installing: /home/sebastianchu/code/ros2_tutorial/ros2_ws_tutorial/install/turtlesim/share/turtlesim/srv/TeleportAbsolute_Request.msg
[21.594s] -- Installing: /home/sebastianchu/code/ros2_tutorial/ros2_ws_tutorial/install/turtlesim/share/turtlesim/srv/TeleportAbsolute_Response.msg
[21.594s] -- Installing: /home/sebastianchu/code/ros2_tutorial/ros2_ws_tutorial/install/turtlesim/share/turtlesim/srv/TeleportRelative.srv
[21.594s] -- Installing: /home/sebastianchu/code/ros2_tutorial/ros2_ws_tutorial/install/turtlesim/share/turtlesim/srv/TeleportRelative_Request.msg
[21.594s] -- Installing: /home/sebastianchu/code/ros2_tutorial/ros2_ws_tutorial/install/turtlesim/share/turtlesim/srv/TeleportRelative_Response.msg
[21.594s] -- Installing: /home/sebastianchu/code/ros2_tutorial/ros2_ws_tutorial/install/turtlesim/lib/turtlesim/turtlesim_node
[21.599s] -- Set runtime path of "/home/sebastianchu/code/ros2_tutorial/ros2_ws_tutorial/install/turtlesim/lib/turtlesim/turtlesim_node" to ""
[21.599s] -- Installing: /home/sebastianchu/code/ros2_tutorial/ros2_ws_tutorial/install/turtlesim/lib/turtlesim/turtle_teleop_key
[21.600s] -- Set runtime path of "/home/sebastianchu/code/ros2_tutorial/ros2_ws_tutorial/install/turtlesim/lib/turtlesim/turtle_teleop_key" to ""
[21.600s] -- Installing: /home/sebastianchu/code/ros2_tutorial/ros2_ws_tutorial/install/turtlesim/lib/turtlesim/draw_square
[21.603s] -- Set runtime path of "/home/sebastianchu/code/ros2_tutorial/ros2_ws_tutorial/install/turtlesim/lib/turtlesim/draw_square" to ""
[21.603s] -- Installing: /home/sebastianchu/code/ros2_tutorial/ros2_ws_tutorial/install/turtlesim/lib/turtlesim/mimic
[21.605s] -- Set runtime path of "/home/sebastianchu/code/ros2_tutorial/ros2_ws_tutorial/install/turtlesim/lib/turtlesim/mimic" to ""
[21.605s] -- Installing: /home/sebastianchu/code/ros2_tutorial/ros2_ws_tutorial/install/turtlesim/share/turtlesim/images
[21.605s] -- Installing: /home/sebastianchu/code/ros2_tutorial/ros2_ws_tutorial/install/turtlesim/share/turtlesim/images/dashing.png
[21.606s] -- Installing: /home/sebastianchu/code/ros2_tutorial/ros2_ws_tutorial/install/turtlesim/share/turtlesim/images/foxy.png
[21.606s] -- Installing: /home/sebastianchu/code/ros2_tutorial/ros2_ws_tutorial/install/turtlesim/share/turtlesim/images/ardent.png
[21.606s] -- Installing: /home/sebastianchu/code/ros2_tutorial/ros2_ws_tutorial/install/turtlesim/share/turtlesim/images/humble.png
[21.606s] -- Installing: /home/sebastianchu/code/ros2_tutorial/ros2_ws_tutorial/install/turtlesim/share/turtlesim/images/crystal.png
[21.606s] -- Installing: /home/sebastianchu/code/ros2_tutorial/ros2_ws_tutorial/install/turtlesim/share/turtlesim/images/bouncy.png
[21.606s] -- Installing: /home/sebastianchu/code/ros2_tutorial/ros2_ws_tutorial/install/turtlesim/share/turtlesim/images/rolling.png
[21.606s] -- Installing: /home/sebastianchu/code/ros2_tutorial/ros2_ws_tutorial/install/turtlesim/share/turtlesim/images/eloquent.png
[21.607s] -- Installing: /home/sebastianchu/code/ros2_tutorial/ros2_ws_tutorial/install/turtlesim/share/turtlesim/images/galactic.png
[21.607s] -- Installing: /home/sebastianchu/code/ros2_tutorial/ros2_ws_tutorial/install/turtlesim/share/turtlesim/launch
[21.607s] -- Installing: /home/sebastianchu/code/ros2_tutorial/ros2_ws_tutorial/install/turtlesim/share/turtlesim/launch/multisim.launch.py
[21.607s] -- Installing: /home/sebastianchu/code/ros2_tutorial/ros2_ws_tutorial/install/turtlesim/share/ament_index/resource_index/package_run_dependencies/turtlesim
[21.607s] -- Installing: /home/sebastianchu/code/ros2_tutorial/ros2_ws_tutorial/install/turtlesim/share/ament_index/resource_index/parent_prefix_path/turtlesim
[21.607s] -- Installing: /home/sebastianchu/code/ros2_tutorial/ros2_ws_tutorial/install/turtlesim/share/turtlesim/environment/ament_prefix_path.sh
[21.607s] -- Installing: /home/sebastianchu/code/ros2_tutorial/ros2_ws_tutorial/install/turtlesim/share/turtlesim/environment/ament_prefix_path.dsv
[21.607s] -- Installing: /home/sebastianchu/code/ros2_tutorial/ros2_ws_tutorial/install/turtlesim/share/turtlesim/environment/path.sh
[21.607s] -- Installing: /home/sebastianchu/code/ros2_tutorial/ros2_ws_tutorial/install/turtlesim/share/turtlesim/environment/path.dsv
[21.608s] -- Installing: /home/sebastianchu/code/ros2_tutorial/ros2_ws_tutorial/install/turtlesim/share/turtlesim/local_setup.bash
[21.608s] -- Installing: /home/sebastianchu/code/ros2_tutorial/ros2_ws_tutorial/install/turtlesim/share/turtlesim/local_setup.sh
[21.608s] -- Installing: /home/sebastianchu/code/ros2_tutorial/ros2_ws_tutorial/install/turtlesim/share/turtlesim/local_setup.zsh
[21.608s] -- Installing: /home/sebastianchu/code/ros2_tutorial/ros2_ws_tutorial/install/turtlesim/share/turtlesim/local_setup.dsv
[21.608s] -- Installing: /home/sebastianchu/code/ros2_tutorial/ros2_ws_tutorial/install/turtlesim/share/turtlesim/package.dsv
[21.608s] -- Installing: /home/sebastianchu/code/ros2_tutorial/ros2_ws_tutorial/install/turtlesim/share/ament_index/resource_index/packages/turtlesim
[21.608s] -- Installing: /home/sebastianchu/code/ros2_tutorial/ros2_ws_tutorial/install/turtlesim/share/turtlesim/cmake/export_turtlesim__rosidl_generator_cExport.cmake
[21.608s] -- Installing: /home/sebastianchu/code/ros2_tutorial/ros2_ws_tutorial/install/turtlesim/share/turtlesim/cmake/export_turtlesim__rosidl_generator_cExport-noconfig.cmake
[21.608s] -- Installing: /home/sebastianchu/code/ros2_tutorial/ros2_ws_tutorial/install/turtlesim/share/turtlesim/cmake/export_turtlesim__rosidl_typesupport_fastrtps_cExport.cmake
[21.608s] -- Installing: /home/sebastianchu/code/ros2_tutorial/ros2_ws_tutorial/install/turtlesim/share/turtlesim/cmake/export_turtlesim__rosidl_typesupport_fastrtps_cExport-noconfig.cmake
[21.609s] -- Installing: /home/sebastianchu/code/ros2_tutorial/ros2_ws_tutorial/install/turtlesim/share/turtlesim/cmake/export_turtlesim__rosidl_generator_cppExport.cmake
[21.609s] -- Installing: /home/sebastianchu/code/ros2_tutorial/ros2_ws_tutorial/install/turtlesim/share/turtlesim/cmake/export_turtlesim__rosidl_typesupport_fastrtps_cppExport.cmake
[21.609s] -- Installing: /home/sebastianchu/code/ros2_tutorial/ros2_ws_tutorial/install/turtlesim/share/turtlesim/cmake/export_turtlesim__rosidl_typesupport_fastrtps_cppExport-noconfig.cmake
[21.609s] -- Installing: /home/sebastianchu/code/ros2_tutorial/ros2_ws_tutorial/install/turtlesim/share/turtlesim/cmake/turtlesim__rosidl_typesupport_introspection_cExport.cmake
[21.609s] -- Installing: /home/sebastianchu/code/ros2_tutorial/ros2_ws_tutorial/install/turtlesim/share/turtlesim/cmake/turtlesim__rosidl_typesupport_introspection_cExport-noconfig.cmake
[21.609s] -- Installing: /home/sebastianchu/code/ros2_tutorial/ros2_ws_tutorial/install/turtlesim/share/turtlesim/cmake/turtlesim__rosidl_typesupport_cExport.cmake
[21.609s] -- Installing: /home/sebastianchu/code/ros2_tutorial/ros2_ws_tutorial/install/turtlesim/share/turtlesim/cmake/turtlesim__rosidl_typesupport_cExport-noconfig.cmake
[21.609s] -- Installing: /home/sebastianchu/code/ros2_tutorial/ros2_ws_tutorial/install/turtlesim/share/turtlesim/cmake/turtlesim__rosidl_typesupport_introspection_cppExport.cmake
[21.609s] -- Installing: /home/sebastianchu/code/ros2_tutorial/ros2_ws_tutorial/install/turtlesim/share/turtlesim/cmake/turtlesim__rosidl_typesupport_introspection_cppExport-noconfig.cmake
[21.609s] -- Installing: /home/sebastianchu/code/ros2_tutorial/ros2_ws_tutorial/install/turtlesim/share/turtlesim/cmake/turtlesim__rosidl_typesupport_cppExport.cmake
[21.609s] -- Installing: /home/sebastianchu/code/ros2_tutorial/ros2_ws_tutorial/install/turtlesim/share/turtlesim/cmake/turtlesim__rosidl_typesupport_cppExport-noconfig.cmake
[21.609s] -- Installing: /home/sebastianchu/code/ros2_tutorial/ros2_ws_tutorial/install/turtlesim/share/turtlesim/cmake/export_turtlesim__rosidl_generator_pyExport.cmake
[21.609s] -- Installing: /home/sebastianchu/code/ros2_tutorial/ros2_ws_tutorial/install/turtlesim/share/turtlesim/cmake/export_turtlesim__rosidl_generator_pyExport-noconfig.cmake
[21.610s] -- Installing: /home/sebastianchu/code/ros2_tutorial/ros2_ws_tutorial/install/turtlesim/share/turtlesim/cmake/rosidl_cmake-extras.cmake
[21.610s] -- Installing: /home/sebastianchu/code/ros2_tutorial/ros2_ws_tutorial/install/turtlesim/share/turtlesim/cmake/ament_cmake_export_dependencies-extras.cmake
[21.610s] -- Installing: /home/sebastianchu/code/ros2_tutorial/ros2_ws_tutorial/install/turtlesim/share/turtlesim/cmake/ament_cmake_export_include_directories-extras.cmake
[21.610s] -- Installing: /home/sebastianchu/code/ros2_tutorial/ros2_ws_tutorial/install/turtlesim/share/turtlesim/cmake/ament_cmake_export_libraries-extras.cmake
[21.610s] -- Installing: /home/sebastianchu/code/ros2_tutorial/ros2_ws_tutorial/install/turtlesim/share/turtlesim/cmake/ament_cmake_export_targets-extras.cmake
[21.610s] -- Installing: /home/sebastianchu/code/ros2_tutorial/ros2_ws_tutorial/install/turtlesim/share/turtlesim/cmake/rosidl_cmake_export_typesupport_targets-extras.cmake
[21.610s] -- Installing: /home/sebastianchu/code/ros2_tutorial/ros2_ws_tutorial/install/turtlesim/share/turtlesim/cmake/rosidl_cmake_export_typesupport_libraries-extras.cmake
[21.610s] -- Installing: /home/sebastianchu/code/ros2_tutorial/ros2_ws_tutorial/install/turtlesim/share/turtlesim/cmake/turtlesimConfig.cmake
[21.610s] -- Installing: /home/sebastianchu/code/ros2_tutorial/ros2_ws_tutorial/install/turtlesim/share/turtlesim/cmake/turtlesimConfig-version.cmake
[21.610s] -- Installing: /home/sebastianchu/code/ros2_tutorial/ros2_ws_tutorial/install/turtlesim/share/turtlesim/package.xml
[21.612s] Invoked command in '/home/sebastianchu/code/ros2_tutorial/ros2_ws_tutorial/build/turtlesim' returned '0': CMAKE_PREFIX_PATH=${CMAKE_PREFIX_PATH}:/home/sebastianchu/ros2_ws/install/serial_comm:/home/sebastianchu/ros2_ws/install/send_target_joint_degrees:/home/sebastianchu/ros2_ws/install/karura_arm_description:/opt/ros/humble /usr/bin/cmake --install /home/sebastianchu/code/ros2_tutorial/ros2_ws_tutorial/build/turtlesim
