[0.014s] Invoking command in '/home/sebastianchu/code/ros2_tutorial/ros2_ws_tutorials/build/articubot_one': CMAKE_PREFIX_PATH=${CMAKE_PREFIX_PATH}:/home/sebastianchu/ros2_ws/install/serial_comm:/home/sebastianchu/ros2_ws/install/send_target_joint_degrees:/home/sebastianchu/ros2_ws/install/karura_arm_description:/opt/ros/humble /usr/bin/cmake --build /home/sebastianchu/code/ros2_tutorial/ros2_ws_tutorials/build/articubot_one -- -j8 -l8
[0.038s] -- Found ament_cmake: 1.3.11 (/opt/ros/humble/share/ament_cmake/cmake)
[0.199s] -- Override CMake install command with custom implementation using symlinks instead of copying resources
[0.207s] -- Found ament_lint_auto: 0.12.11 (/opt/ros/humble/share/ament_lint_auto/cmake)
[0.301s] -- Added test 'copyright' to check source files copyright and LICENSE
[0.303s] -- Added test 'flake8' to check Python code syntax and style conventions
[0.303s] -- Added test 'lint_cmake' to check CMake code style
[0.304s] -- Added test 'pep257' to check Python code against some of the docstring style conventions in PEP 257
[0.305s] -- Added test 'xmllint' to check XML markup files
[0.306s] -- Configuring done
[0.311s] -- Generating done
[0.313s] -- Build files have been written to: /home/sebastianchu/code/ros2_tutorial/ros2_ws_tutorials/build/articubot_one
[0.340s] Invoked command in '/home/sebastianchu/code/ros2_tutorial/ros2_ws_tutorials/build/articubot_one' returned '0': CMAKE_PREFIX_PATH=${CMAKE_PREFIX_PATH}:/home/sebastianchu/ros2_ws/install/serial_comm:/home/sebastianchu/ros2_ws/install/send_target_joint_degrees:/home/sebastianchu/ros2_ws/install/karura_arm_description:/opt/ros/humble /usr/bin/cmake --build /home/sebastianchu/code/ros2_tutorial/ros2_ws_tutorials/build/articubot_one -- -j8 -l8
[0.351s] Invoking command in '/home/sebastianchu/code/ros2_tutorial/ros2_ws_tutorials/build/articubot_one': CMAKE_PREFIX_PATH=${CMAKE_PREFIX_PATH}:/home/sebastianchu/ros2_ws/install/serial_comm:/home/sebastianchu/ros2_ws/install/send_target_joint_degrees:/home/sebastianchu/ros2_ws/install/karura_arm_description:/opt/ros/humble /usr/bin/cmake --install /home/sebastianchu/code/ros2_tutorial/ros2_ws_tutorials/build/articubot_one
[0.360s] -- Install configuration: ""
[0.361s] -- Execute custom install script
[0.362s] -- Up-to-date symlink: /home/sebastianchu/code/ros2_tutorial/ros2_ws_tutorials/install/articubot_one/share/articubot_one/config/empty.yaml
[0.362s] -- Up-to-date symlink: /home/sebastianchu/code/ros2_tutorial/ros2_ws_tutorials/install/articubot_one/share/articubot_one/config/view_bot.rviz
[0.362s] -- Up-to-date symlink: /home/sebastianchu/code/ros2_tutorial/ros2_ws_tutorials/install/articubot_one/share/articubot_one/description/inertial_macros.xacro
[0.362s] -- Up-to-date symlink: /home/sebastianchu/code/ros2_tutorial/ros2_ws_tutorials/install/articubot_one/share/articubot_one/description/robot.urdf.xacro
[0.362s] -- Up-to-date symlink: /home/sebastianchu/code/ros2_tutorial/ros2_ws_tutorials/install/articubot_one/share/articubot_one/description/robot_core.xacro
[0.363s] -- Up-to-date symlink: /home/sebastianchu/code/ros2_tutorial/ros2_ws_tutorials/install/articubot_one/share/articubot_one/launch/rsp.launch.py
[0.363s] -- Up-to-date symlink: /home/sebastianchu/code/ros2_tutorial/ros2_ws_tutorials/install/articubot_one/share/articubot_one/worlds/empty.world
[0.363s] -- Up-to-date symlink: /home/sebastianchu/code/ros2_tutorial/ros2_ws_tutorials/install/articubot_one/share/ament_index/resource_index/package_run_dependencies/articubot_one
[0.363s] -- Up-to-date symlink: /home/sebastianchu/code/ros2_tutorial/ros2_ws_tutorials/install/articubot_one/share/ament_index/resource_index/parent_prefix_path/articubot_one
[0.364s] -- Up-to-date symlink: /home/sebastianchu/code/ros2_tutorial/ros2_ws_tutorials/install/articubot_one/share/articubot_one/environment/ament_prefix_path.sh
[0.364s] -- Up-to-date symlink: /home/sebastianchu/code/ros2_tutorial/ros2_ws_tutorials/install/articubot_one/share/articubot_one/environment/ament_prefix_path.dsv
[0.364s] -- Up-to-date symlink: /home/sebastianchu/code/ros2_tutorial/ros2_ws_tutorials/install/articubot_one/share/articubot_one/environment/path.sh
[0.364s] -- Up-to-date symlink: /home/sebastianchu/code/ros2_tutorial/ros2_ws_tutorials/install/articubot_one/share/articubot_one/environment/path.dsv
[0.364s] -- Up-to-date symlink: /home/sebastianchu/code/ros2_tutorial/ros2_ws_tutorials/install/articubot_one/share/articubot_one/local_setup.bash
[0.365s] -- Up-to-date symlink: /home/sebastianchu/code/ros2_tutorial/ros2_ws_tutorials/install/articubot_one/share/articubot_one/local_setup.sh
[0.365s] -- Up-to-date symlink: /home/sebastianchu/code/ros2_tutorial/ros2_ws_tutorials/install/articubot_one/share/articubot_one/local_setup.zsh
[0.365s] -- Up-to-date symlink: /home/sebastianchu/code/ros2_tutorial/ros2_ws_tutorials/install/articubot_one/share/articubot_one/local_setup.dsv
[0.365s] -- Symlinking: /home/sebastianchu/code/ros2_tutorial/ros2_ws_tutorials/install/articubot_one/share/articubot_one/package.dsv
[0.377s] -- Up-to-date symlink: /home/sebastianchu/code/ros2_tutorial/ros2_ws_tutorials/install/articubot_one/share/ament_index/resource_index/packages/articubot_one
[0.377s] -- Up-to-date symlink: /home/sebastianchu/code/ros2_tutorial/ros2_ws_tutorials/install/articubot_one/share/articubot_one/cmake/articubot_oneConfig.cmake
[0.377s] -- Up-to-date symlink: /home/sebastianchu/code/ros2_tutorial/ros2_ws_tutorials/install/articubot_one/share/articubot_one/cmake/articubot_oneConfig-version.cmake
[0.377s] -- Up-to-date symlink: /home/sebastianchu/code/ros2_tutorial/ros2_ws_tutorials/install/articubot_one/share/articubot_one/package.xml
[0.379s] Invoked command in '/home/sebastianchu/code/ros2_tutorial/ros2_ws_tutorials/build/articubot_one' returned '0': CMAKE_PREFIX_PATH=${CMAKE_PREFIX_PATH}:/home/sebastianchu/ros2_ws/install/serial_comm:/home/sebastianchu/ros2_ws/install/send_target_joint_degrees:/home/sebastianchu/ros2_ws/install/karura_arm_description:/opt/ros/humble /usr/bin/cmake --install /home/sebastianchu/code/ros2_tutorial/ros2_ws_tutorials/build/articubot_one
