[0.032s] Invoking command in '/home/sebastianchu/code/ros2_tutorial/ros2_ws_tutorial/build/tutorial_interfaces': CMAKE_PREFIX_PATH=${CMAKE_PREFIX_PATH}:/home/sebastianchu/code/ros2_tutorial/ros2_ws_tutorial/install/py_srvcli:/home/sebastianchu/code/ros2_tutorial/ros2_ws_tutorial/install/py_pubsub:/home/sebastianchu/ros2_ws/install/serial_comm:/home/sebastianchu/ros2_ws/install/send_target_joint_degrees:/home/sebastianchu/ros2_ws/install/karura_arm_description:/opt/ros/humble /usr/bin/cmake /home/sebastianchu/code/ros2_tutorial/ros2_ws_tutorial/src/tutorial_interfaces -DAMENT_CMAKE_SYMLINK_INSTALL=1 -DCMAKE_INSTALL_PREFIX=/home/sebastianchu/code/ros2_tutorial/ros2_ws_tutorial/install/tutorial_interfaces
[0.592s] -- Found ament_cmake: 1.3.11 (/opt/ros/humble/share/ament_cmake/cmake)
[0.593s] -- Override CMake install command with custom implementation using symlinks instead of copying resources
[0.593s] -- Found geometry_msgs: 4.2.4 (/opt/ros/humble/share/geometry_msgs/cmake)
[0.593s] -- Found rosidl_generator_c: 3.1.6 (/opt/ros/humble/share/rosidl_generator_c/cmake)
[0.594s] -- Found rosidl_adapter: 3.1.6 (/opt/ros/humble/share/rosidl_adapter/cmake)
[0.594s] -- Found rosidl_generator_cpp: 3.1.6 (/opt/ros/humble/share/rosidl_generator_cpp/cmake)
[0.594s] -- Using all available rosidl_typesupport_c: rosidl_typesupport_fastrtps_c;rosidl_typesupport_introspection_c
[0.594s] -- Using all available rosidl_typesupport_cpp: rosidl_typesupport_fastrtps_cpp;rosidl_typesupport_introspection_cpp
[0.594s] -- Found rosidl_default_generators: 1.2.0 (/opt/ros/humble/share/rosidl_default_generators/cmake)
[0.594s] -- Found ament_lint_auto: 0.12.11 (/opt/ros/humble/share/ament_lint_auto/cmake)
[0.594s] -- Found ament_cmake_ros: 0.10.0 (/opt/ros/humble/share/ament_cmake_ros/cmake)
[1.155s] -- Using all available rosidl_typesupport_c: rosidl_typesupport_fastrtps_c;rosidl_typesupport_introspection_c
[1.315s] -- Using all available rosidl_typesupport_cpp: rosidl_typesupport_fastrtps_cpp;rosidl_typesupport_introspection_cpp
[1.336s] -- Found python_cmake_module: 0.10.0 (/opt/ros/humble/share/python_cmake_module/cmake)
[1.365s] -- Using PYTHON_EXECUTABLE: /usr/bin/python3
[1.365s] -- Using PYTHON_INCLUDE_DIRS: /usr/include/python3.10
[1.365s] -- Using PYTHON_LIBRARIES: /usr/lib/x86_64-linux-gnu/libpython3.10.so
[1.431s] -- Added test 'lint_cmake' to check CMake code style
[1.433s] -- Added test 'xmllint' to check XML markup files
[1.440s] -- Configuring done
[1.496s] -- Generating done
[1.512s] -- Build files have been written to: /home/sebastianchu/code/ros2_tutorial/ros2_ws_tutorial/build/tutorial_interfaces
[1.523s] Invoked command in '/home/sebastianchu/code/ros2_tutorial/ros2_ws_tutorial/build/tutorial_interfaces' returned '0': CMAKE_PREFIX_PATH=${CMAKE_PREFIX_PATH}:/home/sebastianchu/code/ros2_tutorial/ros2_ws_tutorial/install/py_srvcli:/home/sebastianchu/code/ros2_tutorial/ros2_ws_tutorial/install/py_pubsub:/home/sebastianchu/ros2_ws/install/serial_comm:/home/sebastianchu/ros2_ws/install/send_target_joint_degrees:/home/sebastianchu/ros2_ws/install/karura_arm_description:/opt/ros/humble /usr/bin/cmake /home/sebastianchu/code/ros2_tutorial/ros2_ws_tutorial/src/tutorial_interfaces -DAMENT_CMAKE_SYMLINK_INSTALL=1 -DCMAKE_INSTALL_PREFIX=/home/sebastianchu/code/ros2_tutorial/ros2_ws_tutorial/install/tutorial_interfaces
[1.525s] Invoking command in '/home/sebastianchu/code/ros2_tutorial/ros2_ws_tutorial/build/tutorial_interfaces': CMAKE_PREFIX_PATH=${CMAKE_PREFIX_PATH}:/home/sebastianchu/code/ros2_tutorial/ros2_ws_tutorial/install/py_srvcli:/home/sebastianchu/code/ros2_tutorial/ros2_ws_tutorial/install/py_pubsub:/home/sebastianchu/ros2_ws/install/serial_comm:/home/sebastianchu/ros2_ws/install/send_target_joint_degrees:/home/sebastianchu/ros2_ws/install/karura_arm_description:/opt/ros/humble /usr/bin/cmake --build /home/sebastianchu/code/ros2_tutorial/ros2_ws_tutorial/build/tutorial_interfaces -- -j8 -l8
[1.560s] [35m[1mConsolidate compiler generated dependencies of target tutorial_interfaces__rosidl_generator_c[0m
[1.567s] failed to create symbolic link '/home/sebastianchu/code/ros2_tutorial/ros2_ws_tutorial/build/tutorial_interfaces/ament_cmake_python/tutorial_interfaces/tutorial_interfaces' because existing path cannot be removed: Is a directory
[1.567s] [  2%] Built target tutorial_interfaces__cpp
[1.567s] gmake[2]: *** [CMakeFiles/ament_cmake_python_symlink_tutorial_interfaces.dir/build.make:70: CMakeFiles/ament_cmake_python_symlink_tutorial_interfaces] Error 1
[1.567s] gmake[1]: *** [CMakeFiles/Makefile2:421: CMakeFiles/ament_cmake_python_symlink_tutorial_interfaces.dir/all] Error 2
[1.568s] gmake[1]: *** Waiting for unfinished jobs....
[1.571s] [ 12%] Built target tutorial_interfaces__rosidl_generator_c
[1.572s] gmake: *** [Makefile:146: all] Error 2
[1.575s] Invoked command in '/home/sebastianchu/code/ros2_tutorial/ros2_ws_tutorial/build/tutorial_interfaces' returned '2': CMAKE_PREFIX_PATH=${CMAKE_PREFIX_PATH}:/home/sebastianchu/code/ros2_tutorial/ros2_ws_tutorial/install/py_srvcli:/home/sebastianchu/code/ros2_tutorial/ros2_ws_tutorial/install/py_pubsub:/home/sebastianchu/ros2_ws/install/serial_comm:/home/sebastianchu/ros2_ws/install/send_target_joint_degrees:/home/sebastianchu/ros2_ws/install/karura_arm_description:/opt/ros/humble /usr/bin/cmake --build /home/sebastianchu/code/ros2_tutorial/ros2_ws_tutorial/build/tutorial_interfaces -- -j8 -l8
