[0.558s] Invoking command in '/home/sebastianchu/code/ros2_tutorial/ros2_ws_tutorial/src/py_pubsub': PYTHONPATH=/home/sebastianchu/code/ros2_tutorial/ros2_ws_tutorial/build/py_pubsub/prefix_override:/usr/lib/python3/dist-packages/colcon_core/task/python/colcon_distutils_commands:/home/sebastianchu/code/ros2_tutorial/ros2_ws_tutorial/install/py_pubsub/lib/python3.10/site-packages:${PYTHONPATH} /usr/bin/python3 -W ignore:setup.py install is deprecated -W ignore:easy_install command is deprecated setup.py egg_info --egg-base ../../build/py_pubsub build --build-base /home/sebastianchu/code/ros2_tutorial/ros2_ws_tutorial/build/py_pubsub/build install --record /home/sebastianchu/code/ros2_tutorial/ros2_ws_tutorial/build/py_pubsub/install.log --single-version-externally-managed install_data
[0.728s] running egg_info
[0.729s] creating ../../build/py_pubsub/py_pubsub.egg-info
[0.729s] writing ../../build/py_pubsub/py_pubsub.egg-info/PKG-INFO
[0.729s] writing dependency_links to ../../build/py_pubsub/py_pubsub.egg-info/dependency_links.txt
[0.729s] writing entry points to ../../build/py_pubsub/py_pubsub.egg-info/entry_points.txt
[0.729s] writing requirements to ../../build/py_pubsub/py_pubsub.egg-info/requires.txt
[0.729s] writing top-level names to ../../build/py_pubsub/py_pubsub.egg-info/top_level.txt
[0.729s] writing manifest file '../../build/py_pubsub/py_pubsub.egg-info/SOURCES.txt'
[0.731s] reading manifest file '../../build/py_pubsub/py_pubsub.egg-info/SOURCES.txt'
[0.731s] adding license file 'LICENSE'
[0.731s] writing manifest file '../../build/py_pubsub/py_pubsub.egg-info/SOURCES.txt'
[0.731s] running build
[0.732s] running build_py
[0.732s] creating /home/sebastianchu/code/ros2_tutorial/ros2_ws_tutorial/build/py_pubsub/build
[0.732s] creating /home/sebastianchu/code/ros2_tutorial/ros2_ws_tutorial/build/py_pubsub/build/lib
[0.732s] creating /home/sebastianchu/code/ros2_tutorial/ros2_ws_tutorial/build/py_pubsub/build/lib/py_pubsub
[0.732s] copying py_pubsub/__init__.py -> /home/sebastianchu/code/ros2_tutorial/ros2_ws_tutorial/build/py_pubsub/build/lib/py_pubsub
[0.732s] copying py_pubsub/publisher_member_function.py -> /home/sebastianchu/code/ros2_tutorial/ros2_ws_tutorial/build/py_pubsub/build/lib/py_pubsub
[0.732s] copying py_pubsub/subscriber_member_function.py -> /home/sebastianchu/code/ros2_tutorial/ros2_ws_tutorial/build/py_pubsub/build/lib/py_pubsub
[0.732s] running install
[0.732s] running install_lib
[0.733s] creating /home/sebastianchu/code/ros2_tutorial/ros2_ws_tutorial/install/py_pubsub/lib/python3.10/site-packages/py_pubsub
[0.733s] copying /home/sebastianchu/code/ros2_tutorial/ros2_ws_tutorial/build/py_pubsub/build/lib/py_pubsub/__init__.py -> /home/sebastianchu/code/ros2_tutorial/ros2_ws_tutorial/install/py_pubsub/lib/python3.10/site-packages/py_pubsub
[0.733s] copying /home/sebastianchu/code/ros2_tutorial/ros2_ws_tutorial/build/py_pubsub/build/lib/py_pubsub/publisher_member_function.py -> /home/sebastianchu/code/ros2_tutorial/ros2_ws_tutorial/install/py_pubsub/lib/python3.10/site-packages/py_pubsub
[0.733s] copying /home/sebastianchu/code/ros2_tutorial/ros2_ws_tutorial/build/py_pubsub/build/lib/py_pubsub/subscriber_member_function.py -> /home/sebastianchu/code/ros2_tutorial/ros2_ws_tutorial/install/py_pubsub/lib/python3.10/site-packages/py_pubsub
[0.733s] byte-compiling /home/sebastianchu/code/ros2_tutorial/ros2_ws_tutorial/install/py_pubsub/lib/python3.10/site-packages/py_pubsub/__init__.py to __init__.cpython-310.pyc
[0.733s] byte-compiling /home/sebastianchu/code/ros2_tutorial/ros2_ws_tutorial/install/py_pubsub/lib/python3.10/site-packages/py_pubsub/publisher_member_function.py to publisher_member_function.cpython-310.pyc
[0.734s] byte-compiling /home/sebastianchu/code/ros2_tutorial/ros2_ws_tutorial/install/py_pubsub/lib/python3.10/site-packages/py_pubsub/subscriber_member_function.py to subscriber_member_function.cpython-310.pyc
[0.734s] running install_data
[0.734s] creating /home/sebastianchu/code/ros2_tutorial/ros2_ws_tutorial/install/py_pubsub/share/ament_index
[0.734s] creating /home/sebastianchu/code/ros2_tutorial/ros2_ws_tutorial/install/py_pubsub/share/ament_index/resource_index
[0.734s] creating /home/sebastianchu/code/ros2_tutorial/ros2_ws_tutorial/install/py_pubsub/share/ament_index/resource_index/packages
[0.734s] copying resource/py_pubsub -> /home/sebastianchu/code/ros2_tutorial/ros2_ws_tutorial/install/py_pubsub/share/ament_index/resource_index/packages
[0.734s] copying package.xml -> /home/sebastianchu/code/ros2_tutorial/ros2_ws_tutorial/install/py_pubsub/share/py_pubsub
[0.734s] running install_egg_info
[0.735s] Copying ../../build/py_pubsub/py_pubsub.egg-info to /home/sebastianchu/code/ros2_tutorial/ros2_ws_tutorial/install/py_pubsub/lib/python3.10/site-packages/py_pubsub-0.0.0-py3.10.egg-info
[0.736s] running install_scripts
[0.750s] Installing listener script to /home/sebastianchu/code/ros2_tutorial/ros2_ws_tutorial/install/py_pubsub/lib/py_pubsub
[0.750s] Installing talker script to /home/sebastianchu/code/ros2_tutorial/ros2_ws_tutorial/install/py_pubsub/lib/py_pubsub
[0.750s] writing list of installed files to '/home/sebastianchu/code/ros2_tutorial/ros2_ws_tutorial/build/py_pubsub/install.log'
[0.770s] Invoked command in '/home/sebastianchu/code/ros2_tutorial/ros2_ws_tutorial/src/py_pubsub' returned '0': PYTHONPATH=/home/sebastianchu/code/ros2_tutorial/ros2_ws_tutorial/build/py_pubsub/prefix_override:/usr/lib/python3/dist-packages/colcon_core/task/python/colcon_distutils_commands:/home/sebastianchu/code/ros2_tutorial/ros2_ws_tutorial/install/py_pubsub/lib/python3.10/site-packages:${PYTHONPATH} /usr/bin/python3 -W ignore:setup.py install is deprecated -W ignore:easy_install command is deprecated setup.py egg_info --egg-base ../../build/py_pubsub build --build-base /home/sebastianchu/code/ros2_tutorial/ros2_ws_tutorial/build/py_pubsub/build install --record /home/sebastianchu/code/ros2_tutorial/ros2_ws_tutorial/build/py_pubsub/install.log --single-version-externally-managed install_data
